<?xml version="1.0" encoding="UTF-8"?>
<testsuite name="db.ADHandlerTest" time="0" tests="1" errors="0" skipped="1" failures="0">
  <properties>
    <property name="java.runtime.name" value="Java(TM) SE Runtime Environment"/>
    <property name="java.vm.version" value="9.0.4+11"/>
    <property name="sun.boot.library.path" value="C:\Program Files\Java\jdk-9.0.4\bin"/>
    <property name="maven.multiModuleProjectDirectory" value="C:\Users\samik\git\EquipmentManager"/>
    <property name="java.vm.vendor" value="Oracle Corporation"/>
    <property name="java.vendor.url" value="http://java.oracle.com/"/>
    <property name="guice.disable.misplaced.annotation.check" value="true"/>
    <property name="path.separator" value=";"/>
    <property name="java.vm.name" value="Java HotSpot(TM) 64-Bit Server VM"/>
    <property name="file.encoding.pkg" value="sun.io"/>
    <property name="sun.os.patch.level" value=""/>
    <property name="user.script" value=""/>
    <property name="user.country" value="FI"/>
    <property name="sun.java.launcher" value="SUN_STANDARD"/>
    <property name="java.vm.specification.name" value="Java Virtual Machine Specification"/>
    <property name="user.dir" value="C:\Users\samik\git\EquipmentManager"/>
    <property name="java.vm.compressedOopsMode" value="Zero based"/>
    <property name="java.runtime.version" value="9.0.4+11"/>
    <property name="java.awt.graphicsenv" value="sun.awt.Win32GraphicsEnvironment"/>
    <property name="os.arch" value="amd64"/>
    <property name="java.io.tmpdir" value="C:\Users\samik\AppData\Local\Temp\"/>
    <property name="line.separator" value="&#10;"/>
    <property name="java.vm.specification.vendor" value="Oracle Corporation"/>
    <property name="user.variant" value=""/>
    <property name="os.name" value="Windows 10"/>
    <property name="classworlds.conf" value="C:\Users\samik\eclipse-workspace\.metadata\.plugins\org.eclipse.m2e.launching\launches\m2conf109316605360821821.tmp"/>
    <property name="sun.jnu.encoding" value="Cp1252"/>
    <property name="java.library.path" value="C:\Program Files\Java\jdk-9.0.4\bin;C:\WINDOWS\Sun\Java\bin;C:\WINDOWS\system32;C:\WINDOWS;C:/Program Files/Java/jre1.8.0_151/bin/server;C:/Program Files/Java/jre1.8.0_151/bin;C:/Program Files/Java/jre1.8.0_151/lib/amd64;C:\ProgramData\Oracle\Java\javapath;C:\Windows\system32;C:\Windows;C:\Windows\System32\Wbem;C:\Windows\System32\WindowsPowerShell\v1.0\;C:\Program Files\Git\cmd;C:\Program Files (x86)\Windows Kits\8.1\Windows Performance Toolkit\;C:\Program Files\Microsoft SQL Server\110\Tools\Binn\;C:\WINDOWS\system32;C:\WINDOWS;C:\WINDOWS\System32\Wbem;C:\WINDOWS\System32\WindowsPowerShell\v1.0\;C:\Program Files\nodejs\;C:\Android;C:\Users\samik\AppData\Local\Microsoft\WindowsApps;C:\Program Files (x86)\Nmap;C:\Program Files\Java\jdk1.8.0_112\bin;C:\Users\samik\AppData\Roaming\npm;C:\apache-maven-3.5.0\bin;C:\adb;C:\WINDOWS\system32;C:\WINDOWS;C:\WINDOWS\System32\Wbem;C:\WINDOWS\System32\WindowsPowerShell\v1.0\;C:\Program Files (x86)\NVIDIA Corporation\PhysX\Common;C:\Program Files\MySQL\MySQL Utilities 1.6\;C:\Users\samik\AppData\Local\Microsoft\WindowsApps;C:\Program Files (x86)\Nmap;C:\Program Files\Java\jdk1.8.0_112\bin;C:\Users\samik\AppData\Roaming\npm;C:\apache-maven-3.5.0\bin;;C:\WINDOWS\system32;;."/>
    <property name="jdk.debug" value="release"/>
    <property name="java.class.version" value="53.0"/>
    <property name="java.specification.name" value="Java Platform API Specification"/>
    <property name="sun.management.compiler" value="HotSpot 64-Bit Tiered Compilers"/>
    <property name="os.version" value="10.0"/>
    <property name="user.home" value="C:\Users\samik"/>
    <property name="user.timezone" value="Europe/Helsinki"/>
    <property name="java.awt.printerjob" value="sun.awt.windows.WPrinterJob"/>
    <property name="file.encoding" value="Cp1252"/>
    <property name="java.specification.version" value="9"/>
    <property name="user.name" value="S"/>
    <property name="java.class.path" value="C:\Users\samik\.p2\pool\plugins\org.eclipse.m2e.maven.runtime_1.8.2.20171007-0216\jars\plexus-classworlds-2.5.2.jar"/>
    <property name="java.vm.specification.version" value="9"/>
    <property name="sun.arch.data.model" value="64"/>
    <property name="sun.java.command" value="org.codehaus.plexus.classworlds.launcher.Launcher -B test"/>
    <property name="java.home" value="C:\Program Files\Java\jdk-9.0.4"/>
    <property name="user.language" value="fi"/>
    <property name="java.specification.vendor" value="Oracle Corporation"/>
    <property name="awt.toolkit" value="sun.awt.windows.WToolkit"/>
    <property name="java.vm.info" value="mixed mode"/>
    <property name="java.version" value="9.0.4"/>
    <property name="java.vendor" value="Oracle Corporation"/>
    <property name="maven.home" value="C:\Users\samik\git\EquipmentManager\EMBEDDED"/>
    <property name="file.separator" value="\"/>
    <property name="java.vendor.url.bug" value="http://bugreport.java.com/bugreport/"/>
    <property name="sun.io.unicode.encoding" value="UnicodeLittle"/>
    <property name="sun.cpu.endian" value="little"/>
    <property name="sun.desktop" value="windows"/>
    <property name="sun.cpu.isalist" value="amd64"/>
  </properties>
  <testcase name="db.ADHandlerTest" classname="db.ADHandlerTest" time="0">
    <skipped/>
    <system-out><![CDATA[12:43:42.387 [main] DEBUG org.hibernate.boot.registry.classloading.internal.ClassLoaderServiceImpl - Incoming config yielded no classloaders; adding standard SE ones
12:43:42.389 [main] DEBUG org.hibernate.jpa.HibernatePersistenceProvider - Located and parsed 1 persistence units; checking each
12:43:42.389 [main] DEBUG org.hibernate.jpa.HibernatePersistenceProvider - Checking persistence-unit [name=EquipmentManager, explicit-provider=org.hibernate.ejb.HibernatePersistence] against incoming persistence unit name [EquipmentManager]
12:43:42.389 [main] DEBUG org.hibernate.jpa.boot.spi.ProviderChecker - Persistence-unit [EquipmentManager] requested PersistenceProvider [org.hibernate.ejb.HibernatePersistence]
12:43:42.389 [main] DEBUG org.hibernate.jpa.internal.util.LogHelper - PersistenceUnitInfo [
	name: EquipmentManager
	persistence provider classname: org.hibernate.ejb.HibernatePersistence
	classloader: null
	excludeUnlistedClasses: false
	JTA datasource: null
	Non JTA datasource: null
	Transaction type: RESOURCE_LOCAL
	PU root URL: file:/C:/Users/samik/git/EquipmentManager/target/classes/
	Shared Cache Mode: null
	Validation Mode: null
	Jar files URLs []
	Managed classes names [
		model.Employee
		model.Equipment
		model.Equipmenttype
		model.Reservation]
	Mapping files names []
	Properties [
		javax.persistence.jdbc.driver: com.mysql.jdbc.Driver
		javax.persistence.jdbc.password: testpwd
		javax.persistence.jdbc.url: jdbc:mysql://localhost:3306/emanager_testdb
		javax.persistence.jdbc.user: testdbuser]
12:43:42.389 [main] DEBUG org.hibernate.integrator.internal.IntegratorServiceImpl - Adding Integrator [org.hibernate.cfg.beanvalidation.BeanValidationIntegrator].
12:43:42.389 [main] DEBUG org.hibernate.integrator.internal.IntegratorServiceImpl - Adding Integrator [org.hibernate.secure.spi.JaccIntegrator].
12:43:42.389 [main] DEBUG org.hibernate.integrator.internal.IntegratorServiceImpl - Adding Integrator [org.hibernate.cache.internal.CollectionCacheInvalidator].
12:43:42.389 [main] DEBUG org.hibernate.integrator.internal.IntegratorServiceImpl - Adding Integrator [org.hibernate.jpa.event.spi.JpaIntegrator].
12:43:42.390 [main] DEBUG org.hibernate.service.spi.ServiceBinding - Overriding existing service binding [org.hibernate.secure.spi.JaccService]
12:43:42.390 [main] DEBUG org.hibernate.cache.internal.RegionFactoryInitiator - Cache region factory : org.hibernate.cache.internal.NoCachingRegionFactory
12:43:42.394 [main] DEBUG org.hibernate.type.BasicTypeRegistry - Adding type registration boolean -> org.hibernate.type.BooleanType@6ce86ce1
12:43:42.394 [main] DEBUG org.hibernate.type.BasicTypeRegistry - Adding type registration boolean -> org.hibernate.type.BooleanType@6ce86ce1
12:43:42.394 [main] DEBUG org.hibernate.type.BasicTypeRegistry - Adding type registration java.lang.Boolean -> org.hibernate.type.BooleanType@6ce86ce1
12:43:42.394 [main] DEBUG org.hibernate.type.BasicTypeRegistry - Adding type registration numeric_boolean -> org.hibernate.type.NumericBooleanType@764faa6
12:43:42.394 [main] DEBUG org.hibernate.type.BasicTypeRegistry - Adding type registration true_false -> org.hibernate.type.TrueFalseType@2c07545f
12:43:42.394 [main] DEBUG org.hibernate.type.BasicTypeRegistry - Adding type registration yes_no -> org.hibernate.type.YesNoType@34c01041
12:43:42.394 [main] DEBUG org.hibernate.type.BasicTypeRegistry - Adding type registration byte -> org.hibernate.type.ByteType@29526c05
12:43:42.394 [main] DEBUG org.hibernate.type.BasicTypeRegistry - Adding type registration byte -> org.hibernate.type.ByteType@29526c05
12:43:42.394 [main] DEBUG org.hibernate.type.BasicTypeRegistry - Adding type registration java.lang.Byte -> org.hibernate.type.ByteType@29526c05
12:43:42.394 [main] DEBUG org.hibernate.type.BasicTypeRegistry - Adding type registration character -> org.hibernate.type.CharacterType@3f9342d4
12:43:42.394 [main] DEBUG org.hibernate.type.BasicTypeRegistry - Adding type registration char -> org.hibernate.type.CharacterType@3f9342d4
12:43:42.394 [main] DEBUG org.hibernate.type.BasicTypeRegistry - Adding type registration java.lang.Character -> org.hibernate.type.CharacterType@3f9342d4
12:43:42.395 [main] DEBUG org.hibernate.type.BasicTypeRegistry - Adding type registration short -> org.hibernate.type.ShortType@49964d75
12:43:42.395 [main] DEBUG org.hibernate.type.BasicTypeRegistry - Adding type registration short -> org.hibernate.type.ShortType@49964d75
12:43:42.395 [main] DEBUG org.hibernate.type.BasicTypeRegistry - Adding type registration java.lang.Short -> org.hibernate.type.ShortType@49964d75
12:43:42.395 [main] DEBUG org.hibernate.type.BasicTypeRegistry - Adding type registration integer -> org.hibernate.type.IntegerType@2b76ff4e
12:43:42.395 [main] DEBUG org.hibernate.type.BasicTypeRegistry - Adding type registration int -> org.hibernate.type.IntegerType@2b76ff4e
12:43:42.395 [main] DEBUG org.hibernate.type.BasicTypeRegistry - Adding type registration java.lang.Integer -> org.hibernate.type.IntegerType@2b76ff4e
12:43:42.395 [main] DEBUG org.hibernate.type.BasicTypeRegistry - Adding type registration long -> org.hibernate.type.LongType@539d019
12:43:42.395 [main] DEBUG org.hibernate.type.BasicTypeRegistry - Adding type registration long -> org.hibernate.type.LongType@539d019
12:43:42.395 [main] DEBUG org.hibernate.type.BasicTypeRegistry - Adding type registration java.lang.Long -> org.hibernate.type.LongType@539d019
12:43:42.395 [main] DEBUG org.hibernate.type.BasicTypeRegistry - Adding type registration float -> org.hibernate.type.FloatType@3c7c886c
12:43:42.395 [main] DEBUG org.hibernate.type.BasicTypeRegistry - Adding type registration float -> org.hibernate.type.FloatType@3c7c886c
12:43:42.395 [main] DEBUG org.hibernate.type.BasicTypeRegistry - Adding type registration java.lang.Float -> org.hibernate.type.FloatType@3c7c886c
12:43:42.395 [main] DEBUG org.hibernate.type.BasicTypeRegistry - Adding type registration double -> org.hibernate.type.DoubleType@53941c2f
12:43:42.395 [main] DEBUG org.hibernate.type.BasicTypeRegistry - Adding type registration double -> org.hibernate.type.DoubleType@53941c2f
12:43:42.395 [main] DEBUG org.hibernate.type.BasicTypeRegistry - Adding type registration java.lang.Double -> org.hibernate.type.DoubleType@53941c2f
12:43:42.395 [main] DEBUG org.hibernate.type.BasicTypeRegistry - Adding type registration big_decimal -> org.hibernate.type.BigDecimalType@1c481ff2
12:43:42.395 [main] DEBUG org.hibernate.type.BasicTypeRegistry - Adding type registration java.math.BigDecimal -> org.hibernate.type.BigDecimalType@1c481ff2
12:43:42.395 [main] DEBUG org.hibernate.type.BasicTypeRegistry - Adding type registration big_integer -> org.hibernate.type.BigIntegerType@32a68f4f
12:43:42.395 [main] DEBUG org.hibernate.type.BasicTypeRegistry - Adding type registration java.math.BigInteger -> org.hibernate.type.BigIntegerType@32a68f4f
12:43:42.395 [main] DEBUG org.hibernate.type.BasicTypeRegistry - Adding type registration string -> org.hibernate.type.StringType@12f9af83
12:43:42.395 [main] DEBUG org.hibernate.type.BasicTypeRegistry - Adding type registration java.lang.String -> org.hibernate.type.StringType@12f9af83
12:43:42.395 [main] DEBUG org.hibernate.type.BasicTypeRegistry - Adding type registration nstring -> org.hibernate.type.StringNVarcharType@ee86bcb
12:43:42.395 [main] DEBUG org.hibernate.type.BasicTypeRegistry - Adding type registration ncharacter -> org.hibernate.type.CharacterNCharType@30af5b6b
12:43:42.395 [main] DEBUG org.hibernate.type.BasicTypeRegistry - Adding type registration url -> org.hibernate.type.UrlType@4f9a2c08
12:43:42.395 [main] DEBUG org.hibernate.type.BasicTypeRegistry - Adding type registration java.net.URL -> org.hibernate.type.UrlType@4f9a2c08
12:43:42.395 [main] DEBUG org.hibernate.type.BasicTypeRegistry - Adding type registration date -> org.hibernate.type.DateType@4b6e2263
12:43:42.395 [main] DEBUG org.hibernate.type.BasicTypeRegistry - Adding type registration java.sql.Date -> org.hibernate.type.DateType@4b6e2263
12:43:42.395 [main] DEBUG org.hibernate.type.BasicTypeRegistry - Adding type registration time -> org.hibernate.type.TimeType@24111ef1
12:43:42.395 [main] DEBUG org.hibernate.type.BasicTypeRegistry - Adding type registration java.sql.Time -> org.hibernate.type.TimeType@24111ef1
12:43:42.395 [main] DEBUG org.hibernate.type.BasicTypeRegistry - Adding type registration timestamp -> org.hibernate.type.TimestampType@561868a0
12:43:42.395 [main] DEBUG org.hibernate.type.BasicTypeRegistry - Adding type registration java.sql.Timestamp -> org.hibernate.type.TimestampType@561868a0
12:43:42.395 [main] DEBUG org.hibernate.type.BasicTypeRegistry - Adding type registration java.util.Date -> org.hibernate.type.TimestampType@561868a0
12:43:42.395 [main] DEBUG org.hibernate.type.BasicTypeRegistry - Adding type registration dbtimestamp -> org.hibernate.type.DbTimestampType@388526fb
12:43:42.395 [main] DEBUG org.hibernate.type.BasicTypeRegistry - Adding type registration calendar -> org.hibernate.type.CalendarType@6f3c660a
12:43:42.395 [main] DEBUG org.hibernate.type.BasicTypeRegistry - Adding type registration java.util.Calendar -> org.hibernate.type.CalendarType@6f3c660a
12:43:42.395 [main] DEBUG org.hibernate.type.BasicTypeRegistry - Adding type registration java.util.GregorianCalendar -> org.hibernate.type.CalendarType@6f3c660a
12:43:42.395 [main] DEBUG org.hibernate.type.BasicTypeRegistry - Adding type registration calendar_date -> org.hibernate.type.CalendarDateType@40238dd0
12:43:42.395 [main] DEBUG org.hibernate.type.BasicTypeRegistry - Adding type registration locale -> org.hibernate.type.LocaleType@4eb386df
12:43:42.395 [main] DEBUG org.hibernate.type.BasicTypeRegistry - Adding type registration java.util.Locale -> org.hibernate.type.LocaleType@4eb386df
12:43:42.395 [main] DEBUG org.hibernate.type.BasicTypeRegistry - Adding type registration currency -> org.hibernate.type.CurrencyType@403f0a22
12:43:42.395 [main] DEBUG org.hibernate.type.BasicTypeRegistry - Adding type registration java.util.Currency -> org.hibernate.type.CurrencyType@403f0a22
12:43:42.395 [main] DEBUG org.hibernate.type.BasicTypeRegistry - Adding type registration timezone -> org.hibernate.type.TimeZoneType@71c27ee8
12:43:42.395 [main] DEBUG org.hibernate.type.BasicTypeRegistry - Adding type registration java.util.TimeZone -> org.hibernate.type.TimeZoneType@71c27ee8
12:43:42.395 [main] DEBUG org.hibernate.type.BasicTypeRegistry - Adding type registration class -> org.hibernate.type.ClassType@4f25b795
12:43:42.395 [main] DEBUG org.hibernate.type.BasicTypeRegistry - Adding type registration java.lang.Class -> org.hibernate.type.ClassType@4f25b795
12:43:42.395 [main] DEBUG org.hibernate.type.BasicTypeRegistry - Adding type registration uuid-binary -> org.hibernate.type.UUIDBinaryType@4748a0f9
12:43:42.395 [main] DEBUG org.hibernate.type.BasicTypeRegistry - Adding type registration java.util.UUID -> org.hibernate.type.UUIDBinaryType@4748a0f9
12:43:42.395 [main] DEBUG org.hibernate.type.BasicTypeRegistry - Adding type registration uuid-char -> org.hibernate.type.UUIDCharType@18a136ac
12:43:42.395 [main] DEBUG org.hibernate.type.BasicTypeRegistry - Adding type registration binary -> org.hibernate.type.BinaryType@66ac5762
12:43:42.395 [main] DEBUG org.hibernate.type.BasicTypeRegistry - Adding type registration byte[] -> org.hibernate.type.BinaryType@66ac5762
12:43:42.395 [main] DEBUG org.hibernate.type.BasicTypeRegistry - Adding type registration [B -> org.hibernate.type.BinaryType@66ac5762
12:43:42.395 [main] DEBUG org.hibernate.type.BasicTypeRegistry - Adding type registration wrapper-binary -> org.hibernate.type.WrapperBinaryType@3a12c404
12:43:42.395 [main] DEBUG org.hibernate.type.BasicTypeRegistry - Adding type registration Byte[] -> org.hibernate.type.WrapperBinaryType@3a12c404
12:43:42.395 [main] DEBUG org.hibernate.type.BasicTypeRegistry - Adding type registration [Ljava.lang.Byte; -> org.hibernate.type.WrapperBinaryType@3a12c404
12:43:42.395 [main] DEBUG org.hibernate.type.BasicTypeRegistry - Adding type registration row_version -> org.hibernate.type.RowVersionType@4982cc36
12:43:42.395 [main] DEBUG org.hibernate.type.BasicTypeRegistry - Adding type registration image -> org.hibernate.type.ImageType@22295ec4
12:43:42.395 [main] DEBUG org.hibernate.type.BasicTypeRegistry - Adding type registration characters -> org.hibernate.type.CharArrayType@5dcd8c7a
12:43:42.395 [main] DEBUG org.hibernate.type.BasicTypeRegistry - Adding type registration char[] -> org.hibernate.type.CharArrayType@5dcd8c7a
12:43:42.395 [main] DEBUG org.hibernate.type.BasicTypeRegistry - Adding type registration [C -> org.hibernate.type.CharArrayType@5dcd8c7a
12:43:42.395 [main] DEBUG org.hibernate.type.BasicTypeRegistry - Adding type registration wrapper-characters -> org.hibernate.type.CharacterArrayType@8dbfffb
12:43:42.395 [main] DEBUG org.hibernate.type.BasicTypeRegistry - Adding type registration [Ljava.lang.Character; -> org.hibernate.type.CharacterArrayType@8dbfffb
12:43:42.395 [main] DEBUG org.hibernate.type.BasicTypeRegistry - Adding type registration Character[] -> org.hibernate.type.CharacterArrayType@8dbfffb
12:43:42.395 [main] DEBUG org.hibernate.type.BasicTypeRegistry - Adding type registration text -> org.hibernate.type.TextType@324a0017
12:43:42.395 [main] DEBUG org.hibernate.type.BasicTypeRegistry - Adding type registration ntext -> org.hibernate.type.NTextType@22bac7bc
12:43:42.395 [main] DEBUG org.hibernate.type.BasicTypeRegistry - Adding type registration blob -> org.hibernate.type.BlobType@4758820d
12:43:42.395 [main] DEBUG org.hibernate.type.BasicTypeRegistry - Adding type registration java.sql.Blob -> org.hibernate.type.BlobType@4758820d
12:43:42.395 [main] DEBUG org.hibernate.type.BasicTypeRegistry - Adding type registration materialized_blob -> org.hibernate.type.MaterializedBlobType@2da59753
12:43:42.395 [main] DEBUG org.hibernate.type.BasicTypeRegistry - Adding type registration clob -> org.hibernate.type.ClobType@93cf163
12:43:42.395 [main] DEBUG org.hibernate.type.BasicTypeRegistry - Adding type registration java.sql.Clob -> org.hibernate.type.ClobType@93cf163
12:43:42.395 [main] DEBUG org.hibernate.type.BasicTypeRegistry - Adding type registration nclob -> org.hibernate.type.NClobType@1e0f9063
12:43:42.395 [main] DEBUG org.hibernate.type.BasicTypeRegistry - Adding type registration java.sql.NClob -> org.hibernate.type.NClobType@1e0f9063
12:43:42.395 [main] DEBUG org.hibernate.type.BasicTypeRegistry - Adding type registration materialized_clob -> org.hibernate.type.MaterializedClobType@5cde6747
12:43:42.395 [main] DEBUG org.hibernate.type.BasicTypeRegistry - Adding type registration materialized_nclob -> org.hibernate.type.MaterializedNClobType@1199fe66
12:43:42.395 [main] DEBUG org.hibernate.type.BasicTypeRegistry - Adding type registration serializable -> org.hibernate.type.SerializableType@68be8808
12:43:42.395 [main] DEBUG org.hibernate.type.BasicTypeRegistry - Adding type registration object -> org.hibernate.type.ObjectType@2dca0d64
12:43:42.395 [main] DEBUG org.hibernate.type.BasicTypeRegistry - Adding type registration java.lang.Object -> org.hibernate.type.ObjectType@2dca0d64
12:43:42.395 [main] DEBUG org.hibernate.type.BasicTypeRegistry - Adding type registration imm_date -> org.hibernate.type.AdaptedImmutableType@673d5a9c
12:43:42.395 [main] DEBUG org.hibernate.type.BasicTypeRegistry - Adding type registration imm_time -> org.hibernate.type.AdaptedImmutableType@1ffd4a1e
12:43:42.395 [main] DEBUG org.hibernate.type.BasicTypeRegistry - Adding type registration imm_timestamp -> org.hibernate.type.AdaptedImmutableType@60623a8e
12:43:42.395 [main] DEBUG org.hibernate.type.BasicTypeRegistry - Adding type registration imm_dbtimestamp -> org.hibernate.type.AdaptedImmutableType@4e4975c4
12:43:42.395 [main] DEBUG org.hibernate.type.BasicTypeRegistry - Adding type registration imm_calendar -> org.hibernate.type.AdaptedImmutableType@432d2f2b
12:43:42.395 [main] DEBUG org.hibernate.type.BasicTypeRegistry - Adding type registration imm_calendar_date -> org.hibernate.type.AdaptedImmutableType@36f520ea
12:43:42.395 [main] DEBUG org.hibernate.type.BasicTypeRegistry - Adding type registration imm_binary -> org.hibernate.type.AdaptedImmutableType@4732caf0
12:43:42.395 [main] DEBUG org.hibernate.type.BasicTypeRegistry - Adding type registration imm_serializable -> org.hibernate.type.AdaptedImmutableType@42d06087
12:43:42.395 [main] WARN org.hibernate.orm.connections - HHH10001002: Using Hibernate built-in connection pool (not for production use!)
12:43:42.395 [main] INFO org.hibernate.orm.connections - HHH10001005: using driver [com.mysql.jdbc.Driver] at URL [jdbc:mysql://localhost:3306/emanager_testdb]
12:43:42.395 [main] INFO org.hibernate.orm.connections - HHH10001001: Connection properties: {password=testpwd, user=testdbuser}
12:43:42.395 [main] INFO org.hibernate.orm.connections - HHH10001003: Autocommit mode: false
12:43:42.395 [main] DEBUG org.hibernate.engine.jdbc.connections.internal.DriverManagerConnectionProviderImpl - Initializing Connection pool with 1 Connections
12:43:42.395 [main] INFO org.hibernate.engine.jdbc.connections.internal.DriverManagerConnectionProviderImpl - HHH000115: Hibernate connection pool size: 20 (min=1)
12:43:42.398 [main] DEBUG org.hibernate.engine.jdbc.env.internal.JdbcEnvironmentInitiator - Database ->
       name : MySQL
    version : 5.7.21-log
      major : 5
      minor : 7
12:43:42.398 [main] DEBUG org.hibernate.engine.jdbc.env.internal.JdbcEnvironmentInitiator - Driver ->
       name : MySQL Connector Java
    version : mysql-connector-java-5.1.40 ( Revision: 402933ef52cad9aa82624e80acbea46e3a701ce6 )
      major : 5
      minor : 1
12:43:42.398 [main] DEBUG org.hibernate.engine.jdbc.env.internal.JdbcEnvironmentInitiator - JDBC version : 4.0
12:43:42.398 [main] INFO org.hibernate.dialect.Dialect - HHH000400: Using dialect: org.hibernate.dialect.MySQL5Dialect
12:43:42.398 [main] DEBUG org.hibernate.engine.jdbc.env.spi.IdentifierHelperBuilder - JDBC driver metadata reported database stores quoted identifiers in more than one case
12:43:42.398 [main] DEBUG org.hibernate.engine.jdbc.env.spi.IdentifierHelperBuilder - IdentifierCaseStrategy for both quoted and unquoted identifiers was set to the same strategy [LOWER]; that will likely lead to problems in schema update and validation if using quoted identifiers
12:43:42.399 [main] DEBUG org.hibernate.id.factory.internal.DefaultIdentifierGeneratorFactory - Registering IdentifierGenerator strategy [uuid2] -> [org.hibernate.id.UUIDGenerator]
12:43:42.399 [main] DEBUG org.hibernate.id.factory.internal.DefaultIdentifierGeneratorFactory - Registering IdentifierGenerator strategy [guid] -> [org.hibernate.id.GUIDGenerator]
12:43:42.399 [main] DEBUG org.hibernate.id.factory.internal.DefaultIdentifierGeneratorFactory - Registering IdentifierGenerator strategy [uuid] -> [org.hibernate.id.UUIDHexGenerator]
12:43:42.399 [main] DEBUG org.hibernate.id.factory.internal.DefaultIdentifierGeneratorFactory - Registering IdentifierGenerator strategy [uuid.hex] -> [org.hibernate.id.UUIDHexGenerator]
12:43:42.399 [main] DEBUG org.hibernate.id.factory.internal.DefaultIdentifierGeneratorFactory - Registering IdentifierGenerator strategy [assigned] -> [org.hibernate.id.Assigned]
12:43:42.399 [main] DEBUG org.hibernate.id.factory.internal.DefaultIdentifierGeneratorFactory - Registering IdentifierGenerator strategy [identity] -> [org.hibernate.id.IdentityGenerator]
12:43:42.399 [main] DEBUG org.hibernate.id.factory.internal.DefaultIdentifierGeneratorFactory - Registering IdentifierGenerator strategy [select] -> [org.hibernate.id.SelectGenerator]
12:43:42.399 [main] DEBUG org.hibernate.id.factory.internal.DefaultIdentifierGeneratorFactory - Registering IdentifierGenerator strategy [sequence] -> [org.hibernate.id.enhanced.SequenceStyleGenerator]
12:43:42.399 [main] DEBUG org.hibernate.id.factory.internal.DefaultIdentifierGeneratorFactory - Registering IdentifierGenerator strategy [seqhilo] -> [org.hibernate.id.SequenceHiLoGenerator]
12:43:42.399 [main] DEBUG org.hibernate.id.factory.internal.DefaultIdentifierGeneratorFactory - Registering IdentifierGenerator strategy [increment] -> [org.hibernate.id.IncrementGenerator]
12:43:42.399 [main] DEBUG org.hibernate.id.factory.internal.DefaultIdentifierGeneratorFactory - Registering IdentifierGenerator strategy [foreign] -> [org.hibernate.id.ForeignGenerator]
12:43:42.399 [main] DEBUG org.hibernate.id.factory.internal.DefaultIdentifierGeneratorFactory - Registering IdentifierGenerator strategy [sequence-identity] -> [org.hibernate.id.SequenceIdentityGenerator]
12:43:42.399 [main] DEBUG org.hibernate.id.factory.internal.DefaultIdentifierGeneratorFactory - Registering IdentifierGenerator strategy [enhanced-sequence] -> [org.hibernate.id.enhanced.SequenceStyleGenerator]
12:43:42.399 [main] DEBUG org.hibernate.id.factory.internal.DefaultIdentifierGeneratorFactory - Registering IdentifierGenerator strategy [enhanced-table] -> [org.hibernate.id.enhanced.TableGenerator]
12:43:42.399 [main] DEBUG org.hibernate.boot.model.relational.Namespace - Created database namespace [logicalName=Name{catalog=null, schema=null}, physicalName=Name{catalog=null, schema=null}]
12:43:42.399 [main] DEBUG org.hibernate.cfg.AnnotationBinder - Binding entity from annotated class: model.Equipmenttype
12:43:42.399 [main] DEBUG org.hibernate.cfg.annotations.QueryBinder - Binding named native query: Equipmenttype.findAll => SELECT * FROM Equipmenttype ORDER BY TypeName ASC
12:43:42.399 [main] DEBUG org.hibernate.cfg.annotations.QueryBinder - Binding named native query: Equipmenttype.findByTypeCode => SELECT * FROM equipmenttype WHERE equipmenttype.TypeCode = ?
12:43:42.399 [main] DEBUG org.hibernate.cfg.annotations.QueryBinder - Binding named native query: Equipmenttype.findByEquipmentTypeId => SELECT * FROM equipmenttype WHERE equipmenttype.equipmentTypeId = ?
12:43:42.399 [main] DEBUG org.hibernate.cfg.annotations.QueryBinder - Binding named native query: Equipmenttype.findEquipmenttypesWithEquipment => SELECT DISTINCT equipmenttype.equipmentTypeId, equipmenttype.typeCode, equipmenttype.typeName FROM equipmenttype LEFT JOIN equipment ON equipmenttype.equipmentTypeId = equipment.equipmentTypeId WHERE equipmenttype.equipmentTypeId = equipment.equipmentTypeId AND equipment.status = 1 ORDER BY equipmenttype.typeName
12:43:42.399 [main] DEBUG org.hibernate.cfg.Ejb3Column - Binding column: Ejb3DiscriminatorColumn{logicalColumnName'DTYPE', discriminatorTypeName='string'}
12:43:42.399 [main] DEBUG org.hibernate.cfg.annotations.EntityBinder - Import with entity name Equipmenttype
12:43:42.399 [main] DEBUG org.hibernate.cfg.annotations.EntityBinder - Bind entity model.Equipmenttype on table Equipmenttype
12:43:42.399 [main] DEBUG org.hibernate.cfg.Ejb3Column - Binding column: Ejb3Column{table=org.hibernate.mapping.Table(Equipmenttype), mappingColumn=equipmentTypeId, insertable=true, updatable=true, unique=false}
12:43:42.399 [main] DEBUG org.hibernate.cfg.annotations.PropertyBinder - MetadataSourceProcessor property equipmentTypeId with lazy=false
12:43:42.399 [main] DEBUG org.hibernate.cfg.AbstractPropertyHolder - Attempting to locate auto-apply AttributeConverter for property [model.Equipmenttype:equipmentTypeId]
12:43:42.399 [main] DEBUG org.hibernate.cfg.annotations.SimpleValueBinder - building SimpleValue for equipmentTypeId
12:43:42.399 [main] DEBUG org.hibernate.cfg.annotations.PropertyBinder - Building property equipmentTypeId
12:43:42.399 [main] DEBUG org.hibernate.cfg.Ejb3Column - Binding column: Ejb3Column{table=org.hibernate.mapping.Table(Equipmenttype), mappingColumn=typeCode, insertable=true, updatable=true, unique=false}
12:43:42.399 [main] DEBUG org.hibernate.cfg.annotations.PropertyBinder - MetadataSourceProcessor property typeCode with lazy=false
12:43:42.399 [main] DEBUG org.hibernate.cfg.AbstractPropertyHolder - Attempting to locate auto-apply AttributeConverter for property [model.Equipmenttype:typeCode]
12:43:42.399 [main] DEBUG org.hibernate.cfg.annotations.SimpleValueBinder - building SimpleValue for typeCode
12:43:42.399 [main] DEBUG org.hibernate.cfg.annotations.PropertyBinder - Building property typeCode
12:43:42.399 [main] DEBUG org.hibernate.cfg.Ejb3Column - Binding column: Ejb3Column{table=org.hibernate.mapping.Table(Equipmenttype), mappingColumn=typeName, insertable=true, updatable=true, unique=false}
12:43:42.399 [main] DEBUG org.hibernate.cfg.annotations.PropertyBinder - MetadataSourceProcessor property typeName with lazy=false
12:43:42.399 [main] DEBUG org.hibernate.cfg.AbstractPropertyHolder - Attempting to locate auto-apply AttributeConverter for property [model.Equipmenttype:typeName]
12:43:42.399 [main] DEBUG org.hibernate.cfg.annotations.SimpleValueBinder - building SimpleValue for typeName
12:43:42.399 [main] DEBUG org.hibernate.cfg.annotations.PropertyBinder - Building property typeName
12:43:42.399 [main] DEBUG org.hibernate.cfg.AnnotationBinder - Binding entity from annotated class: model.Employee
12:43:42.399 [main] DEBUG org.hibernate.cfg.annotations.QueryBinder - Binding named native query: Employee.findAll => SELECT * FROM employee
12:43:42.399 [main] DEBUG org.hibernate.cfg.annotations.QueryBinder - Binding named native query: Employee.findByEmployeeId => SELECT * FROM employee WHERE employeeId = ?
12:43:42.400 [main] DEBUG org.hibernate.cfg.Ejb3Column - Binding column: Ejb3DiscriminatorColumn{logicalColumnName'DTYPE', discriminatorTypeName='string'}
12:43:42.400 [main] DEBUG org.hibernate.cfg.annotations.EntityBinder - Import with entity name Employee
12:43:42.400 [main] DEBUG org.hibernate.cfg.annotations.EntityBinder - Bind entity model.Employee on table employee
12:43:42.400 [main] DEBUG org.hibernate.cfg.Ejb3Column - Binding column: Ejb3Column{table=org.hibernate.mapping.Table(employee), mappingColumn=employeeKey, insertable=true, updatable=true, unique=false}
12:43:42.400 [main] DEBUG org.hibernate.cfg.annotations.PropertyBinder - MetadataSourceProcessor property employeeKey with lazy=false
12:43:42.400 [main] DEBUG org.hibernate.cfg.AbstractPropertyHolder - Attempting to locate auto-apply AttributeConverter for property [model.Employee:employeeKey]
12:43:42.400 [main] DEBUG org.hibernate.cfg.annotations.SimpleValueBinder - building SimpleValue for employeeKey
12:43:42.400 [main] DEBUG org.hibernate.cfg.annotations.PropertyBinder - Building property employeeKey
12:43:42.400 [main] DEBUG org.hibernate.cfg.Ejb3Column - Binding column: Ejb3Column{table=org.hibernate.mapping.Table(employee), mappingColumn=employeeId, insertable=true, updatable=true, unique=false}
12:43:42.400 [main] DEBUG org.hibernate.cfg.annotations.PropertyBinder - MetadataSourceProcessor property employeeId with lazy=false
12:43:42.400 [main] DEBUG org.hibernate.cfg.AbstractPropertyHolder - Attempting to locate auto-apply AttributeConverter for property [model.Employee:employeeId]
12:43:42.400 [main] DEBUG org.hibernate.cfg.annotations.SimpleValueBinder - building SimpleValue for employeeId
12:43:42.400 [main] DEBUG org.hibernate.cfg.annotations.PropertyBinder - Building property employeeId
12:43:42.400 [main] DEBUG org.hibernate.cfg.Ejb3Column - Binding column: Ejb3Column{table=org.hibernate.mapping.Table(employee), mappingColumn=name, insertable=true, updatable=true, unique=false}
12:43:42.400 [main] DEBUG org.hibernate.cfg.annotations.PropertyBinder - MetadataSourceProcessor property name with lazy=false
12:43:42.400 [main] DEBUG org.hibernate.cfg.AbstractPropertyHolder - Attempting to locate auto-apply AttributeConverter for property [model.Employee:name]
12:43:42.400 [main] DEBUG org.hibernate.cfg.annotations.SimpleValueBinder - building SimpleValue for name
12:43:42.400 [main] DEBUG org.hibernate.cfg.annotations.PropertyBinder - Building property name
12:43:42.400 [main] DEBUG org.hibernate.cfg.AnnotationBinder - Binding entity from annotated class: model.Equipment
12:43:42.400 [main] DEBUG org.hibernate.cfg.annotations.QueryBinder - Binding named native query: Equipment.findAll => SELECT * FROM Equipment
12:43:42.400 [main] DEBUG org.hibernate.cfg.annotations.QueryBinder - Binding named native query: Equipment.findBySerial => SELECT * FROM equipment WHERE equipment.serial = ?
12:43:42.400 [main] DEBUG org.hibernate.cfg.annotations.QueryBinder - Binding named native query: Equipment.findByEquipmentId => SELECT * FROM equipment WHERE equipment.equipmentId = ?
12:43:42.400 [main] DEBUG org.hibernate.cfg.annotations.QueryBinder - Binding named native query: Equipment.findByType => SELECT * FROM equipment INNER JOIN equipmentType ON equipment.equipmentTypeId = equipmentType.equipmentTypeId WHERE equipmentType.typeCode = ?
12:43:42.400 [main] DEBUG org.hibernate.cfg.annotations.QueryBinder - Binding named native query: Equipment.findEnabledByType => SELECT * FROM equipment INNER JOIN equipmentType ON equipment.equipmentTypeId = equipmentType.equipmentTypeId WHERE equipmentType.typeCode = ? AND equipment.status = 1
12:43:42.400 [main] DEBUG org.hibernate.cfg.annotations.QueryBinder - Binding named native query: Equipment.findAllOrderedByTypeName => SELECT * FROM equipment INNER JOIN equipmentType ON equipment.equipmentTypeId = equipmentType.equipmentTypeId WHERE equipment.status = 1 ORDER BY equipmenttype.typeName
12:43:42.400 [main] DEBUG org.hibernate.cfg.Ejb3Column - Binding column: Ejb3DiscriminatorColumn{logicalColumnName'DTYPE', discriminatorTypeName='string'}
12:43:42.400 [main] DEBUG org.hibernate.cfg.annotations.EntityBinder - Import with entity name Equipment
12:43:42.400 [main] DEBUG org.hibernate.cfg.annotations.EntityBinder - Bind entity model.Equipment on table Equipment
12:43:42.400 [main] DEBUG org.hibernate.cfg.Ejb3Column - Binding column: Ejb3Column{table=org.hibernate.mapping.Table(Equipment), mappingColumn=equipmentId, insertable=true, updatable=true, unique=false}
12:43:42.400 [main] DEBUG org.hibernate.cfg.annotations.PropertyBinder - MetadataSourceProcessor property equipmentId with lazy=false
12:43:42.400 [main] DEBUG org.hibernate.cfg.AbstractPropertyHolder - Attempting to locate auto-apply AttributeConverter for property [model.Equipment:equipmentId]
12:43:42.400 [main] DEBUG org.hibernate.cfg.annotations.SimpleValueBinder - building SimpleValue for equipmentId
12:43:42.400 [main] DEBUG org.hibernate.cfg.annotations.PropertyBinder - Building property equipmentId
12:43:42.400 [main] DEBUG org.hibernate.cfg.Ejb3Column - Binding column: Ejb3JoinColumn{logicalColumnName='equipmentTypeId', referencedColumn='', mappedBy=''}
12:43:42.400 [main] DEBUG org.hibernate.cfg.Ejb3Column - Binding column: Ejb3Column{table=org.hibernate.mapping.Table(Equipment), mappingColumn=equipmenttype, insertable=true, updatable=true, unique=false}
12:43:42.400 [main] DEBUG org.hibernate.cfg.annotations.PropertyBinder - Building property equipmenttype
12:43:42.400 [main] DEBUG org.hibernate.cfg.Ejb3Column - Binding column: Ejb3Column{table=org.hibernate.mapping.Table(Equipment), mappingColumn=name, insertable=true, updatable=true, unique=false}
12:43:42.400 [main] DEBUG org.hibernate.cfg.annotations.PropertyBinder - MetadataSourceProcessor property name with lazy=false
12:43:42.400 [main] DEBUG org.hibernate.cfg.AbstractPropertyHolder - Attempting to locate auto-apply AttributeConverter for property [model.Equipment:name]
12:43:42.400 [main] DEBUG org.hibernate.cfg.annotations.SimpleValueBinder - building SimpleValue for name
12:43:42.400 [main] DEBUG org.hibernate.cfg.annotations.PropertyBinder - Building property name
12:43:42.400 [main] DEBUG org.hibernate.cfg.Ejb3Column - Binding column: Ejb3Column{table=org.hibernate.mapping.Table(Equipment), mappingColumn=serial, insertable=true, updatable=true, unique=false}
12:43:42.400 [main] DEBUG org.hibernate.cfg.annotations.PropertyBinder - MetadataSourceProcessor property serial with lazy=false
12:43:42.400 [main] DEBUG org.hibernate.cfg.AbstractPropertyHolder - Attempting to locate auto-apply AttributeConverter for property [model.Equipment:serial]
12:43:42.400 [main] DEBUG org.hibernate.cfg.annotations.SimpleValueBinder - building SimpleValue for serial
12:43:42.400 [main] DEBUG org.hibernate.cfg.annotations.PropertyBinder - Building property serial
12:43:42.400 [main] DEBUG org.hibernate.cfg.Ejb3Column - Binding column: Ejb3Column{table=org.hibernate.mapping.Table(Equipment), mappingColumn=status, insertable=true, updatable=true, unique=false}
12:43:42.400 [main] DEBUG org.hibernate.cfg.annotations.PropertyBinder - MetadataSourceProcessor property status with lazy=false
12:43:42.400 [main] DEBUG org.hibernate.cfg.AbstractPropertyHolder - Attempting to locate auto-apply AttributeConverter for property [model.Equipment:status]
12:43:42.400 [main] DEBUG org.hibernate.cfg.annotations.SimpleValueBinder - building SimpleValue for status
12:43:42.400 [main] DEBUG org.hibernate.cfg.annotations.PropertyBinder - Building property status
12:43:42.400 [main] DEBUG org.hibernate.cfg.AnnotationBinder - Binding entity from annotated class: model.Reservation
12:43:42.400 [main] DEBUG org.hibernate.cfg.annotations.QueryBinder - Binding named native query: Reservation.findAll => SELECT * FROM reservation
12:43:42.400 [main] DEBUG org.hibernate.cfg.annotations.QueryBinder - Binding named native query: Reservation.findBySerial => SELECT * FROM reservation INNER JOIN equipment ON reservation.equipmentId = equipment.equipmentId WHERE equipment.serial = ?
12:43:42.400 [main] DEBUG org.hibernate.cfg.annotations.QueryBinder - Binding named native query: Reservation.findByType => SELECT * FROM reservation WHERE reservation.reservationType = ?
12:43:42.400 [main] DEBUG org.hibernate.cfg.annotations.QueryBinder - Binding named native query: Reservation.findByEquipmentId => SELECT * FROM reservation WHERE reservation.equipmentId = ?
12:43:42.400 [main] DEBUG org.hibernate.cfg.annotations.QueryBinder - Binding named native query: Reservation.findOpenByEmployeeId => SELECT * FROM reservation INNER JOIN employee ON reservation.employeeKey = employee.employeeKey WHERE employee.employeeId = ? AND reservation.date_return IS NULL
12:43:42.400 [main] DEBUG org.hibernate.cfg.annotations.QueryBinder - Binding named native query: Reservation.findOpen => SELECT * FROM reservation WHERE date_return IS NULL
12:43:42.400 [main] DEBUG org.hibernate.cfg.annotations.QueryBinder - Binding named native query: Reservation.findOpenBySerial => SELECT * FROM reservation INNER JOIN equipment ON reservation.equipmentId = equipment.equipmentId WHERE reservation.date_return IS null AND equipment.serial = ?
12:43:42.400 [main] DEBUG org.hibernate.cfg.annotations.QueryBinder - Binding named native query: Reservation.findBySerialAndDate => SELECT * FROM reservation INNER JOIN equipment ON reservation.equipmentId = equipment.equipmentId WHERE equipment.serial = ? AND reservation.date_take < ? AND (reservation.date_return > ? OR reservation.date_return IS NULL) AND equipment.status = 1
12:43:42.400 [main] DEBUG org.hibernate.cfg.Ejb3Column - Binding column: Ejb3DiscriminatorColumn{logicalColumnName'DTYPE', discriminatorTypeName='string'}
12:43:42.400 [main] DEBUG org.hibernate.cfg.annotations.EntityBinder - Import with entity name Reservation
12:43:42.400 [main] DEBUG org.hibernate.cfg.annotations.EntityBinder - Bind entity model.Reservation on table Reservation
12:43:42.400 [main] DEBUG org.hibernate.cfg.Ejb3Column - Binding column: Ejb3Column{table=org.hibernate.mapping.Table(Reservation), mappingColumn=reservationId, insertable=true, updatable=true, unique=false}
12:43:42.400 [main] DEBUG org.hibernate.cfg.annotations.PropertyBinder - MetadataSourceProcessor property reservationId with lazy=false
12:43:42.400 [main] DEBUG org.hibernate.cfg.AbstractPropertyHolder - Attempting to locate auto-apply AttributeConverter for property [model.Reservation:reservationId]
12:43:42.400 [main] DEBUG org.hibernate.cfg.annotations.SimpleValueBinder - building SimpleValue for reservationId
12:43:42.400 [main] DEBUG org.hibernate.cfg.annotations.PropertyBinder - Building property reservationId
12:43:42.400 [main] DEBUG org.hibernate.cfg.Ejb3Column - Binding column: Ejb3Column{table=org.hibernate.mapping.Table(Reservation), mappingColumn=date_return, insertable=true, updatable=true, unique=false}
12:43:42.400 [main] DEBUG org.hibernate.cfg.annotations.PropertyBinder - MetadataSourceProcessor property dateReturn with lazy=false
12:43:42.400 [main] DEBUG org.hibernate.cfg.AbstractPropertyHolder - Attempting to locate auto-apply AttributeConverter for property [model.Reservation:dateReturn]
12:43:42.400 [main] DEBUG org.hibernate.cfg.annotations.SimpleValueBinder - building SimpleValue for dateReturn
12:43:42.400 [main] DEBUG org.hibernate.cfg.annotations.PropertyBinder - Building property dateReturn
12:43:42.400 [main] DEBUG org.hibernate.cfg.Ejb3Column - Binding column: Ejb3Column{table=org.hibernate.mapping.Table(Reservation), mappingColumn=date_take, insertable=true, updatable=true, unique=false}
12:43:42.400 [main] DEBUG org.hibernate.cfg.annotations.PropertyBinder - MetadataSourceProcessor property dateTake with lazy=false
12:43:42.400 [main] DEBUG org.hibernate.cfg.AbstractPropertyHolder - Attempting to locate auto-apply AttributeConverter for property [model.Reservation:dateTake]
12:43:42.400 [main] DEBUG org.hibernate.cfg.annotations.SimpleValueBinder - building SimpleValue for dateTake
12:43:42.400 [main] DEBUG org.hibernate.cfg.annotations.PropertyBinder - Building property dateTake
12:43:42.400 [main] DEBUG org.hibernate.cfg.Ejb3Column - Binding column: Ejb3JoinColumn{logicalColumnName='employeeKey', referencedColumn='', mappedBy=''}
12:43:42.400 [main] DEBUG org.hibernate.cfg.Ejb3Column - Binding column: Ejb3Column{table=org.hibernate.mapping.Table(Reservation), mappingColumn=employee, insertable=true, updatable=true, unique=false}
12:43:42.400 [main] DEBUG org.hibernate.cfg.annotations.PropertyBinder - Building property employee
12:43:42.400 [main] DEBUG org.hibernate.cfg.Ejb3Column - Binding column: Ejb3JoinColumn{logicalColumnName='equipmentId', referencedColumn='', mappedBy=''}
12:43:42.400 [main] DEBUG org.hibernate.cfg.Ejb3Column - Binding column: Ejb3Column{table=org.hibernate.mapping.Table(Reservation), mappingColumn=equipment, insertable=true, updatable=true, unique=false}
12:43:42.400 [main] DEBUG org.hibernate.cfg.annotations.PropertyBinder - Building property equipment
12:43:42.400 [main] DEBUG org.hibernate.cfg.Ejb3Column - Binding column: Ejb3Column{table=org.hibernate.mapping.Table(Reservation), mappingColumn=reservationType, insertable=true, updatable=true, unique=false}
12:43:42.400 [main] DEBUG org.hibernate.cfg.annotations.PropertyBinder - MetadataSourceProcessor property reservationType with lazy=false
12:43:42.400 [main] DEBUG org.hibernate.cfg.AbstractPropertyHolder - Attempting to locate auto-apply AttributeConverter for property [model.Reservation:reservationType]
12:43:42.400 [main] DEBUG org.hibernate.cfg.annotations.SimpleValueBinder - building SimpleValue for reservationType
12:43:42.400 [main] DEBUG org.hibernate.cfg.annotations.PropertyBinder - Building property reservationType
12:43:42.401 [main] DEBUG org.hibernate.cfg.annotations.SimpleValueBinder - Starting fillSimpleValue for equipmentTypeId
12:43:42.401 [main] DEBUG org.hibernate.cfg.annotations.SimpleValueBinder - Starting fillSimpleValue for typeCode
12:43:42.401 [main] DEBUG org.hibernate.cfg.annotations.SimpleValueBinder - Starting fillSimpleValue for typeName
12:43:42.401 [main] DEBUG org.hibernate.cfg.annotations.SimpleValueBinder - Starting fillSimpleValue for employeeKey
12:43:42.401 [main] DEBUG org.hibernate.cfg.annotations.SimpleValueBinder - Starting fillSimpleValue for employeeId
12:43:42.401 [main] DEBUG org.hibernate.cfg.annotations.SimpleValueBinder - Starting fillSimpleValue for name
12:43:42.401 [main] DEBUG org.hibernate.cfg.annotations.SimpleValueBinder - Starting fillSimpleValue for equipmentId
12:43:42.401 [main] DEBUG org.hibernate.cfg.annotations.SimpleValueBinder - Starting fillSimpleValue for name
12:43:42.401 [main] DEBUG org.hibernate.cfg.annotations.SimpleValueBinder - Starting fillSimpleValue for serial
12:43:42.401 [main] DEBUG org.hibernate.cfg.annotations.SimpleValueBinder - Starting fillSimpleValue for status
12:43:42.401 [main] DEBUG org.hibernate.cfg.annotations.SimpleValueBinder - Starting fillSimpleValue for reservationId
12:43:42.401 [main] DEBUG org.hibernate.cfg.annotations.SimpleValueBinder - Starting fillSimpleValue for dateReturn
12:43:42.401 [main] DEBUG org.hibernate.cfg.annotations.SimpleValueBinder - Starting fillSimpleValue for dateTake
12:43:42.401 [main] DEBUG org.hibernate.cfg.annotations.SimpleValueBinder - Starting fillSimpleValue for reservationType
12:43:42.401 [main] DEBUG org.hibernate.mapping.PrimaryKey - Forcing column [equipmenttypeid] to be non-null as it is part of the primary key for table [equipmenttype]
12:43:42.401 [main] DEBUG org.hibernate.mapping.PrimaryKey - Forcing column [employeekey] to be non-null as it is part of the primary key for table [employee]
12:43:42.401 [main] DEBUG org.hibernate.mapping.PrimaryKey - Forcing column [equipmentid] to be non-null as it is part of the primary key for table [equipment]
12:43:42.401 [main] DEBUG org.hibernate.mapping.PrimaryKey - Forcing column [reservationid] to be non-null as it is part of the primary key for table [reservation]
12:43:42.401 [main] DEBUG org.hibernate.boot.internal.InFlightMetadataCollectorImpl - Resolving reference to class: model.Equipmenttype
12:43:42.401 [main] DEBUG org.hibernate.boot.internal.InFlightMetadataCollectorImpl - Resolving reference to class: model.Employee
12:43:42.401 [main] DEBUG org.hibernate.boot.internal.InFlightMetadataCollectorImpl - Resolving reference to class: model.Equipment
12:43:42.401 [main] DEBUG org.hibernate.boot.internal.InFlightMetadataCollectorImpl - Resolving reference to class: model.Equipmenttype
12:43:42.401 [main] DEBUG org.hibernate.boot.internal.InFlightMetadataCollectorImpl - Resolving reference to class: model.Employee
12:43:42.401 [main] DEBUG org.hibernate.boot.internal.InFlightMetadataCollectorImpl - Resolving reference to class: model.Equipment
12:43:42.401 [main] DEBUG org.hibernate.internal.SessionFactoryImpl - Building session factory
12:43:42.401 [main] DEBUG org.hibernate.cfg.Settings - SessionFactory name : null
12:43:42.401 [main] DEBUG org.hibernate.cfg.Settings - Automatic flush during beforeCompletion(): disabled
12:43:42.401 [main] DEBUG org.hibernate.cfg.Settings - Automatic session close at end of transaction: disabled
12:43:42.401 [main] DEBUG org.hibernate.cfg.Settings - Statistics: disabled
12:43:42.401 [main] DEBUG org.hibernate.cfg.Settings - Deleted entity synthetic identifier rollback: disabled
12:43:42.401 [main] DEBUG org.hibernate.cfg.Settings - Default entity-mode: pojo
12:43:42.401 [main] DEBUG org.hibernate.cfg.Settings - Check Nullability in Core (should be disabled when Bean Validation is on): enabled
12:43:42.401 [main] DEBUG org.hibernate.cfg.Settings - Allow initialization of lazy state outside session : disabled
12:43:42.401 [main] DEBUG org.hibernate.cfg.Settings - Using BatchFetchStyle : LEGACY
12:43:42.401 [main] DEBUG org.hibernate.cfg.Settings - Default batch fetch size: -1
12:43:42.401 [main] DEBUG org.hibernate.cfg.Settings - Maximum outer join fetch depth: 2
12:43:42.401 [main] DEBUG org.hibernate.cfg.Settings - Default null ordering: NONE
12:43:42.401 [main] DEBUG org.hibernate.cfg.Settings - Order SQL updates by primary key: disabled
12:43:42.401 [main] DEBUG org.hibernate.cfg.Settings - Order SQL inserts for batching: disabled
12:43:42.401 [main] DEBUG org.hibernate.cfg.Settings - multi-tenancy strategy : NONE
12:43:42.401 [main] DEBUG org.hibernate.cfg.Settings - JTA Track by Thread: enabled
12:43:42.401 [main] DEBUG org.hibernate.cfg.Settings - Query language substitutions: {}
12:43:42.401 [main] DEBUG org.hibernate.cfg.Settings - JPA query language strict compliance: disabled
12:43:42.401 [main] DEBUG org.hibernate.cfg.Settings - Named query checking : enabled
12:43:42.401 [main] DEBUG org.hibernate.cfg.Settings - Second-level cache: enabled
12:43:42.401 [main] DEBUG org.hibernate.cfg.Settings - Second-level query cache: disabled
12:43:42.401 [main] DEBUG org.hibernate.cfg.Settings - Second-level query cache factory: org.hibernate.cache.internal.StandardQueryCacheFactory@7c0da600
12:43:42.401 [main] DEBUG org.hibernate.cfg.Settings - Second-level cache region prefix: null
12:43:42.401 [main] DEBUG org.hibernate.cfg.Settings - Optimize second-level cache for minimal puts: disabled
12:43:42.401 [main] DEBUG org.hibernate.cfg.Settings - Structured second-level cache entries: disabled
12:43:42.401 [main] DEBUG org.hibernate.cfg.Settings - Second-level cache direct-reference entries: disabled
12:43:42.401 [main] DEBUG org.hibernate.cfg.Settings - Automatic eviction of collection cache: disabled
12:43:42.401 [main] DEBUG org.hibernate.cfg.Settings - JDBC batch size: 15
12:43:42.401 [main] DEBUG org.hibernate.cfg.Settings - JDBC batch updates for versioned data: enabled
12:43:42.401 [main] DEBUG org.hibernate.cfg.Settings - Scrollable result sets: enabled
12:43:42.401 [main] DEBUG org.hibernate.cfg.Settings - Wrap result sets: disabled
12:43:42.401 [main] DEBUG org.hibernate.cfg.Settings - JDBC3 getGeneratedKeys(): enabled
12:43:42.401 [main] DEBUG org.hibernate.cfg.Settings - JDBC result set fetch size: null
12:43:42.401 [main] DEBUG org.hibernate.cfg.Settings - Connection release mode: ON_CLOSE
12:43:42.402 [main] DEBUG org.hibernate.cfg.Settings - Generate SQL with comments: disabled
12:43:42.402 [main] DEBUG org.hibernate.internal.SessionFactoryImpl - Returning a Reference to the SessionFactory
12:43:42.402 [main] DEBUG org.hibernate.internal.SessionFactoryImpl - Session factory constructed with filter configurations : {}
12:43:42.402 [main] DEBUG org.hibernate.internal.SessionFactoryImpl - Instantiating session factory with properties: {awt.toolkit=sun.awt.windows.WToolkit, java.specification.version=9, sun.cpu.isalist=amd64, sun.jnu.encoding=Cp1252, sun.arch.data.model=64, java.vendor.url=http://java.oracle.com/, javax.persistence.jdbc.url=jdbc:mysql://localhost:3306/emanager_testdb, javax.persistence.jdbc.user=testdbuser, sun.boot.library.path=C:\Program Files\Java\jdk-9.0.4\bin, sun.java.command=C:\Users\samik\git\EquipmentManager\target\surefire\surefirebooter6417661907547887216.jar C:\Users\samik\git\EquipmentManager\target\surefire\surefire2138085000196400312tmp C:\Users\samik\git\EquipmentManager\target\surefire\surefire_08139920871173375506tmp, jdk.debug=release, java.specification.vendor=Oracle Corporation, java.home=C:\Program Files\Java\jdk-9.0.4, file.separator=\, basedir=C:\Users\samik\git\EquipmentManager, java.vm.compressedOopsMode=Zero based, line.separator=
, java.vm.specification.vendor=Oracle Corporation, java.specification.name=Java Platform API Specification, hibernate.transaction.coordinator_class=class org.hibernate.resource.transaction.backend.jdbc.internal.JdbcResourceLocalTransactionCoordinatorBuilderImpl, user.script=, sun.management.compiler=HotSpot 64-Bit Tiered Compilers, java.runtime.version=9.0.4+11, user.name=S, file.encoding=Cp1252, localRepository=C:\Users\samik\.m2\repository, hibernate.connection.driver_class=com.mysql.jdbc.Driver, java.io.tmpdir=C:\Users\samik\AppData\Local\Temp\, java.version=9.0.4, java.vm.specification.name=Java Virtual Machine Specification, java.awt.printerjob=sun.awt.windows.WPrinterJob, sun.os.patch.level=, java.library.path=C:\Program Files\Java\jdk-9.0.4\bin;C:\WINDOWS\Sun\Java\bin;C:\WINDOWS\system32;C:\WINDOWS;C:/Program Files/Java/jre1.8.0_151/bin/server;C:/Program Files/Java/jre1.8.0_151/bin;C:/Program Files/Java/jre1.8.0_151/lib/amd64;C:\ProgramData\Oracle\Java\javapath;C:\Windows\system32;C:\Windows;C:\Windows\System32\Wbem;C:\Windows\System32\WindowsPowerShell\v1.0\;C:\Program Files\Git\cmd;C:\Program Files (x86)\Windows Kits\8.1\Windows Performance Toolkit\;C:\Program Files\Microsoft SQL Server\110\Tools\Binn\;C:\WINDOWS\system32;C:\WINDOWS;C:\WINDOWS\System32\Wbem;C:\WINDOWS\System32\WindowsPowerShell\v1.0\;C:\Program Files\nodejs\;C:\Android;C:\Users\samik\AppData\Local\Microsoft\WindowsApps;C:\Program Files (x86)\Nmap;C:\Program Files\Java\jdk1.8.0_112\bin;C:\Users\samik\AppData\Roaming\npm;C:\apache-maven-3.5.0\bin;C:\adb;C:\WINDOWS\system32;C:\WINDOWS;C:\WINDOWS\System32\Wbem;C:\WINDOWS\System32\WindowsPowerShell\v1.0\;C:\Program Files (x86)\NVIDIA Corporation\PhysX\Common;C:\Program Files\MySQL\MySQL Utilities 1.6\;C:\Users\samik\AppData\Local\Microsoft\WindowsApps;C:\Program Files (x86)\Nmap;C:\Program Files\Java\jdk1.8.0_112\bin;C:\Users\samik\AppData\Roaming\npm;C:\apache-maven-3.5.0\bin;;C:\WINDOWS\system32;;., java.vendor=Oracle Corporation, sun.io.unicode.encoding=UnicodeLittle, sun.desktop=windows, file.encoding.pkg=sun.io, java.class.path=C:\Users\samik\git\EquipmentManager\target\test-classes;C:\Users\samik\git\EquipmentManager\target\classes;C:\Users\samik\.m2\repository\org\springframework\boot\spring-boot-starter-data-jpa\1.5.1.RELEASE\spring-boot-starter-data-jpa-1.5.1.RELEASE.jar;C:\Users\samik\.m2\repository\org\springframework\boot\spring-boot-starter\1.5.1.RELEASE\spring-boot-starter-1.5.1.RELEASE.jar;C:\Users\samik\.m2\repository\org\springframework\boot\spring-boot\1.5.1.RELEASE\spring-boot-1.5.1.RELEASE.jar;C:\Users\samik\.m2\repository\org\springframework\boot\spring-boot-autoconfigure\1.5.1.RELEASE\spring-boot-autoconfigure-1.5.1.RELEASE.jar;C:\Users\samik\.m2\repository\org\springframework\boot\spring-boot-starter-logging\1.5.1.RELEASE\spring-boot-starter-logging-1.5.1.RELEASE.jar;C:\Users\samik\.m2\repository\ch\qos\logback\logback-classic\1.1.9\logback-classic-1.1.9.jar;C:\Users\samik\.m2\repository\ch\qos\logback\logback-core\1.1.9\logback-core-1.1.9.jar;C:\Users\samik\.m2\repository\org\slf4j\jul-to-slf4j\1.7.22\jul-to-slf4j-1.7.22.jar;C:\Users\samik\.m2\repository\org\slf4j\log4j-over-slf4j\1.7.22\log4j-over-slf4j-1.7.22.jar;C:\Users\samik\.m2\repository\org\yaml\snakeyaml\1.17\snakeyaml-1.17.jar;C:\Users\samik\.m2\repository\org\springframework\boot\spring-boot-starter-aop\1.5.1.RELEASE\spring-boot-starter-aop-1.5.1.RELEASE.jar;C:\Users\samik\.m2\repository\org\springframework\spring-aop\4.3.6.RELEASE\spring-aop-4.3.6.RELEASE.jar;C:\Users\samik\.m2\repository\org\aspectj\aspectjweaver\1.8.9\aspectjweaver-1.8.9.jar;C:\Users\samik\.m2\repository\org\springframework\boot\spring-boot-starter-jdbc\1.5.1.RELEASE\spring-boot-starter-jdbc-1.5.1.RELEASE.jar;C:\Users\samik\.m2\repository\org\apache\tomcat\tomcat-jdbc\8.5.11\tomcat-jdbc-8.5.11.jar;C:\Users\samik\.m2\repository\org\apache\tomcat\tomcat-juli\8.5.11\tomcat-juli-8.5.11.jar;C:\Users\samik\.m2\repository\org\springframework\spring-jdbc\4.3.6.RELEASE\spring-jdbc-4.3.6.RELEASE.jar;C:\Users\samik\.m2\repository\org\hibernate\hibernate-core\5.0.11.Final\hibernate-core-5.0.11.Final.jar;C:\Users\samik\.m2\repository\org\jboss\logging\jboss-logging\3.3.0.Final\jboss-logging-3.3.0.Final.jar;C:\Users\samik\.m2\repository\org\hibernate\javax\persistence\hibernate-jpa-2.1-api\1.0.0.Final\hibernate-jpa-2.1-api-1.0.0.Final.jar;C:\Users\samik\.m2\repository\org\javassist\javassist\3.21.0-GA\javassist-3.21.0-GA.jar;C:\Users\samik\.m2\repository\antlr\antlr\2.7.7\antlr-2.7.7.jar;C:\Users\samik\.m2\repository\org\jboss\jandex\2.0.0.Final\jandex-2.0.0.Final.jar;C:\Users\samik\.m2\repository\org\hibernate\common\hibernate-commons-annotations\5.0.1.Final\hibernate-commons-annotations-5.0.1.Final.jar;C:\Users\samik\.m2\repository\org\hibernate\hibernate-entitymanager\5.0.11.Final\hibernate-entitymanager-5.0.11.Final.jar;C:\Users\samik\.m2\repository\javax\transaction\javax.transaction-api\1.2\javax.transaction-api-1.2.jar;C:\Users\samik\.m2\repository\org\springframework\data\spring-data-jpa\1.11.0.RELEASE\spring-data-jpa-1.11.0.RELEASE.jar;C:\Users\samik\.m2\repository\org\springframework\data\spring-data-commons\1.13.0.RELEASE\spring-data-commons-1.13.0.RELEASE.jar;C:\Users\samik\.m2\repository\org\springframework\spring-orm\4.3.6.RELEASE\spring-orm-4.3.6.RELEASE.jar;C:\Users\samik\.m2\repository\org\springframework\spring-context\4.3.6.RELEASE\spring-context-4.3.6.RELEASE.jar;C:\Users\samik\.m2\repository\org\springframework\spring-tx\4.3.6.RELEASE\spring-tx-4.3.6.RELEASE.jar;C:\Users\samik\.m2\repository\org\springframework\spring-beans\4.3.6.RELEASE\spring-beans-4.3.6.RELEASE.jar;C:\Users\samik\.m2\repository\org\slf4j\jcl-over-slf4j\1.7.22\jcl-over-slf4j-1.7.22.jar;C:\Users\samik\.m2\repository\org\springframework\spring-aspects\4.3.6.RELEASE\spring-aspects-4.3.6.RELEASE.jar;C:\Users\samik\.m2\repository\org\springframework\boot\spring-boot-starter-web\1.5.1.RELEASE\spring-boot-starter-web-1.5.1.RELEASE.jar;C:\Users\samik\.m2\repository\org\springframework\boot\spring-boot-starter-tomcat\1.5.1.RELEASE\spring-boot-starter-tomcat-1.5.1.RELEASE.jar;C:\Users\samik\.m2\repository\org\apache\tomcat\embed\tomcat-embed-websocket\8.5.11\tomcat-embed-websocket-8.5.11.jar;C:\Users\samik\.m2\repository\org\hibernate\hibernate-validator\5.3.4.Final\hibernate-validator-5.3.4.Final.jar;C:\Users\samik\.m2\repository\javax\validation\validation-api\1.1.0.Final\validation-api-1.1.0.Final.jar;C:\Users\samik\.m2\repository\com\fasterxml\jackson\core\jackson-databind\2.8.6\jackson-databind-2.8.6.jar;C:\Users\samik\.m2\repository\com\fasterxml\jackson\core\jackson-annotations\2.8.0\jackson-annotations-2.8.0.jar;C:\Users\samik\.m2\repository\org\springframework\spring-web\4.3.6.RELEASE\spring-web-4.3.6.RELEASE.jar;C:\Users\samik\.m2\repository\org\springframework\spring-webmvc\4.3.6.RELEASE\spring-webmvc-4.3.6.RELEASE.jar;C:\Users\samik\.m2\repository\org\springframework\spring-expression\4.3.6.RELEASE\spring-expression-4.3.6.RELEASE.jar;C:\Users\samik\.m2\repository\org\springframework\boot\spring-boot-starter-test\1.5.1.RELEASE\spring-boot-starter-test-1.5.1.RELEASE.jar;C:\Users\samik\.m2\repository\org\springframework\boot\spring-boot-test\1.5.1.RELEASE\spring-boot-test-1.5.1.RELEASE.jar;C:\Users\samik\.m2\repository\org\springframework\boot\spring-boot-test-autoconfigure\1.5.1.RELEASE\spring-boot-test-autoconfigure-1.5.1.RELEASE.jar;C:\Users\samik\.m2\repository\com\jayway\jsonpath\json-path\2.2.0\json-path-2.2.0.jar;C:\Users\samik\.m2\repository\net\minidev\json-smart\2.2.1\json-smart-2.2.1.jar;C:\Users\samik\.m2\repository\net\minidev\accessors-smart\1.1\accessors-smart-1.1.jar;C:\Users\samik\.m2\repository\org\ow2\asm\asm\5.0.3\asm-5.0.3.jar;C:\Users\samik\.m2\repository\junit\junit\4.12\junit-4.12.jar;C:\Users\samik\.m2\repository\org\assertj\assertj-core\2.6.0\assertj-core-2.6.0.jar;C:\Users\samik\.m2\repository\org\mockito\mockito-core\1.10.19\mockito-core-1.10.19.jar;C:\Users\samik\.m2\repository\org\objenesis\objenesis\2.1\objenesis-2.1.jar;C:\Users\samik\.m2\repository\org\hamcrest\hamcrest-core\1.3\hamcrest-core-1.3.jar;C:\Users\samik\.m2\repository\org\hamcrest\hamcrest-library\1.3\hamcrest-library-1.3.jar;C:\Users\samik\.m2\repository\org\skyscreamer\jsonassert\1.4.0\jsonassert-1.4.0.jar;C:\Users\samik\.m2\repository\com\vaadin\external\google\android-json\0.0.20131108.vaadin1\android-json-0.0.20131108.vaadin1.jar;C:\Users\samik\.m2\repository\org\springframework\spring-core\4.3.6.RELEASE\spring-core-4.3.6.RELEASE.jar;C:\Users\samik\.m2\repository\org\springframework\spring-test\4.3.6.RELEASE\spring-test-4.3.6.RELEASE.jar;C:\Users\samik\.m2\repository\javax\xml\bind\jaxb-api\2.3.0\jaxb-api-2.3.0.jar;C:\Users\samik\.m2\repository\org\apache\poi\poi\3.9\poi-3.9.jar;C:\Users\samik\.m2\repository\commons-codec\commons-codec\1.10\commons-codec-1.10.jar;C:\Users\samik\.m2\repository\org\apache\poi\poi-ooxml\3.9\poi-ooxml-3.9.jar;C:\Users\samik\.m2\repository\org\apache\poi\poi-ooxml-schemas\3.9\poi-ooxml-schemas-3.9.jar;C:\Users\samik\.m2\repository\org\apache\xmlbeans\xmlbeans\2.3.0\xmlbeans-2.3.0.jar;C:\Users\samik\.m2\repository\stax\stax-api\1.0.1\stax-api-1.0.1.jar;C:\Users\samik\.m2\repository\dom4j\dom4j\1.6.1\dom4j-1.6.1.jar;C:\Users\samik\.m2\repository\xml-apis\xml-apis\1.4.01\xml-apis-1.4.01.jar;C:\Users\samik\.m2\repository\com\h2database\h2\1.3.156\h2-1.3.156.jar;C:\Users\samik\.m2\repository\org\apache\tomcat\embed\tomcat-embed-jasper\8.5.11\tomcat-embed-jasper-8.5.11.jar;C:\Users\samik\.m2\repository\org\apache\tomcat\embed\tomcat-embed-core\8.5.11\tomcat-embed-core-8.5.11.jar;C:\Users\samik\.m2\repository\org\apache\tomcat\embed\tomcat-embed-el\8.5.11\tomcat-embed-el-8.5.11.jar;C:\Users\samik\.m2\repository\org\eclipse\jdt\core\compiler\ecj\4.5.1\ecj-4.5.1.jar;C:\Users\samik\.m2\repository\org\eclipse\persistence\eclipselink\2.5.0-RC1\eclipselink-2.5.0-RC1.jar;C:\Users\samik\.m2\repository\org\eclipse\persistence\javax.persistence\2.1.0-RC1\javax.persistence-2.1.0-RC1.jar;C:\Users\samik\.m2\repository\org\eclipse\persistence\commonj.sdo\2.1.1\commonj.sdo-2.1.1.jar;C:\Users\samik\.m2\repository\mysql\mysql-connector-java\5.1.40\mysql-connector-java-5.1.40.jar;C:\Users\samik\.m2\repository\io\springfox\springfox-swagger2\2.4.0\springfox-swagger2-2.4.0.jar;C:\Users\samik\.m2\repository\io\swagger\swagger-annotations\1.5.6\swagger-annotations-1.5.6.jar;C:\Users\samik\.m2\repository\io\swagger\swagger-models\1.5.6\swagger-models-1.5.6.jar;C:\Users\samik\.m2\repository\io\springfox\springfox-spi\2.4.0\springfox-spi-2.4.0.jar;C:\Users\samik\.m2\repository\io\springfox\springfox-core\2.4.0\springfox-core-2.4.0.jar;C:\Users\samik\.m2\repository\io\springfox\springfox-schema\2.4.0\springfox-schema-2.4.0.jar;C:\Users\samik\.m2\repository\io\springfox\springfox-swagger-common\2.4.0\springfox-swagger-common-2.4.0.jar;C:\Users\samik\.m2\repository\io\springfox\springfox-spring-web\2.4.0\springfox-spring-web-2.4.0.jar;C:\Users\samik\.m2\repository\com\google\guava\guava\18.0\guava-18.0.jar;C:\Users\samik\.m2\repository\com\fasterxml\classmate\1.3.3\classmate-1.3.3.jar;C:\Users\samik\.m2\repository\org\slf4j\slf4j-api\1.7.22\slf4j-api-1.7.22.jar;C:\Users\samik\.m2\repository\org\springframework\plugin\spring-plugin-core\1.2.0.RELEASE\spring-plugin-core-1.2.0.RELEASE.jar;C:\Users\samik\.m2\repository\org\springframework\plugin\spring-plugin-metadata\1.2.0.RELEASE\spring-plugin-metadata-1.2.0.RELEASE.jar;C:\Users\samik\.m2\repository\io\springfox\springfox-swagger-ui\2.4.0\springfox-swagger-ui-2.4.0.jar;C:\Users\samik\.m2\repository\log4j\log4j\1.2.17\log4j-1.2.17.jar;C:\Users\samik\.m2\repository\org\apache\httpcomponents\httpclient\4.5.5\httpclient-4.5.5.jar;C:\Users\samik\.m2\repository\org\apache\httpcomponents\httpcore\4.4.6\httpcore-4.4.6.jar;C:\Users\samik\.m2\repository\com\fasterxml\jackson\core\jackson-core\2.9.4\jackson-core-2.9.4.jar;C:\Users\samik\.m2\repository\com\google\code\gson\gson\2.8.0\gson-2.8.0.jar;, java.vm.vendor=Oracle Corporation, user.variant=, user.timezone=Europe/Helsinki, os.name=Windows 10, java.vm.specification.version=9, sun.java.launcher=SUN_STANDARD, user.country=FI, surefire.test.class.path=C:\Users\samik\git\EquipmentManager\target\test-classes;C:\Users\samik\git\EquipmentManager\target\classes;C:\Users\samik\.m2\repository\org\springframework\boot\spring-boot-starter-data-jpa\1.5.1.RELEASE\spring-boot-starter-data-jpa-1.5.1.RELEASE.jar;C:\Users\samik\.m2\repository\org\springframework\boot\spring-boot-starter\1.5.1.RELEASE\spring-boot-starter-1.5.1.RELEASE.jar;C:\Users\samik\.m2\repository\org\springframework\boot\spring-boot\1.5.1.RELEASE\spring-boot-1.5.1.RELEASE.jar;C:\Users\samik\.m2\repository\org\springframework\boot\spring-boot-autoconfigure\1.5.1.RELEASE\spring-boot-autoconfigure-1.5.1.RELEASE.jar;C:\Users\samik\.m2\repository\org\springframework\boot\spring-boot-starter-logging\1.5.1.RELEASE\spring-boot-starter-logging-1.5.1.RELEASE.jar;C:\Users\samik\.m2\repository\ch\qos\logback\logback-classic\1.1.9\logback-classic-1.1.9.jar;C:\Users\samik\.m2\repository\ch\qos\logback\logback-core\1.1.9\logback-core-1.1.9.jar;C:\Users\samik\.m2\repository\org\slf4j\jul-to-slf4j\1.7.22\jul-to-slf4j-1.7.22.jar;C:\Users\samik\.m2\repository\org\slf4j\log4j-over-slf4j\1.7.22\log4j-over-slf4j-1.7.22.jar;C:\Users\samik\.m2\repository\org\yaml\snakeyaml\1.17\snakeyaml-1.17.jar;C:\Users\samik\.m2\repository\org\springframework\boot\spring-boot-starter-aop\1.5.1.RELEASE\spring-boot-starter-aop-1.5.1.RELEASE.jar;C:\Users\samik\.m2\repository\org\springframework\spring-aop\4.3.6.RELEASE\spring-aop-4.3.6.RELEASE.jar;C:\Users\samik\.m2\repository\org\aspectj\aspectjweaver\1.8.9\aspectjweaver-1.8.9.jar;C:\Users\samik\.m2\repository\org\springframework\boot\spring-boot-starter-jdbc\1.5.1.RELEASE\spring-boot-starter-jdbc-1.5.1.RELEASE.jar;C:\Users\samik\.m2\repository\org\apache\tomcat\tomcat-jdbc\8.5.11\tomcat-jdbc-8.5.11.jar;C:\Users\samik\.m2\repository\org\apache\tomcat\tomcat-juli\8.5.11\tomcat-juli-8.5.11.jar;C:\Users\samik\.m2\repository\org\springframework\spring-jdbc\4.3.6.RELEASE\spring-jdbc-4.3.6.RELEASE.jar;C:\Users\samik\.m2\repository\org\hibernate\hibernate-core\5.0.11.Final\hibernate-core-5.0.11.Final.jar;C:\Users\samik\.m2\repository\org\jboss\logging\jboss-logging\3.3.0.Final\jboss-logging-3.3.0.Final.jar;C:\Users\samik\.m2\repository\org\hibernate\javax\persistence\hibernate-jpa-2.1-api\1.0.0.Final\hibernate-jpa-2.1-api-1.0.0.Final.jar;C:\Users\samik\.m2\repository\org\javassist\javassist\3.21.0-GA\javassist-3.21.0-GA.jar;C:\Users\samik\.m2\repository\antlr\antlr\2.7.7\antlr-2.7.7.jar;C:\Users\samik\.m2\repository\org\jboss\jandex\2.0.0.Final\jandex-2.0.0.Final.jar;C:\Users\samik\.m2\repository\org\hibernate\common\hibernate-commons-annotations\5.0.1.Final\hibernate-commons-annotations-5.0.1.Final.jar;C:\Users\samik\.m2\repository\org\hibernate\hibernate-entitymanager\5.0.11.Final\hibernate-entitymanager-5.0.11.Final.jar;C:\Users\samik\.m2\repository\javax\transaction\javax.transaction-api\1.2\javax.transaction-api-1.2.jar;C:\Users\samik\.m2\repository\org\springframework\data\spring-data-jpa\1.11.0.RELEASE\spring-data-jpa-1.11.0.RELEASE.jar;C:\Users\samik\.m2\repository\org\springframework\data\spring-data-commons\1.13.0.RELEASE\spring-data-commons-1.13.0.RELEASE.jar;C:\Users\samik\.m2\repository\org\springframework\spring-orm\4.3.6.RELEASE\spring-orm-4.3.6.RELEASE.jar;C:\Users\samik\.m2\repository\org\springframework\spring-context\4.3.6.RELEASE\spring-context-4.3.6.RELEASE.jar;C:\Users\samik\.m2\repository\org\springframework\spring-tx\4.3.6.RELEASE\spring-tx-4.3.6.RELEASE.jar;C:\Users\samik\.m2\repository\org\springframework\spring-beans\4.3.6.RELEASE\spring-beans-4.3.6.RELEASE.jar;C:\Users\samik\.m2\repository\org\slf4j\jcl-over-slf4j\1.7.22\jcl-over-slf4j-1.7.22.jar;C:\Users\samik\.m2\repository\org\springframework\spring-aspects\4.3.6.RELEASE\spring-aspects-4.3.6.RELEASE.jar;C:\Users\samik\.m2\repository\org\springframework\boot\spring-boot-starter-web\1.5.1.RELEASE\spring-boot-starter-web-1.5.1.RELEASE.jar;C:\Users\samik\.m2\repository\org\springframework\boot\spring-boot-starter-tomcat\1.5.1.RELEASE\spring-boot-starter-tomcat-1.5.1.RELEASE.jar;C:\Users\samik\.m2\repository\org\apache\tomcat\embed\tomcat-embed-websocket\8.5.11\tomcat-embed-websocket-8.5.11.jar;C:\Users\samik\.m2\repository\org\hibernate\hibernate-validator\5.3.4.Final\hibernate-validator-5.3.4.Final.jar;C:\Users\samik\.m2\repository\javax\validation\validation-api\1.1.0.Final\validation-api-1.1.0.Final.jar;C:\Users\samik\.m2\repository\com\fasterxml\jackson\core\jackson-databind\2.8.6\jackson-databind-2.8.6.jar;C:\Users\samik\.m2\repository\com\fasterxml\jackson\core\jackson-annotations\2.8.0\jackson-annotations-2.8.0.jar;C:\Users\samik\.m2\repository\org\springframework\spring-web\4.3.6.RELEASE\spring-web-4.3.6.RELEASE.jar;C:\Users\samik\.m2\repository\org\springframework\spring-webmvc\4.3.6.RELEASE\spring-webmvc-4.3.6.RELEASE.jar;C:\Users\samik\.m2\repository\org\springframework\spring-expression\4.3.6.RELEASE\spring-expression-4.3.6.RELEASE.jar;C:\Users\samik\.m2\repository\org\springframework\boot\spring-boot-starter-test\1.5.1.RELEASE\spring-boot-starter-test-1.5.1.RELEASE.jar;C:\Users\samik\.m2\repository\org\springframework\boot\spring-boot-test\1.5.1.RELEASE\spring-boot-test-1.5.1.RELEASE.jar;C:\Users\samik\.m2\repository\org\springframework\boot\spring-boot-test-autoconfigure\1.5.1.RELEASE\spring-boot-test-autoconfigure-1.5.1.RELEASE.jar;C:\Users\samik\.m2\repository\com\jayway\jsonpath\json-path\2.2.0\json-path-2.2.0.jar;C:\Users\samik\.m2\repository\net\minidev\json-smart\2.2.1\json-smart-2.2.1.jar;C:\Users\samik\.m2\repository\net\minidev\accessors-smart\1.1\accessors-smart-1.1.jar;C:\Users\samik\.m2\repository\org\ow2\asm\asm\5.0.3\asm-5.0.3.jar;C:\Users\samik\.m2\repository\junit\junit\4.12\junit-4.12.jar;C:\Users\samik\.m2\repository\org\assertj\assertj-core\2.6.0\assertj-core-2.6.0.jar;C:\Users\samik\.m2\repository\org\mockito\mockito-core\1.10.19\mockito-core-1.10.19.jar;C:\Users\samik\.m2\repository\org\objenesis\objenesis\2.1\objenesis-2.1.jar;C:\Users\samik\.m2\repository\org\hamcrest\hamcrest-core\1.3\hamcrest-core-1.3.jar;C:\Users\samik\.m2\repository\org\hamcrest\hamcrest-library\1.3\hamcrest-library-1.3.jar;C:\Users\samik\.m2\repository\org\skyscreamer\jsonassert\1.4.0\jsonassert-1.4.0.jar;C:\Users\samik\.m2\repository\com\vaadin\external\google\android-json\0.0.20131108.vaadin1\android-json-0.0.20131108.vaadin1.jar;C:\Users\samik\.m2\repository\org\springframework\spring-core\4.3.6.RELEASE\spring-core-4.3.6.RELEASE.jar;C:\Users\samik\.m2\repository\org\springframework\spring-test\4.3.6.RELEASE\spring-test-4.3.6.RELEASE.jar;C:\Users\samik\.m2\repository\javax\xml\bind\jaxb-api\2.3.0\jaxb-api-2.3.0.jar;C:\Users\samik\.m2\repository\org\apache\poi\poi\3.9\poi-3.9.jar;C:\Users\samik\.m2\repository\commons-codec\commons-codec\1.10\commons-codec-1.10.jar;C:\Users\samik\.m2\repository\org\apache\poi\poi-ooxml\3.9\poi-ooxml-3.9.jar;C:\Users\samik\.m2\repository\org\apache\poi\poi-ooxml-schemas\3.9\poi-ooxml-schemas-3.9.jar;C:\Users\samik\.m2\repository\org\apache\xmlbeans\xmlbeans\2.3.0\xmlbeans-2.3.0.jar;C:\Users\samik\.m2\repository\stax\stax-api\1.0.1\stax-api-1.0.1.jar;C:\Users\samik\.m2\repository\dom4j\dom4j\1.6.1\dom4j-1.6.1.jar;C:\Users\samik\.m2\repository\xml-apis\xml-apis\1.4.01\xml-apis-1.4.01.jar;C:\Users\samik\.m2\repository\com\h2database\h2\1.3.156\h2-1.3.156.jar;C:\Users\samik\.m2\repository\org\apache\tomcat\embed\tomcat-embed-jasper\8.5.11\tomcat-embed-jasper-8.5.11.jar;C:\Users\samik\.m2\repository\org\apache\tomcat\embed\tomcat-embed-core\8.5.11\tomcat-embed-core-8.5.11.jar;C:\Users\samik\.m2\repository\org\apache\tomcat\embed\tomcat-embed-el\8.5.11\tomcat-embed-el-8.5.11.jar;C:\Users\samik\.m2\repository\org\eclipse\jdt\core\compiler\ecj\4.5.1\ecj-4.5.1.jar;C:\Users\samik\.m2\repository\org\eclipse\persistence\eclipselink\2.5.0-RC1\eclipselink-2.5.0-RC1.jar;C:\Users\samik\.m2\repository\org\eclipse\persistence\javax.persistence\2.1.0-RC1\javax.persistence-2.1.0-RC1.jar;C:\Users\samik\.m2\repository\org\eclipse\persistence\commonj.sdo\2.1.1\commonj.sdo-2.1.1.jar;C:\Users\samik\.m2\repository\mysql\mysql-connector-java\5.1.40\mysql-connector-java-5.1.40.jar;C:\Users\samik\.m2\repository\io\springfox\springfox-swagger2\2.4.0\springfox-swagger2-2.4.0.jar;C:\Users\samik\.m2\repository\io\swagger\swagger-annotations\1.5.6\swagger-annotations-1.5.6.jar;C:\Users\samik\.m2\repository\io\swagger\swagger-models\1.5.6\swagger-models-1.5.6.jar;C:\Users\samik\.m2\repository\io\springfox\springfox-spi\2.4.0\springfox-spi-2.4.0.jar;C:\Users\samik\.m2\repository\io\springfox\springfox-core\2.4.0\springfox-core-2.4.0.jar;C:\Users\samik\.m2\repository\io\springfox\springfox-schema\2.4.0\springfox-schema-2.4.0.jar;C:\Users\samik\.m2\repository\io\springfox\springfox-swagger-common\2.4.0\springfox-swagger-common-2.4.0.jar;C:\Users\samik\.m2\repository\io\springfox\springfox-spring-web\2.4.0\springfox-spring-web-2.4.0.jar;C:\Users\samik\.m2\repository\com\google\guava\guava\18.0\guava-18.0.jar;C:\Users\samik\.m2\repository\com\fasterxml\classmate\1.3.3\classmate-1.3.3.jar;C:\Users\samik\.m2\repository\org\slf4j\slf4j-api\1.7.22\slf4j-api-1.7.22.jar;C:\Users\samik\.m2\repository\org\springframework\plugin\spring-plugin-core\1.2.0.RELEASE\spring-plugin-core-1.2.0.RELEASE.jar;C:\Users\samik\.m2\repository\org\springframework\plugin\spring-plugin-metadata\1.2.0.RELEASE\spring-plugin-metadata-1.2.0.RELEASE.jar;C:\Users\samik\.m2\repository\io\springfox\springfox-swagger-ui\2.4.0\springfox-swagger-ui-2.4.0.jar;C:\Users\samik\.m2\repository\log4j\log4j\1.2.17\log4j-1.2.17.jar;C:\Users\samik\.m2\repository\org\apache\httpcomponents\httpclient\4.5.5\httpclient-4.5.5.jar;C:\Users\samik\.m2\repository\org\apache\httpcomponents\httpcore\4.4.6\httpcore-4.4.6.jar;C:\Users\samik\.m2\repository\com\fasterxml\jackson\core\jackson-core\2.9.4\jackson-core-2.9.4.jar;C:\Users\samik\.m2\repository\com\google\code\gson\gson\2.8.0\gson-2.8.0.jar;, sun.cpu.endian=little, user.home=C:\Users\samik, user.language=fi, java.awt.graphicsenv=sun.awt.Win32GraphicsEnvironment, javax.persistence.jdbc.driver=com.mysql.jdbc.Driver, surefire.real.class.path=C:\Users\samik\git\EquipmentManager\target\surefire\surefirebooter6417661907547887216.jar, path.separator=;, hibernate.connection.username=testdbuser, os.version=10.0, java.runtime.name=Java(TM) SE Runtime Environment, hibernate.connection.url=jdbc:mysql://localhost:3306/emanager_testdb, hibernate.ejb.persistenceUnitName=EquipmentManager, java.vm.name=Java HotSpot(TM) 64-Bit Server VM, java.vendor.url.bug=http://bugreport.java.com/bugreport/, user.dir=C:\Users\samik\git\EquipmentManager, os.arch=amd64, hibernate.connection.password=testpwd, hibernate.boot.CfgXmlAccessService.key=org.hibernate.boot.cfgxml.spi.LoadedConfig@11dc183b, java.vm.info=mixed mode, java.vm.version=9.0.4+11, hibernate.bytecode.use_reflection_optimizer=false, javax.persistence.jdbc.password=testpwd, java.class.version=53.0}
12:43:42.402 [main] DEBUG org.hibernate.validator.internal.engine.resolver.DefaultTraversableResolver - Found javax.persistence.Persistence on classpath containing 'getPersistenceUtil'. Assuming JPA 2 environment. Trying to instantiate JPA aware TraversableResolver
12:43:42.402 [main] DEBUG org.hibernate.validator.internal.engine.resolver.DefaultTraversableResolver - Instantiated JPA aware TraversableResolver of type org.hibernate.validator.internal.engine.resolver.JPATraversableResolver.
12:43:42.402 [main] DEBUG org.hibernate.validator.internal.xml.ValidationXmlParser - Trying to load META-INF/validation.xml for XML based Validator configuration.
12:43:42.402 [main] DEBUG org.hibernate.validator.internal.xml.ResourceLoaderHelper - Trying to load META-INF/validation.xml via TCCL
12:43:42.402 [main] DEBUG org.hibernate.validator.internal.xml.ResourceLoaderHelper - Trying to load META-INF/validation.xml via Hibernate Validator's class loader
12:43:42.402 [main] DEBUG org.hibernate.validator.internal.xml.ValidationXmlParser - No META-INF/validation.xml found. Using annotation based configuration only.
12:43:42.403 [main] DEBUG org.hibernate.boot.internal.ClassLoaderAccessImpl - Not known whether passed class name [model.Equipmenttype] is safe
12:43:42.403 [main] DEBUG org.hibernate.boot.internal.ClassLoaderAccessImpl - No temp ClassLoader provided; using live ClassLoader for loading potentially unsafe class : model.Equipmenttype
12:43:42.404 [main] DEBUG org.hibernate.boot.internal.ClassLoaderAccessImpl - Not known whether passed class name [model.Employee] is safe
12:43:42.404 [main] DEBUG org.hibernate.boot.internal.ClassLoaderAccessImpl - No temp ClassLoader provided; using live ClassLoader for loading potentially unsafe class : model.Employee
12:43:42.404 [main] DEBUG org.hibernate.boot.internal.ClassLoaderAccessImpl - Not known whether passed class name [model.Equipment] is safe
12:43:42.404 [main] DEBUG org.hibernate.boot.internal.ClassLoaderAccessImpl - No temp ClassLoader provided; using live ClassLoader for loading potentially unsafe class : model.Equipment
12:43:42.404 [main] DEBUG org.hibernate.boot.internal.ClassLoaderAccessImpl - Not known whether passed class name [model.Reservation] is safe
12:43:42.404 [main] DEBUG org.hibernate.boot.internal.ClassLoaderAccessImpl - No temp ClassLoader provided; using live ClassLoader for loading potentially unsafe class : model.Reservation
12:43:42.405 [main] DEBUG org.hibernate.secure.spi.JaccIntegrator - Skipping JACC integration as it was not enabled
12:43:42.405 [main] DEBUG org.hibernate.engine.spi.CascadeStyles - External cascade style regsitration [persist : STYLE_PERSIST_SKIPLAZY] overrode base registration [STYLE_PERSIST_SKIPLAZY]
12:43:42.405 [main] DEBUG org.hibernate.boot.internal.ClassLoaderAccessImpl - Not known whether passed class name [model.Equipmenttype] is safe
12:43:42.405 [main] DEBUG org.hibernate.boot.internal.ClassLoaderAccessImpl - No temp ClassLoader provided; using live ClassLoader for loading potentially unsafe class : model.Equipmenttype
12:43:42.405 [main] DEBUG org.hibernate.boot.internal.ClassLoaderAccessImpl - Not known whether passed class name [model.Equipmenttype] is safe
12:43:42.405 [main] DEBUG org.hibernate.boot.internal.ClassLoaderAccessImpl - No temp ClassLoader provided; using live ClassLoader for loading potentially unsafe class : model.Equipmenttype
12:43:42.405 [main] DEBUG org.hibernate.boot.internal.ClassLoaderAccessImpl - Not known whether passed class name [model.Employee] is safe
12:43:42.405 [main] DEBUG org.hibernate.boot.internal.ClassLoaderAccessImpl - No temp ClassLoader provided; using live ClassLoader for loading potentially unsafe class : model.Employee
12:43:42.405 [main] DEBUG org.hibernate.boot.internal.ClassLoaderAccessImpl - Not known whether passed class name [model.Employee] is safe
12:43:42.405 [main] DEBUG org.hibernate.boot.internal.ClassLoaderAccessImpl - No temp ClassLoader provided; using live ClassLoader for loading potentially unsafe class : model.Employee
12:43:42.405 [main] DEBUG org.hibernate.boot.internal.ClassLoaderAccessImpl - Not known whether passed class name [model.Equipment] is safe
12:43:42.405 [main] DEBUG org.hibernate.boot.internal.ClassLoaderAccessImpl - No temp ClassLoader provided; using live ClassLoader for loading potentially unsafe class : model.Equipment
12:43:42.405 [main] DEBUG org.hibernate.boot.internal.ClassLoaderAccessImpl - Not known whether passed class name [model.Equipment] is safe
12:43:42.405 [main] DEBUG org.hibernate.boot.internal.ClassLoaderAccessImpl - No temp ClassLoader provided; using live ClassLoader for loading potentially unsafe class : model.Equipment
12:43:42.405 [main] DEBUG org.hibernate.boot.internal.ClassLoaderAccessImpl - Not known whether passed class name [model.Reservation] is safe
12:43:42.405 [main] DEBUG org.hibernate.boot.internal.ClassLoaderAccessImpl - No temp ClassLoader provided; using live ClassLoader for loading potentially unsafe class : model.Reservation
12:43:42.406 [main] DEBUG org.hibernate.boot.internal.ClassLoaderAccessImpl - Not known whether passed class name [model.Reservation] is safe
12:43:42.406 [main] DEBUG org.hibernate.boot.internal.ClassLoaderAccessImpl - No temp ClassLoader provided; using live ClassLoader for loading potentially unsafe class : model.Reservation
12:43:42.406 [main] DEBUG org.hibernate.persister.entity.AbstractEntityPersister - Static SQL for entity: model.Equipmenttype
12:43:42.406 [main] DEBUG org.hibernate.persister.entity.AbstractEntityPersister -  Version select: select equipmentTypeId from Equipmenttype where equipmentTypeId =?
12:43:42.406 [main] DEBUG org.hibernate.persister.entity.AbstractEntityPersister -  Snapshot select: select equipmentt_.equipmentTypeId, equipmentt_.typeCode as typeCode2_2_, equipmentt_.typeName as typeName3_2_ from Equipmenttype equipmentt_ where equipmentt_.equipmentTypeId=?
12:43:42.406 [main] DEBUG org.hibernate.persister.entity.AbstractEntityPersister -  Insert 0: insert into Equipmenttype (typeCode, typeName, equipmentTypeId) values (?, ?, ?)
12:43:42.406 [main] DEBUG org.hibernate.persister.entity.AbstractEntityPersister -  Update 0: update Equipmenttype set typeCode=?, typeName=? where equipmentTypeId=?
12:43:42.406 [main] DEBUG org.hibernate.persister.entity.AbstractEntityPersister -  Delete 0: delete from Equipmenttype where equipmentTypeId=?
12:43:42.406 [main] DEBUG org.hibernate.persister.entity.AbstractEntityPersister -  Identity insert: insert into Equipmenttype (typeCode, typeName) values (?, ?)
12:43:42.406 [main] DEBUG org.hibernate.loader.plan.build.internal.spaces.QuerySpacesImpl - Adding QuerySpace : uid = <gen:0> -> org.hibernate.loader.plan.build.internal.spaces.EntityQuerySpaceImpl@51e02080]
12:43:42.406 [main] DEBUG org.hibernate.persister.walking.spi.MetamodelGraphWalker - Visiting attribute path : typeCode
12:43:42.406 [main] DEBUG org.hibernate.persister.walking.spi.MetamodelGraphWalker - Visiting attribute path : typeName
12:43:42.406 [main] DEBUG org.hibernate.loader.plan.build.internal.FetchStyleLoadPlanBuildingAssociationVisitationStrategy - Building LoadPlan...
12:43:42.406 [main] DEBUG org.hibernate.loader.plan.exec.internal.LoadQueryJoinAndFetchProcessor - processing queryspace <gen:0>
12:43:42.406 [main] DEBUG org.hibernate.loader.plan.build.spi.LoadPlanTreePrinter - LoadPlan(entity=model.Equipmenttype)
    - Returns
       - EntityReturnImpl(entity=model.Equipmenttype, querySpaceUid=<gen:0>, path=model.Equipmenttype)
    - QuerySpaces
       - EntityQuerySpaceImpl(uid=<gen:0>, entity=model.Equipmenttype)
          - SQL table alias mapping - equipmentt0_
          - alias suffix - 0_
          - suffixed key columns - {equipmen1_2_0_}

12:43:42.406 [main] DEBUG org.hibernate.loader.entity.plan.EntityLoader - Static select for entity model.Equipmenttype [NONE]: select equipmentt0_.equipmentTypeId as equipmen1_2_0_, equipmentt0_.typeCode as typeCode2_2_0_, equipmentt0_.typeName as typeName3_2_0_ from Equipmenttype equipmentt0_ where equipmentt0_.equipmentTypeId=?
12:43:42.406 [main] DEBUG org.hibernate.loader.plan.build.internal.spaces.QuerySpacesImpl - Adding QuerySpace : uid = <gen:0> -> org.hibernate.loader.plan.build.internal.spaces.EntityQuerySpaceImpl@7ece8430]
12:43:42.406 [main] DEBUG org.hibernate.persister.walking.spi.MetamodelGraphWalker - Visiting attribute path : typeCode
12:43:42.406 [main] DEBUG org.hibernate.persister.walking.spi.MetamodelGraphWalker - Visiting attribute path : typeName
12:43:42.406 [main] DEBUG org.hibernate.loader.plan.build.internal.FetchStyleLoadPlanBuildingAssociationVisitationStrategy - Building LoadPlan...
12:43:42.406 [main] DEBUG org.hibernate.loader.plan.exec.internal.LoadQueryJoinAndFetchProcessor - processing queryspace <gen:0>
12:43:42.406 [main] DEBUG org.hibernate.loader.plan.build.spi.LoadPlanTreePrinter - LoadPlan(entity=model.Equipmenttype)
    - Returns
       - EntityReturnImpl(entity=model.Equipmenttype, querySpaceUid=<gen:0>, path=model.Equipmenttype)
    - QuerySpaces
       - EntityQuerySpaceImpl(uid=<gen:0>, entity=model.Equipmenttype)
          - SQL table alias mapping - equipmentt0_
          - alias suffix - 0_
          - suffixed key columns - {equipmen1_2_0_}

12:43:42.406 [main] DEBUG org.hibernate.loader.entity.plan.EntityLoader - Static select for entity model.Equipmenttype [READ]: select equipmentt0_.equipmentTypeId as equipmen1_2_0_, equipmentt0_.typeCode as typeCode2_2_0_, equipmentt0_.typeName as typeName3_2_0_ from Equipmenttype equipmentt0_ where equipmentt0_.equipmentTypeId=?
12:43:42.406 [main] DEBUG org.hibernate.loader.plan.build.internal.spaces.QuerySpacesImpl - Adding QuerySpace : uid = <gen:0> -> org.hibernate.loader.plan.build.internal.spaces.EntityQuerySpaceImpl@12aea4fe]
12:43:42.406 [main] DEBUG org.hibernate.persister.walking.spi.MetamodelGraphWalker - Visiting attribute path : typeCode
12:43:42.406 [main] DEBUG org.hibernate.persister.walking.spi.MetamodelGraphWalker - Visiting attribute path : typeName
12:43:42.406 [main] DEBUG org.hibernate.loader.plan.build.internal.FetchStyleLoadPlanBuildingAssociationVisitationStrategy - Building LoadPlan...
12:43:42.406 [main] DEBUG org.hibernate.loader.plan.exec.internal.LoadQueryJoinAndFetchProcessor - processing queryspace <gen:0>
12:43:42.406 [main] DEBUG org.hibernate.loader.plan.build.spi.LoadPlanTreePrinter - LoadPlan(entity=model.Equipmenttype)
    - Returns
       - EntityReturnImpl(entity=model.Equipmenttype, querySpaceUid=<gen:0>, path=model.Equipmenttype)
    - QuerySpaces
       - EntityQuerySpaceImpl(uid=<gen:0>, entity=model.Equipmenttype)
          - SQL table alias mapping - equipmentt0_
          - alias suffix - 0_
          - suffixed key columns - {equipmen1_2_0_}

12:43:42.406 [main] DEBUG org.hibernate.loader.entity.plan.EntityLoader - Static select for entity model.Equipmenttype [UPGRADE]: select equipmentt0_.equipmentTypeId as equipmen1_2_0_, equipmentt0_.typeCode as typeCode2_2_0_, equipmentt0_.typeName as typeName3_2_0_ from Equipmenttype equipmentt0_ where equipmentt0_.equipmentTypeId=? for update
12:43:42.406 [main] DEBUG org.hibernate.loader.plan.build.internal.spaces.QuerySpacesImpl - Adding QuerySpace : uid = <gen:0> -> org.hibernate.loader.plan.build.internal.spaces.EntityQuerySpaceImpl@e8a5331]
12:43:42.406 [main] DEBUG org.hibernate.persister.walking.spi.MetamodelGraphWalker - Visiting attribute path : typeCode
12:43:42.406 [main] DEBUG org.hibernate.persister.walking.spi.MetamodelGraphWalker - Visiting attribute path : typeName
12:43:42.406 [main] DEBUG org.hibernate.loader.plan.build.internal.FetchStyleLoadPlanBuildingAssociationVisitationStrategy - Building LoadPlan...
12:43:42.406 [main] DEBUG org.hibernate.loader.plan.exec.internal.LoadQueryJoinAndFetchProcessor - processing queryspace <gen:0>
12:43:42.406 [main] DEBUG org.hibernate.loader.plan.build.spi.LoadPlanTreePrinter - LoadPlan(entity=model.Equipmenttype)
    - Returns
       - EntityReturnImpl(entity=model.Equipmenttype, querySpaceUid=<gen:0>, path=model.Equipmenttype)
    - QuerySpaces
       - EntityQuerySpaceImpl(uid=<gen:0>, entity=model.Equipmenttype)
          - SQL table alias mapping - equipmentt0_
          - alias suffix - 0_
          - suffixed key columns - {equipmen1_2_0_}

12:43:42.406 [main] DEBUG org.hibernate.loader.entity.plan.EntityLoader - Static select for entity model.Equipmenttype [UPGRADE_NOWAIT]: select equipmentt0_.equipmentTypeId as equipmen1_2_0_, equipmentt0_.typeCode as typeCode2_2_0_, equipmentt0_.typeName as typeName3_2_0_ from Equipmenttype equipmentt0_ where equipmentt0_.equipmentTypeId=? for update
12:43:42.406 [main] DEBUG org.hibernate.loader.plan.build.internal.spaces.QuerySpacesImpl - Adding QuerySpace : uid = <gen:0> -> org.hibernate.loader.plan.build.internal.spaces.EntityQuerySpaceImpl@78af46bf]
12:43:42.406 [main] DEBUG org.hibernate.persister.walking.spi.MetamodelGraphWalker - Visiting attribute path : typeCode
12:43:42.406 [main] DEBUG org.hibernate.persister.walking.spi.MetamodelGraphWalker - Visiting attribute path : typeName
12:43:42.406 [main] DEBUG org.hibernate.loader.plan.build.internal.FetchStyleLoadPlanBuildingAssociationVisitationStrategy - Building LoadPlan...
12:43:42.406 [main] DEBUG org.hibernate.loader.plan.exec.internal.LoadQueryJoinAndFetchProcessor - processing queryspace <gen:0>
12:43:42.406 [main] DEBUG org.hibernate.loader.plan.build.spi.LoadPlanTreePrinter - LoadPlan(entity=model.Equipmenttype)
    - Returns
       - EntityReturnImpl(entity=model.Equipmenttype, querySpaceUid=<gen:0>, path=model.Equipmenttype)
    - QuerySpaces
       - EntityQuerySpaceImpl(uid=<gen:0>, entity=model.Equipmenttype)
          - SQL table alias mapping - equipmentt0_
          - alias suffix - 0_
          - suffixed key columns - {equipmen1_2_0_}

12:43:42.406 [main] DEBUG org.hibernate.loader.entity.plan.EntityLoader - Static select for entity model.Equipmenttype [UPGRADE_SKIPLOCKED]: select equipmentt0_.equipmentTypeId as equipmen1_2_0_, equipmentt0_.typeCode as typeCode2_2_0_, equipmentt0_.typeName as typeName3_2_0_ from Equipmenttype equipmentt0_ where equipmentt0_.equipmentTypeId=? for update
12:43:42.406 [main] DEBUG org.hibernate.loader.plan.build.internal.spaces.QuerySpacesImpl - Adding QuerySpace : uid = <gen:0> -> org.hibernate.loader.plan.build.internal.spaces.EntityQuerySpaceImpl@5d32d21f]
12:43:42.406 [main] DEBUG org.hibernate.persister.walking.spi.MetamodelGraphWalker - Visiting attribute path : typeCode
12:43:42.406 [main] DEBUG org.hibernate.persister.walking.spi.MetamodelGraphWalker - Visiting attribute path : typeName
12:43:42.406 [main] DEBUG org.hibernate.loader.plan.build.internal.FetchStyleLoadPlanBuildingAssociationVisitationStrategy - Building LoadPlan...
12:43:42.406 [main] DEBUG org.hibernate.loader.plan.exec.internal.LoadQueryJoinAndFetchProcessor - processing queryspace <gen:0>
12:43:42.406 [main] DEBUG org.hibernate.loader.plan.build.spi.LoadPlanTreePrinter - LoadPlan(entity=model.Equipmenttype)
    - Returns
       - EntityReturnImpl(entity=model.Equipmenttype, querySpaceUid=<gen:0>, path=model.Equipmenttype)
    - QuerySpaces
       - EntityQuerySpaceImpl(uid=<gen:0>, entity=model.Equipmenttype)
          - SQL table alias mapping - equipmentt0_
          - alias suffix - 0_
          - suffixed key columns - {equipmen1_2_0_}

12:43:42.406 [main] DEBUG org.hibernate.loader.entity.plan.EntityLoader - Static select for entity model.Equipmenttype [FORCE]: select equipmentt0_.equipmentTypeId as equipmen1_2_0_, equipmentt0_.typeCode as typeCode2_2_0_, equipmentt0_.typeName as typeName3_2_0_ from Equipmenttype equipmentt0_ where equipmentt0_.equipmentTypeId=? for update
12:43:42.406 [main] DEBUG org.hibernate.loader.plan.build.internal.spaces.QuerySpacesImpl - Adding QuerySpace : uid = <gen:0> -> org.hibernate.loader.plan.build.internal.spaces.EntityQuerySpaceImpl@4cbf8271]
12:43:42.406 [main] DEBUG org.hibernate.persister.walking.spi.MetamodelGraphWalker - Visiting attribute path : typeCode
12:43:42.406 [main] DEBUG org.hibernate.persister.walking.spi.MetamodelGraphWalker - Visiting attribute path : typeName
12:43:42.406 [main] DEBUG org.hibernate.loader.plan.build.internal.FetchStyleLoadPlanBuildingAssociationVisitationStrategy - Building LoadPlan...
12:43:42.406 [main] DEBUG org.hibernate.loader.plan.exec.internal.LoadQueryJoinAndFetchProcessor - processing queryspace <gen:0>
12:43:42.406 [main] DEBUG org.hibernate.loader.plan.build.spi.LoadPlanTreePrinter - LoadPlan(entity=model.Equipmenttype)
    - Returns
       - EntityReturnImpl(entity=model.Equipmenttype, querySpaceUid=<gen:0>, path=model.Equipmenttype)
    - QuerySpaces
       - EntityQuerySpaceImpl(uid=<gen:0>, entity=model.Equipmenttype)
          - SQL table alias mapping - equipmentt0_
          - alias suffix - 0_
          - suffixed key columns - {equipmen1_2_0_}

12:43:42.406 [main] DEBUG org.hibernate.loader.entity.plan.EntityLoader - Static select for entity model.Equipmenttype [PESSIMISTIC_READ]: select equipmentt0_.equipmentTypeId as equipmen1_2_0_, equipmentt0_.typeCode as typeCode2_2_0_, equipmentt0_.typeName as typeName3_2_0_ from Equipmenttype equipmentt0_ where equipmentt0_.equipmentTypeId=? lock in share mode
12:43:42.406 [main] DEBUG org.hibernate.loader.plan.build.internal.spaces.QuerySpacesImpl - Adding QuerySpace : uid = <gen:0> -> org.hibernate.loader.plan.build.internal.spaces.EntityQuerySpaceImpl@6e94767c]
12:43:42.406 [main] DEBUG org.hibernate.persister.walking.spi.MetamodelGraphWalker - Visiting attribute path : typeCode
12:43:42.406 [main] DEBUG org.hibernate.persister.walking.spi.MetamodelGraphWalker - Visiting attribute path : typeName
12:43:42.406 [main] DEBUG org.hibernate.loader.plan.build.internal.FetchStyleLoadPlanBuildingAssociationVisitationStrategy - Building LoadPlan...
12:43:42.406 [main] DEBUG org.hibernate.loader.plan.exec.internal.LoadQueryJoinAndFetchProcessor - processing queryspace <gen:0>
12:43:42.406 [main] DEBUG org.hibernate.loader.plan.build.spi.LoadPlanTreePrinter - LoadPlan(entity=model.Equipmenttype)
    - Returns
       - EntityReturnImpl(entity=model.Equipmenttype, querySpaceUid=<gen:0>, path=model.Equipmenttype)
    - QuerySpaces
       - EntityQuerySpaceImpl(uid=<gen:0>, entity=model.Equipmenttype)
          - SQL table alias mapping - equipmentt0_
          - alias suffix - 0_
          - suffixed key columns - {equipmen1_2_0_}

12:43:42.406 [main] DEBUG org.hibernate.loader.entity.plan.EntityLoader - Static select for entity model.Equipmenttype [PESSIMISTIC_WRITE]: select equipmentt0_.equipmentTypeId as equipmen1_2_0_, equipmentt0_.typeCode as typeCode2_2_0_, equipmentt0_.typeName as typeName3_2_0_ from Equipmenttype equipmentt0_ where equipmentt0_.equipmentTypeId=? for update
12:43:42.406 [main] DEBUG org.hibernate.loader.plan.build.internal.spaces.QuerySpacesImpl - Adding QuerySpace : uid = <gen:0> -> org.hibernate.loader.plan.build.internal.spaces.EntityQuerySpaceImpl@2d210bc9]
12:43:42.406 [main] DEBUG org.hibernate.persister.walking.spi.MetamodelGraphWalker - Visiting attribute path : typeCode
12:43:42.406 [main] DEBUG org.hibernate.persister.walking.spi.MetamodelGraphWalker - Visiting attribute path : typeName
12:43:42.406 [main] DEBUG org.hibernate.loader.plan.build.internal.FetchStyleLoadPlanBuildingAssociationVisitationStrategy - Building LoadPlan...
12:43:42.406 [main] DEBUG org.hibernate.loader.plan.exec.internal.LoadQueryJoinAndFetchProcessor - processing queryspace <gen:0>
12:43:42.406 [main] DEBUG org.hibernate.loader.plan.build.spi.LoadPlanTreePrinter - LoadPlan(entity=model.Equipmenttype)
    - Returns
       - EntityReturnImpl(entity=model.Equipmenttype, querySpaceUid=<gen:0>, path=model.Equipmenttype)
    - QuerySpaces
       - EntityQuerySpaceImpl(uid=<gen:0>, entity=model.Equipmenttype)
          - SQL table alias mapping - equipmentt0_
          - alias suffix - 0_
          - suffixed key columns - {equipmen1_2_0_}

12:43:42.406 [main] DEBUG org.hibernate.loader.entity.plan.EntityLoader - Static select for entity model.Equipmenttype [PESSIMISTIC_FORCE_INCREMENT]: select equipmentt0_.equipmentTypeId as equipmen1_2_0_, equipmentt0_.typeCode as typeCode2_2_0_, equipmentt0_.typeName as typeName3_2_0_ from Equipmenttype equipmentt0_ where equipmentt0_.equipmentTypeId=? for update
12:43:42.406 [main] DEBUG org.hibernate.loader.plan.build.internal.spaces.QuerySpacesImpl - Adding QuerySpace : uid = <gen:0> -> org.hibernate.loader.plan.build.internal.spaces.EntityQuerySpaceImpl@2aabc3c3]
12:43:42.406 [main] DEBUG org.hibernate.persister.walking.spi.MetamodelGraphWalker - Visiting attribute path : typeCode
12:43:42.406 [main] DEBUG org.hibernate.persister.walking.spi.MetamodelGraphWalker - Visiting attribute path : typeName
12:43:42.407 [main] DEBUG org.hibernate.loader.plan.build.internal.FetchStyleLoadPlanBuildingAssociationVisitationStrategy - Building LoadPlan...
12:43:42.407 [main] DEBUG org.hibernate.loader.plan.exec.internal.LoadQueryJoinAndFetchProcessor - processing queryspace <gen:0>
12:43:42.407 [main] DEBUG org.hibernate.loader.plan.build.spi.LoadPlanTreePrinter - LoadPlan(entity=model.Equipmenttype)
    - Returns
       - EntityReturnImpl(entity=model.Equipmenttype, querySpaceUid=<gen:0>, path=model.Equipmenttype)
    - QuerySpaces
       - EntityQuerySpaceImpl(uid=<gen:0>, entity=model.Equipmenttype)
          - SQL table alias mapping - equipmentt0_
          - alias suffix - 0_
          - suffixed key columns - {equipmen1_2_0_}

12:43:42.407 [main] DEBUG org.hibernate.loader.entity.plan.EntityLoader - Static select for entity model.Equipmenttype [OPTIMISTIC]: select equipmentt0_.equipmentTypeId as equipmen1_2_0_, equipmentt0_.typeCode as typeCode2_2_0_, equipmentt0_.typeName as typeName3_2_0_ from Equipmenttype equipmentt0_ where equipmentt0_.equipmentTypeId=?
12:43:42.407 [main] DEBUG org.hibernate.loader.plan.build.internal.spaces.QuerySpacesImpl - Adding QuerySpace : uid = <gen:0> -> org.hibernate.loader.plan.build.internal.spaces.EntityQuerySpaceImpl@7fccaacd]
12:43:42.407 [main] DEBUG org.hibernate.persister.walking.spi.MetamodelGraphWalker - Visiting attribute path : typeCode
12:43:42.407 [main] DEBUG org.hibernate.persister.walking.spi.MetamodelGraphWalker - Visiting attribute path : typeName
12:43:42.407 [main] DEBUG org.hibernate.loader.plan.build.internal.FetchStyleLoadPlanBuildingAssociationVisitationStrategy - Building LoadPlan...
12:43:42.407 [main] DEBUG org.hibernate.loader.plan.exec.internal.LoadQueryJoinAndFetchProcessor - processing queryspace <gen:0>
12:43:42.407 [main] DEBUG org.hibernate.loader.plan.build.spi.LoadPlanTreePrinter - LoadPlan(entity=model.Equipmenttype)
    - Returns
       - EntityReturnImpl(entity=model.Equipmenttype, querySpaceUid=<gen:0>, path=model.Equipmenttype)
    - QuerySpaces
       - EntityQuerySpaceImpl(uid=<gen:0>, entity=model.Equipmenttype)
          - SQL table alias mapping - equipmentt0_
          - alias suffix - 0_
          - suffixed key columns - {equipmen1_2_0_}

12:43:42.407 [main] DEBUG org.hibernate.loader.entity.plan.EntityLoader - Static select for entity model.Equipmenttype [OPTIMISTIC_FORCE_INCREMENT]: select equipmentt0_.equipmentTypeId as equipmen1_2_0_, equipmentt0_.typeCode as typeCode2_2_0_, equipmentt0_.typeName as typeName3_2_0_ from Equipmenttype equipmentt0_ where equipmentt0_.equipmentTypeId=?
12:43:42.407 [main] DEBUG org.hibernate.loader.Loader - Static select for action ACTION_MERGE on entity model.Equipmenttype: select equipmentt0_.equipmentTypeId as equipmen1_2_0_, equipmentt0_.typeCode as typeCode2_2_0_, equipmentt0_.typeName as typeName3_2_0_ from Equipmenttype equipmentt0_ where equipmentt0_.equipmentTypeId=?
12:43:42.407 [main] DEBUG org.hibernate.loader.Loader - Static select for action ACTION_REFRESH on entity model.Equipmenttype: select equipmentt0_.equipmentTypeId as equipmen1_2_0_, equipmentt0_.typeCode as typeCode2_2_0_, equipmentt0_.typeName as typeName3_2_0_ from Equipmenttype equipmentt0_ where equipmentt0_.equipmentTypeId=?
12:43:42.407 [main] DEBUG org.hibernate.persister.entity.AbstractEntityPersister - Static SQL for entity: model.Employee
12:43:42.407 [main] DEBUG org.hibernate.persister.entity.AbstractEntityPersister -  Version select: select employeeKey from employee where employeeKey =?
12:43:42.407 [main] DEBUG org.hibernate.persister.entity.AbstractEntityPersister -  Snapshot select: select employee_.employeeKey, employee_.employeeId as employee2_0_, employee_.name as name3_0_ from employee employee_ where employee_.employeeKey=?
12:43:42.407 [main] DEBUG org.hibernate.persister.entity.AbstractEntityPersister -  Insert 0: insert into employee (employeeId, name, employeeKey) values (?, ?, ?)
12:43:42.407 [main] DEBUG org.hibernate.persister.entity.AbstractEntityPersister -  Update 0: update employee set employeeId=?, name=? where employeeKey=?
12:43:42.407 [main] DEBUG org.hibernate.persister.entity.AbstractEntityPersister -  Delete 0: delete from employee where employeeKey=?
12:43:42.407 [main] DEBUG org.hibernate.persister.entity.AbstractEntityPersister -  Identity insert: insert into employee (employeeId, name) values (?, ?)
12:43:42.407 [main] DEBUG org.hibernate.loader.plan.build.internal.spaces.QuerySpacesImpl - Adding QuerySpace : uid = <gen:0> -> org.hibernate.loader.plan.build.internal.spaces.EntityQuerySpaceImpl@67d68869]
12:43:42.407 [main] DEBUG org.hibernate.persister.walking.spi.MetamodelGraphWalker - Visiting attribute path : employeeId
12:43:42.407 [main] DEBUG org.hibernate.persister.walking.spi.MetamodelGraphWalker - Visiting attribute path : name
12:43:42.407 [main] DEBUG org.hibernate.loader.plan.build.internal.FetchStyleLoadPlanBuildingAssociationVisitationStrategy - Building LoadPlan...
12:43:42.407 [main] DEBUG org.hibernate.loader.plan.exec.internal.LoadQueryJoinAndFetchProcessor - processing queryspace <gen:0>
12:43:42.407 [main] DEBUG org.hibernate.loader.plan.build.spi.LoadPlanTreePrinter - LoadPlan(entity=model.Employee)
    - Returns
       - EntityReturnImpl(entity=model.Employee, querySpaceUid=<gen:0>, path=model.Employee)
    - QuerySpaces
       - EntityQuerySpaceImpl(uid=<gen:0>, entity=model.Employee)
          - SQL table alias mapping - employee0_
          - alias suffix - 0_
          - suffixed key columns - {employee1_0_0_}

12:43:42.407 [main] DEBUG org.hibernate.loader.entity.plan.EntityLoader - Static select for entity model.Employee [NONE]: select employee0_.employeeKey as employee1_0_0_, employee0_.employeeId as employee2_0_0_, employee0_.name as name3_0_0_ from employee employee0_ where employee0_.employeeKey=?
12:43:42.407 [main] DEBUG org.hibernate.loader.plan.build.internal.spaces.QuerySpacesImpl - Adding QuerySpace : uid = <gen:0> -> org.hibernate.loader.plan.build.internal.spaces.EntityQuerySpaceImpl@13c68694]
12:43:42.407 [main] DEBUG org.hibernate.persister.walking.spi.MetamodelGraphWalker - Visiting attribute path : employeeId
12:43:42.407 [main] DEBUG org.hibernate.persister.walking.spi.MetamodelGraphWalker - Visiting attribute path : name
12:43:42.407 [main] DEBUG org.hibernate.loader.plan.build.internal.FetchStyleLoadPlanBuildingAssociationVisitationStrategy - Building LoadPlan...
12:43:42.407 [main] DEBUG org.hibernate.loader.plan.exec.internal.LoadQueryJoinAndFetchProcessor - processing queryspace <gen:0>
12:43:42.407 [main] DEBUG org.hibernate.loader.plan.build.spi.LoadPlanTreePrinter - LoadPlan(entity=model.Employee)
    - Returns
       - EntityReturnImpl(entity=model.Employee, querySpaceUid=<gen:0>, path=model.Employee)
    - QuerySpaces
       - EntityQuerySpaceImpl(uid=<gen:0>, entity=model.Employee)
          - SQL table alias mapping - employee0_
          - alias suffix - 0_
          - suffixed key columns - {employee1_0_0_}

12:43:42.407 [main] DEBUG org.hibernate.loader.entity.plan.EntityLoader - Static select for entity model.Employee [READ]: select employee0_.employeeKey as employee1_0_0_, employee0_.employeeId as employee2_0_0_, employee0_.name as name3_0_0_ from employee employee0_ where employee0_.employeeKey=?
12:43:42.407 [main] DEBUG org.hibernate.loader.plan.build.internal.spaces.QuerySpacesImpl - Adding QuerySpace : uid = <gen:0> -> org.hibernate.loader.plan.build.internal.spaces.EntityQuerySpaceImpl@6c9b0d51]
12:43:42.407 [main] DEBUG org.hibernate.persister.walking.spi.MetamodelGraphWalker - Visiting attribute path : employeeId
12:43:42.407 [main] DEBUG org.hibernate.persister.walking.spi.MetamodelGraphWalker - Visiting attribute path : name
12:43:42.407 [main] DEBUG org.hibernate.loader.plan.build.internal.FetchStyleLoadPlanBuildingAssociationVisitationStrategy - Building LoadPlan...
12:43:42.407 [main] DEBUG org.hibernate.loader.plan.exec.internal.LoadQueryJoinAndFetchProcessor - processing queryspace <gen:0>
12:43:42.407 [main] DEBUG org.hibernate.loader.plan.build.spi.LoadPlanTreePrinter - LoadPlan(entity=model.Employee)
    - Returns
       - EntityReturnImpl(entity=model.Employee, querySpaceUid=<gen:0>, path=model.Employee)
    - QuerySpaces
       - EntityQuerySpaceImpl(uid=<gen:0>, entity=model.Employee)
          - SQL table alias mapping - employee0_
          - alias suffix - 0_
          - suffixed key columns - {employee1_0_0_}

12:43:42.407 [main] DEBUG org.hibernate.loader.entity.plan.EntityLoader - Static select for entity model.Employee [UPGRADE]: select employee0_.employeeKey as employee1_0_0_, employee0_.employeeId as employee2_0_0_, employee0_.name as name3_0_0_ from employee employee0_ where employee0_.employeeKey=? for update
12:43:42.407 [main] DEBUG org.hibernate.loader.plan.build.internal.spaces.QuerySpacesImpl - Adding QuerySpace : uid = <gen:0> -> org.hibernate.loader.plan.build.internal.spaces.EntityQuerySpaceImpl@744aa2f7]
12:43:42.407 [main] DEBUG org.hibernate.persister.walking.spi.MetamodelGraphWalker - Visiting attribute path : employeeId
12:43:42.407 [main] DEBUG org.hibernate.persister.walking.spi.MetamodelGraphWalker - Visiting attribute path : name
12:43:42.407 [main] DEBUG org.hibernate.loader.plan.build.internal.FetchStyleLoadPlanBuildingAssociationVisitationStrategy - Building LoadPlan...
12:43:42.407 [main] DEBUG org.hibernate.loader.plan.exec.internal.LoadQueryJoinAndFetchProcessor - processing queryspace <gen:0>
12:43:42.407 [main] DEBUG org.hibernate.loader.plan.build.spi.LoadPlanTreePrinter - LoadPlan(entity=model.Employee)
    - Returns
       - EntityReturnImpl(entity=model.Employee, querySpaceUid=<gen:0>, path=model.Employee)
    - QuerySpaces
       - EntityQuerySpaceImpl(uid=<gen:0>, entity=model.Employee)
          - SQL table alias mapping - employee0_
          - alias suffix - 0_
          - suffixed key columns - {employee1_0_0_}

12:43:42.407 [main] DEBUG org.hibernate.loader.entity.plan.EntityLoader - Static select for entity model.Employee [UPGRADE_NOWAIT]: select employee0_.employeeKey as employee1_0_0_, employee0_.employeeId as employee2_0_0_, employee0_.name as name3_0_0_ from employee employee0_ where employee0_.employeeKey=? for update
12:43:42.407 [main] DEBUG org.hibernate.loader.plan.build.internal.spaces.QuerySpacesImpl - Adding QuerySpace : uid = <gen:0> -> org.hibernate.loader.plan.build.internal.spaces.EntityQuerySpaceImpl@15ff2ec9]
12:43:42.407 [main] DEBUG org.hibernate.persister.walking.spi.MetamodelGraphWalker - Visiting attribute path : employeeId
12:43:42.407 [main] DEBUG org.hibernate.persister.walking.spi.MetamodelGraphWalker - Visiting attribute path : name
12:43:42.407 [main] DEBUG org.hibernate.loader.plan.build.internal.FetchStyleLoadPlanBuildingAssociationVisitationStrategy - Building LoadPlan...
12:43:42.407 [main] DEBUG org.hibernate.loader.plan.exec.internal.LoadQueryJoinAndFetchProcessor - processing queryspace <gen:0>
12:43:42.407 [main] DEBUG org.hibernate.loader.plan.build.spi.LoadPlanTreePrinter - LoadPlan(entity=model.Employee)
    - Returns
       - EntityReturnImpl(entity=model.Employee, querySpaceUid=<gen:0>, path=model.Employee)
    - QuerySpaces
       - EntityQuerySpaceImpl(uid=<gen:0>, entity=model.Employee)
          - SQL table alias mapping - employee0_
          - alias suffix - 0_
          - suffixed key columns - {employee1_0_0_}

12:43:42.407 [main] DEBUG org.hibernate.loader.entity.plan.EntityLoader - Static select for entity model.Employee [UPGRADE_SKIPLOCKED]: select employee0_.employeeKey as employee1_0_0_, employee0_.employeeId as employee2_0_0_, employee0_.name as name3_0_0_ from employee employee0_ where employee0_.employeeKey=? for update
12:43:42.407 [main] DEBUG org.hibernate.loader.plan.build.internal.spaces.QuerySpacesImpl - Adding QuerySpace : uid = <gen:0> -> org.hibernate.loader.plan.build.internal.spaces.EntityQuerySpaceImpl@1cd54e54]
12:43:42.407 [main] DEBUG org.hibernate.persister.walking.spi.MetamodelGraphWalker - Visiting attribute path : employeeId
12:43:42.407 [main] DEBUG org.hibernate.persister.walking.spi.MetamodelGraphWalker - Visiting attribute path : name
12:43:42.407 [main] DEBUG org.hibernate.loader.plan.build.internal.FetchStyleLoadPlanBuildingAssociationVisitationStrategy - Building LoadPlan...
12:43:42.407 [main] DEBUG org.hibernate.loader.plan.exec.internal.LoadQueryJoinAndFetchProcessor - processing queryspace <gen:0>
12:43:42.407 [main] DEBUG org.hibernate.loader.plan.build.spi.LoadPlanTreePrinter - LoadPlan(entity=model.Employee)
    - Returns
       - EntityReturnImpl(entity=model.Employee, querySpaceUid=<gen:0>, path=model.Employee)
    - QuerySpaces
       - EntityQuerySpaceImpl(uid=<gen:0>, entity=model.Employee)
          - SQL table alias mapping - employee0_
          - alias suffix - 0_
          - suffixed key columns - {employee1_0_0_}

12:43:42.407 [main] DEBUG org.hibernate.loader.entity.plan.EntityLoader - Static select for entity model.Employee [FORCE]: select employee0_.employeeKey as employee1_0_0_, employee0_.employeeId as employee2_0_0_, employee0_.name as name3_0_0_ from employee employee0_ where employee0_.employeeKey=? for update
12:43:42.407 [main] DEBUG org.hibernate.loader.plan.build.internal.spaces.QuerySpacesImpl - Adding QuerySpace : uid = <gen:0> -> org.hibernate.loader.plan.build.internal.spaces.EntityQuerySpaceImpl@388faa8]
12:43:42.407 [main] DEBUG org.hibernate.persister.walking.spi.MetamodelGraphWalker - Visiting attribute path : employeeId
12:43:42.407 [main] DEBUG org.hibernate.persister.walking.spi.MetamodelGraphWalker - Visiting attribute path : name
12:43:42.407 [main] DEBUG org.hibernate.loader.plan.build.internal.FetchStyleLoadPlanBuildingAssociationVisitationStrategy - Building LoadPlan...
12:43:42.407 [main] DEBUG org.hibernate.loader.plan.exec.internal.LoadQueryJoinAndFetchProcessor - processing queryspace <gen:0>
12:43:42.407 [main] DEBUG org.hibernate.loader.plan.build.spi.LoadPlanTreePrinter - LoadPlan(entity=model.Employee)
    - Returns
       - EntityReturnImpl(entity=model.Employee, querySpaceUid=<gen:0>, path=model.Employee)
    - QuerySpaces
       - EntityQuerySpaceImpl(uid=<gen:0>, entity=model.Employee)
          - SQL table alias mapping - employee0_
          - alias suffix - 0_
          - suffixed key columns - {employee1_0_0_}

12:43:42.407 [main] DEBUG org.hibernate.loader.entity.plan.EntityLoader - Static select for entity model.Employee [PESSIMISTIC_READ]: select employee0_.employeeKey as employee1_0_0_, employee0_.employeeId as employee2_0_0_, employee0_.name as name3_0_0_ from employee employee0_ where employee0_.employeeKey=? lock in share mode
12:43:42.407 [main] DEBUG org.hibernate.loader.plan.build.internal.spaces.QuerySpacesImpl - Adding QuerySpace : uid = <gen:0> -> org.hibernate.loader.plan.build.internal.spaces.EntityQuerySpaceImpl@40b58ad5]
12:43:42.407 [main] DEBUG org.hibernate.persister.walking.spi.MetamodelGraphWalker - Visiting attribute path : employeeId
12:43:42.407 [main] DEBUG org.hibernate.persister.walking.spi.MetamodelGraphWalker - Visiting attribute path : name
12:43:42.407 [main] DEBUG org.hibernate.loader.plan.build.internal.FetchStyleLoadPlanBuildingAssociationVisitationStrategy - Building LoadPlan...
12:43:42.407 [main] DEBUG org.hibernate.loader.plan.exec.internal.LoadQueryJoinAndFetchProcessor - processing queryspace <gen:0>
12:43:42.407 [main] DEBUG org.hibernate.loader.plan.build.spi.LoadPlanTreePrinter - LoadPlan(entity=model.Employee)
    - Returns
       - EntityReturnImpl(entity=model.Employee, querySpaceUid=<gen:0>, path=model.Employee)
    - QuerySpaces
       - EntityQuerySpaceImpl(uid=<gen:0>, entity=model.Employee)
          - SQL table alias mapping - employee0_
          - alias suffix - 0_
          - suffixed key columns - {employee1_0_0_}

12:43:42.407 [main] DEBUG org.hibernate.loader.entity.plan.EntityLoader - Static select for entity model.Employee [PESSIMISTIC_WRITE]: select employee0_.employeeKey as employee1_0_0_, employee0_.employeeId as employee2_0_0_, employee0_.name as name3_0_0_ from employee employee0_ where employee0_.employeeKey=? for update
12:43:42.407 [main] DEBUG org.hibernate.loader.plan.build.internal.spaces.QuerySpacesImpl - Adding QuerySpace : uid = <gen:0> -> org.hibernate.loader.plan.build.internal.spaces.EntityQuerySpaceImpl@3018f90]
12:43:42.407 [main] DEBUG org.hibernate.persister.walking.spi.MetamodelGraphWalker - Visiting attribute path : employeeId
12:43:42.407 [main] DEBUG org.hibernate.persister.walking.spi.MetamodelGraphWalker - Visiting attribute path : name
12:43:42.407 [main] DEBUG org.hibernate.loader.plan.build.internal.FetchStyleLoadPlanBuildingAssociationVisitationStrategy - Building LoadPlan...
12:43:42.407 [main] DEBUG org.hibernate.loader.plan.exec.internal.LoadQueryJoinAndFetchProcessor - processing queryspace <gen:0>
12:43:42.407 [main] DEBUG org.hibernate.loader.plan.build.spi.LoadPlanTreePrinter - LoadPlan(entity=model.Employee)
    - Returns
       - EntityReturnImpl(entity=model.Employee, querySpaceUid=<gen:0>, path=model.Employee)
    - QuerySpaces
       - EntityQuerySpaceImpl(uid=<gen:0>, entity=model.Employee)
          - SQL table alias mapping - employee0_
          - alias suffix - 0_
          - suffixed key columns - {employee1_0_0_}

12:43:42.407 [main] DEBUG org.hibernate.loader.entity.plan.EntityLoader - Static select for entity model.Employee [PESSIMISTIC_FORCE_INCREMENT]: select employee0_.employeeKey as employee1_0_0_, employee0_.employeeId as employee2_0_0_, employee0_.name as name3_0_0_ from employee employee0_ where employee0_.employeeKey=? for update
12:43:42.407 [main] DEBUG org.hibernate.loader.plan.build.internal.spaces.QuerySpacesImpl - Adding QuerySpace : uid = <gen:0> -> org.hibernate.loader.plan.build.internal.spaces.EntityQuerySpaceImpl@3f97184a]
12:43:42.407 [main] DEBUG org.hibernate.persister.walking.spi.MetamodelGraphWalker - Visiting attribute path : employeeId
12:43:42.407 [main] DEBUG org.hibernate.persister.walking.spi.MetamodelGraphWalker - Visiting attribute path : name
12:43:42.407 [main] DEBUG org.hibernate.loader.plan.build.internal.FetchStyleLoadPlanBuildingAssociationVisitationStrategy - Building LoadPlan...
12:43:42.408 [main] DEBUG org.hibernate.loader.plan.exec.internal.LoadQueryJoinAndFetchProcessor - processing queryspace <gen:0>
12:43:42.408 [main] DEBUG org.hibernate.loader.plan.build.spi.LoadPlanTreePrinter - LoadPlan(entity=model.Employee)
    - Returns
       - EntityReturnImpl(entity=model.Employee, querySpaceUid=<gen:0>, path=model.Employee)
    - QuerySpaces
       - EntityQuerySpaceImpl(uid=<gen:0>, entity=model.Employee)
          - SQL table alias mapping - employee0_
          - alias suffix - 0_
          - suffixed key columns - {employee1_0_0_}

12:43:42.408 [main] DEBUG org.hibernate.loader.entity.plan.EntityLoader - Static select for entity model.Employee [OPTIMISTIC]: select employee0_.employeeKey as employee1_0_0_, employee0_.employeeId as employee2_0_0_, employee0_.name as name3_0_0_ from employee employee0_ where employee0_.employeeKey=?
12:43:42.408 [main] DEBUG org.hibernate.loader.plan.build.internal.spaces.QuerySpacesImpl - Adding QuerySpace : uid = <gen:0> -> org.hibernate.loader.plan.build.internal.spaces.EntityQuerySpaceImpl@34fa895f]
12:43:42.408 [main] DEBUG org.hibernate.persister.walking.spi.MetamodelGraphWalker - Visiting attribute path : employeeId
12:43:42.408 [main] DEBUG org.hibernate.persister.walking.spi.MetamodelGraphWalker - Visiting attribute path : name
12:43:42.408 [main] DEBUG org.hibernate.loader.plan.build.internal.FetchStyleLoadPlanBuildingAssociationVisitationStrategy - Building LoadPlan...
12:43:42.408 [main] DEBUG org.hibernate.loader.plan.exec.internal.LoadQueryJoinAndFetchProcessor - processing queryspace <gen:0>
12:43:42.408 [main] DEBUG org.hibernate.loader.plan.build.spi.LoadPlanTreePrinter - LoadPlan(entity=model.Employee)
    - Returns
       - EntityReturnImpl(entity=model.Employee, querySpaceUid=<gen:0>, path=model.Employee)
    - QuerySpaces
       - EntityQuerySpaceImpl(uid=<gen:0>, entity=model.Employee)
          - SQL table alias mapping - employee0_
          - alias suffix - 0_
          - suffixed key columns - {employee1_0_0_}

12:43:42.408 [main] DEBUG org.hibernate.loader.entity.plan.EntityLoader - Static select for entity model.Employee [OPTIMISTIC_FORCE_INCREMENT]: select employee0_.employeeKey as employee1_0_0_, employee0_.employeeId as employee2_0_0_, employee0_.name as name3_0_0_ from employee employee0_ where employee0_.employeeKey=?
12:43:42.408 [main] DEBUG org.hibernate.loader.Loader - Static select for action ACTION_MERGE on entity model.Employee: select employee0_.employeeKey as employee1_0_0_, employee0_.employeeId as employee2_0_0_, employee0_.name as name3_0_0_ from employee employee0_ where employee0_.employeeKey=?
12:43:42.408 [main] DEBUG org.hibernate.loader.Loader - Static select for action ACTION_REFRESH on entity model.Employee: select employee0_.employeeKey as employee1_0_0_, employee0_.employeeId as employee2_0_0_, employee0_.name as name3_0_0_ from employee employee0_ where employee0_.employeeKey=?
12:43:42.408 [main] DEBUG org.hibernate.persister.entity.AbstractEntityPersister - Static SQL for entity: model.Equipment
12:43:42.408 [main] DEBUG org.hibernate.persister.entity.AbstractEntityPersister -  Version select: select equipmentId from Equipment where equipmentId =?
12:43:42.408 [main] DEBUG org.hibernate.persister.entity.AbstractEntityPersister -  Snapshot select: select equipment_.equipmentId, equipment_.equipmentTypeId as equipmen5_1_, equipment_.name as name2_1_, equipment_.serial as serial3_1_, equipment_.status as status4_1_ from Equipment equipment_ where equipment_.equipmentId=?
12:43:42.408 [main] DEBUG org.hibernate.persister.entity.AbstractEntityPersister -  Insert 0: insert into Equipment (equipmentTypeId, name, serial, status, equipmentId) values (?, ?, ?, ?, ?)
12:43:42.408 [main] DEBUG org.hibernate.persister.entity.AbstractEntityPersister -  Update 0: update Equipment set equipmentTypeId=?, name=?, serial=?, status=? where equipmentId=?
12:43:42.408 [main] DEBUG org.hibernate.persister.entity.AbstractEntityPersister -  Delete 0: delete from Equipment where equipmentId=?
12:43:42.408 [main] DEBUG org.hibernate.persister.entity.AbstractEntityPersister -  Identity insert: insert into Equipment (equipmentTypeId, name, serial, status) values (?, ?, ?, ?)
12:43:42.408 [main] DEBUG org.hibernate.loader.plan.build.internal.spaces.QuerySpacesImpl - Adding QuerySpace : uid = <gen:0> -> org.hibernate.loader.plan.build.internal.spaces.EntityQuerySpaceImpl@263b2302]
12:43:42.408 [main] DEBUG org.hibernate.persister.walking.spi.MetamodelGraphWalker - Visiting attribute path : equipmenttype
12:43:42.408 [main] DEBUG org.hibernate.loader.plan.build.internal.spaces.QuerySpacesImpl - Adding QuerySpace : uid = <gen:1> -> org.hibernate.loader.plan.build.internal.spaces.EntityQuerySpaceImpl@3a7af4eb]
12:43:42.408 [main] DEBUG org.hibernate.persister.walking.spi.MetamodelGraphWalker - Visiting attribute path : equipmenttype.typeCode
12:43:42.408 [main] DEBUG org.hibernate.persister.walking.spi.MetamodelGraphWalker - Visiting attribute path : equipmenttype.typeName
12:43:42.408 [main] DEBUG org.hibernate.persister.walking.spi.MetamodelGraphWalker - Visiting attribute path : name
12:43:42.408 [main] DEBUG org.hibernate.persister.walking.spi.MetamodelGraphWalker - Visiting attribute path : serial
12:43:42.408 [main] DEBUG org.hibernate.persister.walking.spi.MetamodelGraphWalker - Visiting attribute path : status
12:43:42.408 [main] DEBUG org.hibernate.loader.plan.build.internal.FetchStyleLoadPlanBuildingAssociationVisitationStrategy - Building LoadPlan...
12:43:42.408 [main] DEBUG org.hibernate.loader.plan.exec.internal.LoadQueryJoinAndFetchProcessor - processing queryspace <gen:0>
12:43:42.408 [main] DEBUG org.hibernate.loader.plan.build.spi.LoadPlanTreePrinter - LoadPlan(entity=model.Equipment)
    - Returns
       - EntityReturnImpl(entity=model.Equipment, querySpaceUid=<gen:0>, path=model.Equipment)
          - EntityAttributeFetchImpl(entity=model.Equipmenttype, querySpaceUid=<gen:1>, path=model.Equipment.equipmenttype)
    - QuerySpaces
       - EntityQuerySpaceImpl(uid=<gen:0>, entity=model.Equipment)
          - SQL table alias mapping - equipment0_
          - alias suffix - 0_
          - suffixed key columns - {equipmen1_1_0_}
          - JOIN (JoinDefinedByMetadata(equipmenttype)) : <gen:0> -> <gen:1>
             - EntityQuerySpaceImpl(uid=<gen:1>, entity=model.Equipmenttype)
                - SQL table alias mapping - equipmentt1_
                - alias suffix - 1_
                - suffixed key columns - {equipmen1_2_1_}

12:43:42.408 [main] DEBUG org.hibernate.loader.entity.plan.EntityLoader - Static select for entity model.Equipment [NONE]: select equipment0_.equipmentId as equipmen1_1_0_, equipment0_.equipmentTypeId as equipmen5_1_0_, equipment0_.name as name2_1_0_, equipment0_.serial as serial3_1_0_, equipment0_.status as status4_1_0_, equipmentt1_.equipmentTypeId as equipmen1_2_1_, equipmentt1_.typeCode as typeCode2_2_1_, equipmentt1_.typeName as typeName3_2_1_ from Equipment equipment0_ left outer join Equipmenttype equipmentt1_ on equipment0_.equipmentTypeId=equipmentt1_.equipmentTypeId where equipment0_.equipmentId=?
12:43:42.408 [main] DEBUG org.hibernate.loader.plan.build.internal.spaces.QuerySpacesImpl - Adding QuerySpace : uid = <gen:0> -> org.hibernate.loader.plan.build.internal.spaces.EntityQuerySpaceImpl@2d76033f]
12:43:42.408 [main] DEBUG org.hibernate.persister.walking.spi.MetamodelGraphWalker - Visiting attribute path : equipmenttype
12:43:42.408 [main] DEBUG org.hibernate.loader.plan.build.internal.spaces.QuerySpacesImpl - Adding QuerySpace : uid = <gen:1> -> org.hibernate.loader.plan.build.internal.spaces.EntityQuerySpaceImpl@4b93132c]
12:43:42.408 [main] DEBUG org.hibernate.persister.walking.spi.MetamodelGraphWalker - Visiting attribute path : equipmenttype.typeCode
12:43:42.408 [main] DEBUG org.hibernate.persister.walking.spi.MetamodelGraphWalker - Visiting attribute path : equipmenttype.typeName
12:43:42.408 [main] DEBUG org.hibernate.persister.walking.spi.MetamodelGraphWalker - Visiting attribute path : name
12:43:42.408 [main] DEBUG org.hibernate.persister.walking.spi.MetamodelGraphWalker - Visiting attribute path : serial
12:43:42.408 [main] DEBUG org.hibernate.persister.walking.spi.MetamodelGraphWalker - Visiting attribute path : status
12:43:42.408 [main] DEBUG org.hibernate.loader.plan.build.internal.FetchStyleLoadPlanBuildingAssociationVisitationStrategy - Building LoadPlan...
12:43:42.408 [main] DEBUG org.hibernate.loader.plan.exec.internal.LoadQueryJoinAndFetchProcessor - processing queryspace <gen:0>
12:43:42.408 [main] DEBUG org.hibernate.loader.plan.build.spi.LoadPlanTreePrinter - LoadPlan(entity=model.Equipment)
    - Returns
       - EntityReturnImpl(entity=model.Equipment, querySpaceUid=<gen:0>, path=model.Equipment)
          - EntityAttributeFetchImpl(entity=model.Equipmenttype, querySpaceUid=<gen:1>, path=model.Equipment.equipmenttype)
    - QuerySpaces
       - EntityQuerySpaceImpl(uid=<gen:0>, entity=model.Equipment)
          - SQL table alias mapping - equipment0_
          - alias suffix - 0_
          - suffixed key columns - {equipmen1_1_0_}
          - JOIN (JoinDefinedByMetadata(equipmenttype)) : <gen:0> -> <gen:1>
             - EntityQuerySpaceImpl(uid=<gen:1>, entity=model.Equipmenttype)
                - SQL table alias mapping - equipmentt1_
                - alias suffix - 1_
                - suffixed key columns - {equipmen1_2_1_}

12:43:42.408 [main] DEBUG org.hibernate.loader.entity.plan.EntityLoader - Static select for entity model.Equipment [READ]: select equipment0_.equipmentId as equipmen1_1_0_, equipment0_.equipmentTypeId as equipmen5_1_0_, equipment0_.name as name2_1_0_, equipment0_.serial as serial3_1_0_, equipment0_.status as status4_1_0_, equipmentt1_.equipmentTypeId as equipmen1_2_1_, equipmentt1_.typeCode as typeCode2_2_1_, equipmentt1_.typeName as typeName3_2_1_ from Equipment equipment0_ left outer join Equipmenttype equipmentt1_ on equipment0_.equipmentTypeId=equipmentt1_.equipmentTypeId where equipment0_.equipmentId=?
12:43:42.408 [main] DEBUG org.hibernate.loader.plan.build.internal.spaces.QuerySpacesImpl - Adding QuerySpace : uid = <gen:0> -> org.hibernate.loader.plan.build.internal.spaces.EntityQuerySpaceImpl@5403a6ae]
12:43:42.408 [main] DEBUG org.hibernate.persister.walking.spi.MetamodelGraphWalker - Visiting attribute path : equipmenttype
12:43:42.408 [main] DEBUG org.hibernate.loader.plan.build.internal.spaces.QuerySpacesImpl - Adding QuerySpace : uid = <gen:1> -> org.hibernate.loader.plan.build.internal.spaces.EntityQuerySpaceImpl@3af1d0e5]
12:43:42.408 [main] DEBUG org.hibernate.persister.walking.spi.MetamodelGraphWalker - Visiting attribute path : name
12:43:42.408 [main] DEBUG org.hibernate.persister.walking.spi.MetamodelGraphWalker - Visiting attribute path : serial
12:43:42.408 [main] DEBUG org.hibernate.persister.walking.spi.MetamodelGraphWalker - Visiting attribute path : status
12:43:42.408 [main] DEBUG org.hibernate.loader.plan.build.internal.FetchStyleLoadPlanBuildingAssociationVisitationStrategy - Building LoadPlan...
12:43:42.408 [main] DEBUG org.hibernate.loader.plan.exec.internal.LoadQueryJoinAndFetchProcessor - processing queryspace <gen:0>
12:43:42.408 [main] DEBUG org.hibernate.loader.plan.build.spi.LoadPlanTreePrinter - LoadPlan(entity=model.Equipment)
    - Returns
       - EntityReturnImpl(entity=model.Equipment, querySpaceUid=<gen:0>, path=model.Equipment)
          - EntityAttributeFetchImpl(entity=model.Equipmenttype, querySpaceUid=<gen:1>, path=model.Equipment.equipmenttype)
    - QuerySpaces
       - EntityQuerySpaceImpl(uid=<gen:0>, entity=model.Equipment)
          - SQL table alias mapping - equipment0_
          - alias suffix - 0_
          - suffixed key columns - {equipmen1_1_0_}

12:43:42.408 [main] DEBUG org.hibernate.loader.entity.plan.EntityLoader - Static select for entity model.Equipment [UPGRADE]: select equipment0_.equipmentId as equipmen1_1_0_, equipment0_.equipmentTypeId as equipmen5_1_0_, equipment0_.name as name2_1_0_, equipment0_.serial as serial3_1_0_, equipment0_.status as status4_1_0_ from Equipment equipment0_ where equipment0_.equipmentId=? for update
12:43:42.408 [main] DEBUG org.hibernate.loader.plan.build.internal.spaces.QuerySpacesImpl - Adding QuerySpace : uid = <gen:0> -> org.hibernate.loader.plan.build.internal.spaces.EntityQuerySpaceImpl@7a9af7f4]
12:43:42.408 [main] DEBUG org.hibernate.persister.walking.spi.MetamodelGraphWalker - Visiting attribute path : equipmenttype
12:43:42.408 [main] DEBUG org.hibernate.loader.plan.build.internal.spaces.QuerySpacesImpl - Adding QuerySpace : uid = <gen:1> -> org.hibernate.loader.plan.build.internal.spaces.EntityQuerySpaceImpl@1f45ce60]
12:43:42.408 [main] DEBUG org.hibernate.persister.walking.spi.MetamodelGraphWalker - Visiting attribute path : name
12:43:42.408 [main] DEBUG org.hibernate.persister.walking.spi.MetamodelGraphWalker - Visiting attribute path : serial
12:43:42.408 [main] DEBUG org.hibernate.persister.walking.spi.MetamodelGraphWalker - Visiting attribute path : status
12:43:42.408 [main] DEBUG org.hibernate.loader.plan.build.internal.FetchStyleLoadPlanBuildingAssociationVisitationStrategy - Building LoadPlan...
12:43:42.408 [main] DEBUG org.hibernate.loader.plan.exec.internal.LoadQueryJoinAndFetchProcessor - processing queryspace <gen:0>
12:43:42.408 [main] DEBUG org.hibernate.loader.plan.build.spi.LoadPlanTreePrinter - LoadPlan(entity=model.Equipment)
    - Returns
       - EntityReturnImpl(entity=model.Equipment, querySpaceUid=<gen:0>, path=model.Equipment)
          - EntityAttributeFetchImpl(entity=model.Equipmenttype, querySpaceUid=<gen:1>, path=model.Equipment.equipmenttype)
    - QuerySpaces
       - EntityQuerySpaceImpl(uid=<gen:0>, entity=model.Equipment)
          - SQL table alias mapping - equipment0_
          - alias suffix - 0_
          - suffixed key columns - {equipmen1_1_0_}

12:43:42.408 [main] DEBUG org.hibernate.loader.entity.plan.EntityLoader - Static select for entity model.Equipment [UPGRADE_NOWAIT]: select equipment0_.equipmentId as equipmen1_1_0_, equipment0_.equipmentTypeId as equipmen5_1_0_, equipment0_.name as name2_1_0_, equipment0_.serial as serial3_1_0_, equipment0_.status as status4_1_0_ from Equipment equipment0_ where equipment0_.equipmentId=? for update
12:43:42.408 [main] DEBUG org.hibernate.loader.plan.build.internal.spaces.QuerySpacesImpl - Adding QuerySpace : uid = <gen:0> -> org.hibernate.loader.plan.build.internal.spaces.EntityQuerySpaceImpl@2b874395]
12:43:42.408 [main] DEBUG org.hibernate.persister.walking.spi.MetamodelGraphWalker - Visiting attribute path : equipmenttype
12:43:42.408 [main] DEBUG org.hibernate.loader.plan.build.internal.spaces.QuerySpacesImpl - Adding QuerySpace : uid = <gen:1> -> org.hibernate.loader.plan.build.internal.spaces.EntityQuerySpaceImpl@1d3767b8]
12:43:42.408 [main] DEBUG org.hibernate.persister.walking.spi.MetamodelGraphWalker - Visiting attribute path : name
12:43:42.408 [main] DEBUG org.hibernate.persister.walking.spi.MetamodelGraphWalker - Visiting attribute path : serial
12:43:42.408 [main] DEBUG org.hibernate.persister.walking.spi.MetamodelGraphWalker - Visiting attribute path : status
12:43:42.408 [main] DEBUG org.hibernate.loader.plan.build.internal.FetchStyleLoadPlanBuildingAssociationVisitationStrategy - Building LoadPlan...
12:43:42.408 [main] DEBUG org.hibernate.loader.plan.exec.internal.LoadQueryJoinAndFetchProcessor - processing queryspace <gen:0>
12:43:42.408 [main] DEBUG org.hibernate.loader.plan.build.spi.LoadPlanTreePrinter - LoadPlan(entity=model.Equipment)
    - Returns
       - EntityReturnImpl(entity=model.Equipment, querySpaceUid=<gen:0>, path=model.Equipment)
          - EntityAttributeFetchImpl(entity=model.Equipmenttype, querySpaceUid=<gen:1>, path=model.Equipment.equipmenttype)
    - QuerySpaces
       - EntityQuerySpaceImpl(uid=<gen:0>, entity=model.Equipment)
          - SQL table alias mapping - equipment0_
          - alias suffix - 0_
          - suffixed key columns - {equipmen1_1_0_}

12:43:42.408 [main] DEBUG org.hibernate.loader.entity.plan.EntityLoader - Static select for entity model.Equipment [UPGRADE_SKIPLOCKED]: select equipment0_.equipmentId as equipmen1_1_0_, equipment0_.equipmentTypeId as equipmen5_1_0_, equipment0_.name as name2_1_0_, equipment0_.serial as serial3_1_0_, equipment0_.status as status4_1_0_ from Equipment equipment0_ where equipment0_.equipmentId=? for update
12:43:42.408 [main] DEBUG org.hibernate.loader.plan.build.internal.spaces.QuerySpacesImpl - Adding QuerySpace : uid = <gen:0> -> org.hibernate.loader.plan.build.internal.spaces.EntityQuerySpaceImpl@2c308cb0]
12:43:42.408 [main] DEBUG org.hibernate.persister.walking.spi.MetamodelGraphWalker - Visiting attribute path : equipmenttype
12:43:42.408 [main] DEBUG org.hibernate.loader.plan.build.internal.spaces.QuerySpacesImpl - Adding QuerySpace : uid = <gen:1> -> org.hibernate.loader.plan.build.internal.spaces.EntityQuerySpaceImpl@4268d7bd]
12:43:42.408 [main] DEBUG org.hibernate.persister.walking.spi.MetamodelGraphWalker - Visiting attribute path : name
12:43:42.408 [main] DEBUG org.hibernate.persister.walking.spi.MetamodelGraphWalker - Visiting attribute path : serial
12:43:42.408 [main] DEBUG org.hibernate.persister.walking.spi.MetamodelGraphWalker - Visiting attribute path : status
12:43:42.408 [main] DEBUG org.hibernate.loader.plan.build.internal.FetchStyleLoadPlanBuildingAssociationVisitationStrategy - Building LoadPlan...
12:43:42.408 [main] DEBUG org.hibernate.loader.plan.exec.internal.LoadQueryJoinAndFetchProcessor - processing queryspace <gen:0>
12:43:42.408 [main] DEBUG org.hibernate.loader.plan.build.spi.LoadPlanTreePrinter - LoadPlan(entity=model.Equipment)
    - Returns
       - EntityReturnImpl(entity=model.Equipment, querySpaceUid=<gen:0>, path=model.Equipment)
          - EntityAttributeFetchImpl(entity=model.Equipmenttype, querySpaceUid=<gen:1>, path=model.Equipment.equipmenttype)
    - QuerySpaces
       - EntityQuerySpaceImpl(uid=<gen:0>, entity=model.Equipment)
          - SQL table alias mapping - equipment0_
          - alias suffix - 0_
          - suffixed key columns - {equipmen1_1_0_}

12:43:42.409 [main] DEBUG org.hibernate.loader.entity.plan.EntityLoader - Static select for entity model.Equipment [FORCE]: select equipment0_.equipmentId as equipmen1_1_0_, equipment0_.equipmentTypeId as equipmen5_1_0_, equipment0_.name as name2_1_0_, equipment0_.serial as serial3_1_0_, equipment0_.status as status4_1_0_ from Equipment equipment0_ where equipment0_.equipmentId=? for update
12:43:42.409 [main] DEBUG org.hibernate.loader.plan.build.internal.spaces.QuerySpacesImpl - Adding QuerySpace : uid = <gen:0> -> org.hibernate.loader.plan.build.internal.spaces.EntityQuerySpaceImpl@644472ef]
12:43:42.409 [main] DEBUG org.hibernate.persister.walking.spi.MetamodelGraphWalker - Visiting attribute path : equipmenttype
12:43:42.409 [main] DEBUG org.hibernate.loader.plan.build.internal.spaces.QuerySpacesImpl - Adding QuerySpace : uid = <gen:1> -> org.hibernate.loader.plan.build.internal.spaces.EntityQuerySpaceImpl@26a3f7bd]
12:43:42.409 [main] DEBUG org.hibernate.persister.walking.spi.MetamodelGraphWalker - Visiting attribute path : name
12:43:42.409 [main] DEBUG org.hibernate.persister.walking.spi.MetamodelGraphWalker - Visiting attribute path : serial
12:43:42.409 [main] DEBUG org.hibernate.persister.walking.spi.MetamodelGraphWalker - Visiting attribute path : status
12:43:42.409 [main] DEBUG org.hibernate.loader.plan.build.internal.FetchStyleLoadPlanBuildingAssociationVisitationStrategy - Building LoadPlan...
12:43:42.409 [main] DEBUG org.hibernate.loader.plan.exec.internal.LoadQueryJoinAndFetchProcessor - processing queryspace <gen:0>
12:43:42.409 [main] DEBUG org.hibernate.loader.plan.build.spi.LoadPlanTreePrinter - LoadPlan(entity=model.Equipment)
    - Returns
       - EntityReturnImpl(entity=model.Equipment, querySpaceUid=<gen:0>, path=model.Equipment)
          - EntityAttributeFetchImpl(entity=model.Equipmenttype, querySpaceUid=<gen:1>, path=model.Equipment.equipmenttype)
    - QuerySpaces
       - EntityQuerySpaceImpl(uid=<gen:0>, entity=model.Equipment)
          - SQL table alias mapping - equipment0_
          - alias suffix - 0_
          - suffixed key columns - {equipmen1_1_0_}

12:43:42.409 [main] DEBUG org.hibernate.loader.entity.plan.EntityLoader - Static select for entity model.Equipment [PESSIMISTIC_READ]: select equipment0_.equipmentId as equipmen1_1_0_, equipment0_.equipmentTypeId as equipmen5_1_0_, equipment0_.name as name2_1_0_, equipment0_.serial as serial3_1_0_, equipment0_.status as status4_1_0_ from Equipment equipment0_ where equipment0_.equipmentId=? lock in share mode
12:43:42.409 [main] DEBUG org.hibernate.loader.plan.build.internal.spaces.QuerySpacesImpl - Adding QuerySpace : uid = <gen:0> -> org.hibernate.loader.plan.build.internal.spaces.EntityQuerySpaceImpl@227209eb]
12:43:42.409 [main] DEBUG org.hibernate.persister.walking.spi.MetamodelGraphWalker - Visiting attribute path : equipmenttype
12:43:42.409 [main] DEBUG org.hibernate.loader.plan.build.internal.spaces.QuerySpacesImpl - Adding QuerySpace : uid = <gen:1> -> org.hibernate.loader.plan.build.internal.spaces.EntityQuerySpaceImpl@606420d8]
12:43:42.409 [main] DEBUG org.hibernate.persister.walking.spi.MetamodelGraphWalker - Visiting attribute path : name
12:43:42.409 [main] DEBUG org.hibernate.persister.walking.spi.MetamodelGraphWalker - Visiting attribute path : serial
12:43:42.409 [main] DEBUG org.hibernate.persister.walking.spi.MetamodelGraphWalker - Visiting attribute path : status
12:43:42.409 [main] DEBUG org.hibernate.loader.plan.build.internal.FetchStyleLoadPlanBuildingAssociationVisitationStrategy - Building LoadPlan...
12:43:42.409 [main] DEBUG org.hibernate.loader.plan.exec.internal.LoadQueryJoinAndFetchProcessor - processing queryspace <gen:0>
12:43:42.409 [main] DEBUG org.hibernate.loader.plan.build.spi.LoadPlanTreePrinter - LoadPlan(entity=model.Equipment)
    - Returns
       - EntityReturnImpl(entity=model.Equipment, querySpaceUid=<gen:0>, path=model.Equipment)
          - EntityAttributeFetchImpl(entity=model.Equipmenttype, querySpaceUid=<gen:1>, path=model.Equipment.equipmenttype)
    - QuerySpaces
       - EntityQuerySpaceImpl(uid=<gen:0>, entity=model.Equipment)
          - SQL table alias mapping - equipment0_
          - alias suffix - 0_
          - suffixed key columns - {equipmen1_1_0_}

12:43:42.409 [main] DEBUG org.hibernate.loader.entity.plan.EntityLoader - Static select for entity model.Equipment [PESSIMISTIC_WRITE]: select equipment0_.equipmentId as equipmen1_1_0_, equipment0_.equipmentTypeId as equipmen5_1_0_, equipment0_.name as name2_1_0_, equipment0_.serial as serial3_1_0_, equipment0_.status as status4_1_0_ from Equipment equipment0_ where equipment0_.equipmentId=? for update
12:43:42.409 [main] DEBUG org.hibernate.loader.plan.build.internal.spaces.QuerySpacesImpl - Adding QuerySpace : uid = <gen:0> -> org.hibernate.loader.plan.build.internal.spaces.EntityQuerySpaceImpl@59c32d76]
12:43:42.409 [main] DEBUG org.hibernate.persister.walking.spi.MetamodelGraphWalker - Visiting attribute path : equipmenttype
12:43:42.409 [main] DEBUG org.hibernate.loader.plan.build.internal.spaces.QuerySpacesImpl - Adding QuerySpace : uid = <gen:1> -> org.hibernate.loader.plan.build.internal.spaces.EntityQuerySpaceImpl@38db4709]
12:43:42.409 [main] DEBUG org.hibernate.persister.walking.spi.MetamodelGraphWalker - Visiting attribute path : name
12:43:42.409 [main] DEBUG org.hibernate.persister.walking.spi.MetamodelGraphWalker - Visiting attribute path : serial
12:43:42.409 [main] DEBUG org.hibernate.persister.walking.spi.MetamodelGraphWalker - Visiting attribute path : status
12:43:42.409 [main] DEBUG org.hibernate.loader.plan.build.internal.FetchStyleLoadPlanBuildingAssociationVisitationStrategy - Building LoadPlan...
12:43:42.409 [main] DEBUG org.hibernate.loader.plan.exec.internal.LoadQueryJoinAndFetchProcessor - processing queryspace <gen:0>
12:43:42.409 [main] DEBUG org.hibernate.loader.plan.build.spi.LoadPlanTreePrinter - LoadPlan(entity=model.Equipment)
    - Returns
       - EntityReturnImpl(entity=model.Equipment, querySpaceUid=<gen:0>, path=model.Equipment)
          - EntityAttributeFetchImpl(entity=model.Equipmenttype, querySpaceUid=<gen:1>, path=model.Equipment.equipmenttype)
    - QuerySpaces
       - EntityQuerySpaceImpl(uid=<gen:0>, entity=model.Equipment)
          - SQL table alias mapping - equipment0_
          - alias suffix - 0_
          - suffixed key columns - {equipmen1_1_0_}

12:43:42.409 [main] DEBUG org.hibernate.loader.entity.plan.EntityLoader - Static select for entity model.Equipment [PESSIMISTIC_FORCE_INCREMENT]: select equipment0_.equipmentId as equipmen1_1_0_, equipment0_.equipmentTypeId as equipmen5_1_0_, equipment0_.name as name2_1_0_, equipment0_.serial as serial3_1_0_, equipment0_.status as status4_1_0_ from Equipment equipment0_ where equipment0_.equipmentId=? for update
12:43:42.409 [main] DEBUG org.hibernate.loader.plan.build.internal.spaces.QuerySpacesImpl - Adding QuerySpace : uid = <gen:0> -> org.hibernate.loader.plan.build.internal.spaces.EntityQuerySpaceImpl@79f8c22a]
12:43:42.409 [main] DEBUG org.hibernate.persister.walking.spi.MetamodelGraphWalker - Visiting attribute path : equipmenttype
12:43:42.409 [main] DEBUG org.hibernate.loader.plan.build.internal.spaces.QuerySpacesImpl - Adding QuerySpace : uid = <gen:1> -> org.hibernate.loader.plan.build.internal.spaces.EntityQuerySpaceImpl@30020ec2]
12:43:42.409 [main] DEBUG org.hibernate.persister.walking.spi.MetamodelGraphWalker - Visiting attribute path : name
12:43:42.409 [main] DEBUG org.hibernate.persister.walking.spi.MetamodelGraphWalker - Visiting attribute path : serial
12:43:42.409 [main] DEBUG org.hibernate.persister.walking.spi.MetamodelGraphWalker - Visiting attribute path : status
12:43:42.409 [main] DEBUG org.hibernate.loader.plan.build.internal.FetchStyleLoadPlanBuildingAssociationVisitationStrategy - Building LoadPlan...
12:43:42.409 [main] DEBUG org.hibernate.loader.plan.exec.internal.LoadQueryJoinAndFetchProcessor - processing queryspace <gen:0>
12:43:42.409 [main] DEBUG org.hibernate.loader.plan.build.spi.LoadPlanTreePrinter - LoadPlan(entity=model.Equipment)
    - Returns
       - EntityReturnImpl(entity=model.Equipment, querySpaceUid=<gen:0>, path=model.Equipment)
          - EntityAttributeFetchImpl(entity=model.Equipmenttype, querySpaceUid=<gen:1>, path=model.Equipment.equipmenttype)
    - QuerySpaces
       - EntityQuerySpaceImpl(uid=<gen:0>, entity=model.Equipment)
          - SQL table alias mapping - equipment0_
          - alias suffix - 0_
          - suffixed key columns - {equipmen1_1_0_}

12:43:42.409 [main] DEBUG org.hibernate.loader.entity.plan.EntityLoader - Static select for entity model.Equipment [OPTIMISTIC]: select equipment0_.equipmentId as equipmen1_1_0_, equipment0_.equipmentTypeId as equipmen5_1_0_, equipment0_.name as name2_1_0_, equipment0_.serial as serial3_1_0_, equipment0_.status as status4_1_0_ from Equipment equipment0_ where equipment0_.equipmentId=?
12:43:42.409 [main] DEBUG org.hibernate.loader.plan.build.internal.spaces.QuerySpacesImpl - Adding QuerySpace : uid = <gen:0> -> org.hibernate.loader.plan.build.internal.spaces.EntityQuerySpaceImpl@5203e4c4]
12:43:42.409 [main] DEBUG org.hibernate.persister.walking.spi.MetamodelGraphWalker - Visiting attribute path : equipmenttype
12:43:42.409 [main] DEBUG org.hibernate.loader.plan.build.internal.spaces.QuerySpacesImpl - Adding QuerySpace : uid = <gen:1> -> org.hibernate.loader.plan.build.internal.spaces.EntityQuerySpaceImpl@533cd760]
12:43:42.409 [main] DEBUG org.hibernate.persister.walking.spi.MetamodelGraphWalker - Visiting attribute path : name
12:43:42.409 [main] DEBUG org.hibernate.persister.walking.spi.MetamodelGraphWalker - Visiting attribute path : serial
12:43:42.409 [main] DEBUG org.hibernate.persister.walking.spi.MetamodelGraphWalker - Visiting attribute path : status
12:43:42.409 [main] DEBUG org.hibernate.loader.plan.build.internal.FetchStyleLoadPlanBuildingAssociationVisitationStrategy - Building LoadPlan...
12:43:42.409 [main] DEBUG org.hibernate.loader.plan.exec.internal.LoadQueryJoinAndFetchProcessor - processing queryspace <gen:0>
12:43:42.409 [main] DEBUG org.hibernate.loader.plan.build.spi.LoadPlanTreePrinter - LoadPlan(entity=model.Equipment)
    - Returns
       - EntityReturnImpl(entity=model.Equipment, querySpaceUid=<gen:0>, path=model.Equipment)
          - EntityAttributeFetchImpl(entity=model.Equipmenttype, querySpaceUid=<gen:1>, path=model.Equipment.equipmenttype)
    - QuerySpaces
       - EntityQuerySpaceImpl(uid=<gen:0>, entity=model.Equipment)
          - SQL table alias mapping - equipment0_
          - alias suffix - 0_
          - suffixed key columns - {equipmen1_1_0_}

12:43:42.409 [main] DEBUG org.hibernate.loader.entity.plan.EntityLoader - Static select for entity model.Equipment [OPTIMISTIC_FORCE_INCREMENT]: select equipment0_.equipmentId as equipmen1_1_0_, equipment0_.equipmentTypeId as equipmen5_1_0_, equipment0_.name as name2_1_0_, equipment0_.serial as serial3_1_0_, equipment0_.status as status4_1_0_ from Equipment equipment0_ where equipment0_.equipmentId=?
12:43:42.409 [main] DEBUG org.hibernate.loader.Loader - Static select for action ACTION_MERGE on entity model.Equipment: select equipment0_.equipmentId as equipmen1_1_0_, equipment0_.equipmentTypeId as equipmen5_1_0_, equipment0_.name as name2_1_0_, equipment0_.serial as serial3_1_0_, equipment0_.status as status4_1_0_ from Equipment equipment0_ where equipment0_.equipmentId=?
12:43:42.409 [main] DEBUG org.hibernate.loader.Loader - Static select for action ACTION_REFRESH on entity model.Equipment: select equipment0_.equipmentId as equipmen1_1_0_, equipment0_.equipmentTypeId as equipmen5_1_0_, equipment0_.name as name2_1_0_, equipment0_.serial as serial3_1_0_, equipment0_.status as status4_1_0_ from Equipment equipment0_ where equipment0_.equipmentId=?
12:43:42.409 [main] DEBUG org.hibernate.persister.entity.AbstractEntityPersister - Static SQL for entity: model.Reservation
12:43:42.409 [main] DEBUG org.hibernate.persister.entity.AbstractEntityPersister -  Version select: select reservationId from Reservation where reservationId =?
12:43:42.409 [main] DEBUG org.hibernate.persister.entity.AbstractEntityPersister -  Snapshot select: select reservatio_.reservationId, reservatio_.date_return as date_ret2_3_, reservatio_.date_take as date_tak3_3_, reservatio_.employeeKey as employee5_3_, reservatio_.equipmentId as equipmen6_3_, reservatio_.reservationType as reservat4_3_ from Reservation reservatio_ where reservatio_.reservationId=?
12:43:42.409 [main] DEBUG org.hibernate.persister.entity.AbstractEntityPersister -  Insert 0: insert into Reservation (date_return, date_take, employeeKey, equipmentId, reservationType, reservationId) values (?, ?, ?, ?, ?, ?)
12:43:42.409 [main] DEBUG org.hibernate.persister.entity.AbstractEntityPersister -  Update 0: update Reservation set date_return=?, date_take=?, employeeKey=?, equipmentId=?, reservationType=? where reservationId=?
12:43:42.409 [main] DEBUG org.hibernate.persister.entity.AbstractEntityPersister -  Delete 0: delete from Reservation where reservationId=?
12:43:42.409 [main] DEBUG org.hibernate.persister.entity.AbstractEntityPersister -  Identity insert: insert into Reservation (date_return, date_take, employeeKey, equipmentId, reservationType) values (?, ?, ?, ?, ?)
12:43:42.409 [main] DEBUG org.hibernate.loader.plan.build.internal.spaces.QuerySpacesImpl - Adding QuerySpace : uid = <gen:0> -> org.hibernate.loader.plan.build.internal.spaces.EntityQuerySpaceImpl@7368b7db]
12:43:42.409 [main] DEBUG org.hibernate.persister.walking.spi.MetamodelGraphWalker - Visiting attribute path : dateReturn
12:43:42.409 [main] DEBUG org.hibernate.persister.walking.spi.MetamodelGraphWalker - Visiting attribute path : dateTake
12:43:42.409 [main] DEBUG org.hibernate.persister.walking.spi.MetamodelGraphWalker - Visiting attribute path : employee
12:43:42.409 [main] DEBUG org.hibernate.loader.plan.build.internal.spaces.QuerySpacesImpl - Adding QuerySpace : uid = <gen:1> -> org.hibernate.loader.plan.build.internal.spaces.EntityQuerySpaceImpl@7f3d563f]
12:43:42.409 [main] DEBUG org.hibernate.persister.walking.spi.MetamodelGraphWalker - Visiting attribute path : employee.employeeId
12:43:42.409 [main] DEBUG org.hibernate.persister.walking.spi.MetamodelGraphWalker - Visiting attribute path : employee.name
12:43:42.409 [main] DEBUG org.hibernate.persister.walking.spi.MetamodelGraphWalker - Visiting attribute path : equipment
12:43:42.409 [main] DEBUG org.hibernate.loader.plan.build.internal.spaces.QuerySpacesImpl - Adding QuerySpace : uid = <gen:2> -> org.hibernate.loader.plan.build.internal.spaces.EntityQuerySpaceImpl@7cefa99a]
12:43:42.409 [main] DEBUG org.hibernate.persister.walking.spi.MetamodelGraphWalker - Visiting attribute path : equipment.equipmenttype
12:43:42.409 [main] DEBUG org.hibernate.loader.plan.build.internal.spaces.QuerySpacesImpl - Adding QuerySpace : uid = <gen:3> -> org.hibernate.loader.plan.build.internal.spaces.EntityQuerySpaceImpl@550f31ca]
12:43:42.409 [main] DEBUG org.hibernate.persister.walking.spi.MetamodelGraphWalker - Visiting attribute path : equipment.equipmenttype.typeCode
12:43:42.409 [main] DEBUG org.hibernate.persister.walking.spi.MetamodelGraphWalker - Visiting attribute path : equipment.equipmenttype.typeName
12:43:42.409 [main] DEBUG org.hibernate.persister.walking.spi.MetamodelGraphWalker - Visiting attribute path : equipment.name
12:43:42.409 [main] DEBUG org.hibernate.persister.walking.spi.MetamodelGraphWalker - Visiting attribute path : equipment.serial
12:43:42.409 [main] DEBUG org.hibernate.persister.walking.spi.MetamodelGraphWalker - Visiting attribute path : equipment.status
12:43:42.409 [main] DEBUG org.hibernate.persister.walking.spi.MetamodelGraphWalker - Visiting attribute path : reservationType
12:43:42.409 [main] DEBUG org.hibernate.loader.plan.build.internal.FetchStyleLoadPlanBuildingAssociationVisitationStrategy - Building LoadPlan...
12:43:42.409 [main] DEBUG org.hibernate.loader.plan.exec.internal.LoadQueryJoinAndFetchProcessor - processing queryspace <gen:0>
12:43:42.409 [main] DEBUG org.hibernate.loader.plan.build.spi.LoadPlanTreePrinter - LoadPlan(entity=model.Reservation)
    - Returns
       - EntityReturnImpl(entity=model.Reservation, querySpaceUid=<gen:0>, path=model.Reservation)
          - EntityAttributeFetchImpl(entity=model.Employee, querySpaceUid=<gen:1>, path=model.Reservation.employee)
          - EntityAttributeFetchImpl(entity=model.Equipment, querySpaceUid=<gen:2>, path=model.Reservation.equipment)
             - EntityAttributeFetchImpl(entity=model.Equipmenttype, querySpaceUid=<gen:3>, path=model.Reservation.equipment.equipmenttype)
    - QuerySpaces
       - EntityQuerySpaceImpl(uid=<gen:0>, entity=model.Reservation)
          - SQL table alias mapping - reservatio0_
          - alias suffix - 0_
          - suffixed key columns - {reservat1_3_0_}
          - JOIN (JoinDefinedByMetadata(employee)) : <gen:0> -> <gen:1>
             - EntityQuerySpaceImpl(uid=<gen:1>, entity=model.Employee)
                - SQL table alias mapping - employee1_
                - alias suffix - 1_
                - suffixed key columns - {employee1_0_1_}
          - JOIN (JoinDefinedByMetadata(equipment)) : <gen:0> -> <gen:2>
             - EntityQuerySpaceImpl(uid=<gen:2>, entity=model.Equipment)
                - SQL table alias mapping - equipment2_
                - alias suffix - 2_
                - suffixed key columns - {equipmen1_1_2_}
                - JOIN (JoinDefinedByMetadata(equipmenttype)) : <gen:2> -> <gen:3>
                   - EntityQuerySpaceImpl(uid=<gen:3>, entity=model.Equipmenttype)
                      - SQL table alias mapping - equipmentt3_
                      - alias suffix - 3_
                      - suffixed key columns - {equipmen1_2_3_}

12:43:42.409 [main] DEBUG org.hibernate.loader.entity.plan.EntityLoader - Static select for entity model.Reservation [NONE]: select reservatio0_.reservationId as reservat1_3_0_, reservatio0_.date_return as date_ret2_3_0_, reservatio0_.date_take as date_tak3_3_0_, reservatio0_.employeeKey as employee5_3_0_, reservatio0_.equipmentId as equipmen6_3_0_, reservatio0_.reservationType as reservat4_3_0_, employee1_.employeeKey as employee1_0_1_, employee1_.employeeId as employee2_0_1_, employee1_.name as name3_0_1_, equipment2_.equipmentId as equipmen1_1_2_, equipment2_.equipmentTypeId as equipmen5_1_2_, equipment2_.name as name2_1_2_, equipment2_.serial as serial3_1_2_, equipment2_.status as status4_1_2_, equipmentt3_.equipmentTypeId as equipmen1_2_3_, equipmentt3_.typeCode as typeCode2_2_3_, equipmentt3_.typeName as typeName3_2_3_ from Reservation reservatio0_ left outer join employee employee1_ on reservatio0_.employeeKey=employee1_.employeeKey left outer join Equipment equipment2_ on reservatio0_.equipmentId=equipment2_.equipmentId left outer join Equipmenttype equipmentt3_ on equipment2_.equipmentTypeId=equipmentt3_.equipmentTypeId where reservatio0_.reservationId=?
12:43:42.409 [main] DEBUG org.hibernate.loader.plan.build.internal.spaces.QuerySpacesImpl - Adding QuerySpace : uid = <gen:0> -> org.hibernate.loader.plan.build.internal.spaces.EntityQuerySpaceImpl@66dbc869]
12:43:42.409 [main] DEBUG org.hibernate.persister.walking.spi.MetamodelGraphWalker - Visiting attribute path : dateReturn
12:43:42.409 [main] DEBUG org.hibernate.persister.walking.spi.MetamodelGraphWalker - Visiting attribute path : dateTake
12:43:42.409 [main] DEBUG org.hibernate.persister.walking.spi.MetamodelGraphWalker - Visiting attribute path : employee
12:43:42.409 [main] DEBUG org.hibernate.loader.plan.build.internal.spaces.QuerySpacesImpl - Adding QuerySpace : uid = <gen:1> -> org.hibernate.loader.plan.build.internal.spaces.EntityQuerySpaceImpl@3aca294f]
12:43:42.409 [main] DEBUG org.hibernate.persister.walking.spi.MetamodelGraphWalker - Visiting attribute path : employee.employeeId
12:43:42.409 [main] DEBUG org.hibernate.persister.walking.spi.MetamodelGraphWalker - Visiting attribute path : employee.name
12:43:42.409 [main] DEBUG org.hibernate.persister.walking.spi.MetamodelGraphWalker - Visiting attribute path : equipment
12:43:42.410 [main] DEBUG org.hibernate.loader.plan.build.internal.spaces.QuerySpacesImpl - Adding QuerySpace : uid = <gen:2> -> org.hibernate.loader.plan.build.internal.spaces.EntityQuerySpaceImpl@2dcf9891]
12:43:42.410 [main] DEBUG org.hibernate.persister.walking.spi.MetamodelGraphWalker - Visiting attribute path : equipment.equipmenttype
12:43:42.410 [main] DEBUG org.hibernate.loader.plan.build.internal.spaces.QuerySpacesImpl - Adding QuerySpace : uid = <gen:3> -> org.hibernate.loader.plan.build.internal.spaces.EntityQuerySpaceImpl@6e32f9ae]
12:43:42.410 [main] DEBUG org.hibernate.persister.walking.spi.MetamodelGraphWalker - Visiting attribute path : equipment.equipmenttype.typeCode
12:43:42.410 [main] DEBUG org.hibernate.persister.walking.spi.MetamodelGraphWalker - Visiting attribute path : equipment.equipmenttype.typeName
12:43:42.410 [main] DEBUG org.hibernate.persister.walking.spi.MetamodelGraphWalker - Visiting attribute path : equipment.name
12:43:42.410 [main] DEBUG org.hibernate.persister.walking.spi.MetamodelGraphWalker - Visiting attribute path : equipment.serial
12:43:42.410 [main] DEBUG org.hibernate.persister.walking.spi.MetamodelGraphWalker - Visiting attribute path : equipment.status
12:43:42.410 [main] DEBUG org.hibernate.persister.walking.spi.MetamodelGraphWalker - Visiting attribute path : reservationType
12:43:42.410 [main] DEBUG org.hibernate.loader.plan.build.internal.FetchStyleLoadPlanBuildingAssociationVisitationStrategy - Building LoadPlan...
12:43:42.410 [main] DEBUG org.hibernate.loader.plan.exec.internal.LoadQueryJoinAndFetchProcessor - processing queryspace <gen:0>
12:43:42.410 [main] DEBUG org.hibernate.loader.plan.build.spi.LoadPlanTreePrinter - LoadPlan(entity=model.Reservation)
    - Returns
       - EntityReturnImpl(entity=model.Reservation, querySpaceUid=<gen:0>, path=model.Reservation)
          - EntityAttributeFetchImpl(entity=model.Employee, querySpaceUid=<gen:1>, path=model.Reservation.employee)
          - EntityAttributeFetchImpl(entity=model.Equipment, querySpaceUid=<gen:2>, path=model.Reservation.equipment)
             - EntityAttributeFetchImpl(entity=model.Equipmenttype, querySpaceUid=<gen:3>, path=model.Reservation.equipment.equipmenttype)
    - QuerySpaces
       - EntityQuerySpaceImpl(uid=<gen:0>, entity=model.Reservation)
          - SQL table alias mapping - reservatio0_
          - alias suffix - 0_
          - suffixed key columns - {reservat1_3_0_}
          - JOIN (JoinDefinedByMetadata(employee)) : <gen:0> -> <gen:1>
             - EntityQuerySpaceImpl(uid=<gen:1>, entity=model.Employee)
                - SQL table alias mapping - employee1_
                - alias suffix - 1_
                - suffixed key columns - {employee1_0_1_}
          - JOIN (JoinDefinedByMetadata(equipment)) : <gen:0> -> <gen:2>
             - EntityQuerySpaceImpl(uid=<gen:2>, entity=model.Equipment)
                - SQL table alias mapping - equipment2_
                - alias suffix - 2_
                - suffixed key columns - {equipmen1_1_2_}
                - JOIN (JoinDefinedByMetadata(equipmenttype)) : <gen:2> -> <gen:3>
                   - EntityQuerySpaceImpl(uid=<gen:3>, entity=model.Equipmenttype)
                      - SQL table alias mapping - equipmentt3_
                      - alias suffix - 3_
                      - suffixed key columns - {equipmen1_2_3_}

12:43:42.410 [main] DEBUG org.hibernate.loader.entity.plan.EntityLoader - Static select for entity model.Reservation [READ]: select reservatio0_.reservationId as reservat1_3_0_, reservatio0_.date_return as date_ret2_3_0_, reservatio0_.date_take as date_tak3_3_0_, reservatio0_.employeeKey as employee5_3_0_, reservatio0_.equipmentId as equipmen6_3_0_, reservatio0_.reservationType as reservat4_3_0_, employee1_.employeeKey as employee1_0_1_, employee1_.employeeId as employee2_0_1_, employee1_.name as name3_0_1_, equipment2_.equipmentId as equipmen1_1_2_, equipment2_.equipmentTypeId as equipmen5_1_2_, equipment2_.name as name2_1_2_, equipment2_.serial as serial3_1_2_, equipment2_.status as status4_1_2_, equipmentt3_.equipmentTypeId as equipmen1_2_3_, equipmentt3_.typeCode as typeCode2_2_3_, equipmentt3_.typeName as typeName3_2_3_ from Reservation reservatio0_ left outer join employee employee1_ on reservatio0_.employeeKey=employee1_.employeeKey left outer join Equipment equipment2_ on reservatio0_.equipmentId=equipment2_.equipmentId left outer join Equipmenttype equipmentt3_ on equipment2_.equipmentTypeId=equipmentt3_.equipmentTypeId where reservatio0_.reservationId=?
12:43:42.410 [main] DEBUG org.hibernate.loader.plan.build.internal.spaces.QuerySpacesImpl - Adding QuerySpace : uid = <gen:0> -> org.hibernate.loader.plan.build.internal.spaces.EntityQuerySpaceImpl@5678bcf2]
12:43:42.410 [main] DEBUG org.hibernate.persister.walking.spi.MetamodelGraphWalker - Visiting attribute path : dateReturn
12:43:42.410 [main] DEBUG org.hibernate.persister.walking.spi.MetamodelGraphWalker - Visiting attribute path : dateTake
12:43:42.410 [main] DEBUG org.hibernate.persister.walking.spi.MetamodelGraphWalker - Visiting attribute path : employee
12:43:42.410 [main] DEBUG org.hibernate.loader.plan.build.internal.spaces.QuerySpacesImpl - Adding QuerySpace : uid = <gen:1> -> org.hibernate.loader.plan.build.internal.spaces.EntityQuerySpaceImpl@632b3aa4]
12:43:42.410 [main] DEBUG org.hibernate.persister.walking.spi.MetamodelGraphWalker - Visiting attribute path : equipment
12:43:42.410 [main] DEBUG org.hibernate.loader.plan.build.internal.spaces.QuerySpacesImpl - Adding QuerySpace : uid = <gen:2> -> org.hibernate.loader.plan.build.internal.spaces.EntityQuerySpaceImpl@7127a759]
12:43:42.410 [main] DEBUG org.hibernate.persister.walking.spi.MetamodelGraphWalker - Visiting attribute path : reservationType
12:43:42.410 [main] DEBUG org.hibernate.loader.plan.build.internal.FetchStyleLoadPlanBuildingAssociationVisitationStrategy - Building LoadPlan...
12:43:42.410 [main] DEBUG org.hibernate.loader.plan.exec.internal.LoadQueryJoinAndFetchProcessor - processing queryspace <gen:0>
12:43:42.410 [main] DEBUG org.hibernate.loader.plan.build.spi.LoadPlanTreePrinter - LoadPlan(entity=model.Reservation)
    - Returns
       - EntityReturnImpl(entity=model.Reservation, querySpaceUid=<gen:0>, path=model.Reservation)
          - EntityAttributeFetchImpl(entity=model.Employee, querySpaceUid=<gen:1>, path=model.Reservation.employee)
          - EntityAttributeFetchImpl(entity=model.Equipment, querySpaceUid=<gen:2>, path=model.Reservation.equipment)
    - QuerySpaces
       - EntityQuerySpaceImpl(uid=<gen:0>, entity=model.Reservation)
          - SQL table alias mapping - reservatio0_
          - alias suffix - 0_
          - suffixed key columns - {reservat1_3_0_}

12:43:42.410 [main] DEBUG org.hibernate.loader.entity.plan.EntityLoader - Static select for entity model.Reservation [UPGRADE]: select reservatio0_.reservationId as reservat1_3_0_, reservatio0_.date_return as date_ret2_3_0_, reservatio0_.date_take as date_tak3_3_0_, reservatio0_.employeeKey as employee5_3_0_, reservatio0_.equipmentId as equipmen6_3_0_, reservatio0_.reservationType as reservat4_3_0_ from Reservation reservatio0_ where reservatio0_.reservationId=? for update
12:43:42.410 [main] DEBUG org.hibernate.loader.plan.build.internal.spaces.QuerySpacesImpl - Adding QuerySpace : uid = <gen:0> -> org.hibernate.loader.plan.build.internal.spaces.EntityQuerySpaceImpl@62ab0aa3]
12:43:42.410 [main] DEBUG org.hibernate.persister.walking.spi.MetamodelGraphWalker - Visiting attribute path : dateReturn
12:43:42.410 [main] DEBUG org.hibernate.persister.walking.spi.MetamodelGraphWalker - Visiting attribute path : dateTake
12:43:42.410 [main] DEBUG org.hibernate.persister.walking.spi.MetamodelGraphWalker - Visiting attribute path : employee
12:43:42.410 [main] DEBUG org.hibernate.loader.plan.build.internal.spaces.QuerySpacesImpl - Adding QuerySpace : uid = <gen:1> -> org.hibernate.loader.plan.build.internal.spaces.EntityQuerySpaceImpl@28cccc20]
12:43:42.410 [main] DEBUG org.hibernate.persister.walking.spi.MetamodelGraphWalker - Visiting attribute path : equipment
12:43:42.410 [main] DEBUG org.hibernate.loader.plan.build.internal.spaces.QuerySpacesImpl - Adding QuerySpace : uid = <gen:2> -> org.hibernate.loader.plan.build.internal.spaces.EntityQuerySpaceImpl@641dab0f]
12:43:42.410 [main] DEBUG org.hibernate.persister.walking.spi.MetamodelGraphWalker - Visiting attribute path : reservationType
12:43:42.410 [main] DEBUG org.hibernate.loader.plan.build.internal.FetchStyleLoadPlanBuildingAssociationVisitationStrategy - Building LoadPlan...
12:43:42.410 [main] DEBUG org.hibernate.loader.plan.exec.internal.LoadQueryJoinAndFetchProcessor - processing queryspace <gen:0>
12:43:42.410 [main] DEBUG org.hibernate.loader.plan.build.spi.LoadPlanTreePrinter - LoadPlan(entity=model.Reservation)
    - Returns
       - EntityReturnImpl(entity=model.Reservation, querySpaceUid=<gen:0>, path=model.Reservation)
          - EntityAttributeFetchImpl(entity=model.Employee, querySpaceUid=<gen:1>, path=model.Reservation.employee)
          - EntityAttributeFetchImpl(entity=model.Equipment, querySpaceUid=<gen:2>, path=model.Reservation.equipment)
    - QuerySpaces
       - EntityQuerySpaceImpl(uid=<gen:0>, entity=model.Reservation)
          - SQL table alias mapping - reservatio0_
          - alias suffix - 0_
          - suffixed key columns - {reservat1_3_0_}

12:43:42.410 [main] DEBUG org.hibernate.loader.entity.plan.EntityLoader - Static select for entity model.Reservation [UPGRADE_NOWAIT]: select reservatio0_.reservationId as reservat1_3_0_, reservatio0_.date_return as date_ret2_3_0_, reservatio0_.date_take as date_tak3_3_0_, reservatio0_.employeeKey as employee5_3_0_, reservatio0_.equipmentId as equipmen6_3_0_, reservatio0_.reservationType as reservat4_3_0_ from Reservation reservatio0_ where reservatio0_.reservationId=? for update
12:43:42.410 [main] DEBUG org.hibernate.loader.plan.build.internal.spaces.QuerySpacesImpl - Adding QuerySpace : uid = <gen:0> -> org.hibernate.loader.plan.build.internal.spaces.EntityQuerySpaceImpl@5e594b3d]
12:43:42.410 [main] DEBUG org.hibernate.persister.walking.spi.MetamodelGraphWalker - Visiting attribute path : dateReturn
12:43:42.410 [main] DEBUG org.hibernate.persister.walking.spi.MetamodelGraphWalker - Visiting attribute path : dateTake
12:43:42.410 [main] DEBUG org.hibernate.persister.walking.spi.MetamodelGraphWalker - Visiting attribute path : employee
12:43:42.410 [main] DEBUG org.hibernate.loader.plan.build.internal.spaces.QuerySpacesImpl - Adding QuerySpace : uid = <gen:1> -> org.hibernate.loader.plan.build.internal.spaces.EntityQuerySpaceImpl@43372cad]
12:43:42.410 [main] DEBUG org.hibernate.persister.walking.spi.MetamodelGraphWalker - Visiting attribute path : equipment
12:43:42.410 [main] DEBUG org.hibernate.loader.plan.build.internal.spaces.QuerySpacesImpl - Adding QuerySpace : uid = <gen:2> -> org.hibernate.loader.plan.build.internal.spaces.EntityQuerySpaceImpl@4afba217]
12:43:42.410 [main] DEBUG org.hibernate.persister.walking.spi.MetamodelGraphWalker - Visiting attribute path : reservationType
12:43:42.410 [main] DEBUG org.hibernate.loader.plan.build.internal.FetchStyleLoadPlanBuildingAssociationVisitationStrategy - Building LoadPlan...
12:43:42.410 [main] DEBUG org.hibernate.loader.plan.exec.internal.LoadQueryJoinAndFetchProcessor - processing queryspace <gen:0>
12:43:42.410 [main] DEBUG org.hibernate.loader.plan.build.spi.LoadPlanTreePrinter - LoadPlan(entity=model.Reservation)
    - Returns
       - EntityReturnImpl(entity=model.Reservation, querySpaceUid=<gen:0>, path=model.Reservation)
          - EntityAttributeFetchImpl(entity=model.Employee, querySpaceUid=<gen:1>, path=model.Reservation.employee)
          - EntityAttributeFetchImpl(entity=model.Equipment, querySpaceUid=<gen:2>, path=model.Reservation.equipment)
    - QuerySpaces
       - EntityQuerySpaceImpl(uid=<gen:0>, entity=model.Reservation)
          - SQL table alias mapping - reservatio0_
          - alias suffix - 0_
          - suffixed key columns - {reservat1_3_0_}

12:43:42.410 [main] DEBUG org.hibernate.loader.entity.plan.EntityLoader - Static select for entity model.Reservation [UPGRADE_SKIPLOCKED]: select reservatio0_.reservationId as reservat1_3_0_, reservatio0_.date_return as date_ret2_3_0_, reservatio0_.date_take as date_tak3_3_0_, reservatio0_.employeeKey as employee5_3_0_, reservatio0_.equipmentId as equipmen6_3_0_, reservatio0_.reservationType as reservat4_3_0_ from Reservation reservatio0_ where reservatio0_.reservationId=? for update
12:43:42.410 [main] DEBUG org.hibernate.loader.plan.build.internal.spaces.QuerySpacesImpl - Adding QuerySpace : uid = <gen:0> -> org.hibernate.loader.plan.build.internal.spaces.EntityQuerySpaceImpl@5eef08d6]
12:43:42.410 [main] DEBUG org.hibernate.persister.walking.spi.MetamodelGraphWalker - Visiting attribute path : dateReturn
12:43:42.410 [main] DEBUG org.hibernate.persister.walking.spi.MetamodelGraphWalker - Visiting attribute path : dateTake
12:43:42.410 [main] DEBUG org.hibernate.persister.walking.spi.MetamodelGraphWalker - Visiting attribute path : employee
12:43:42.410 [main] DEBUG org.hibernate.loader.plan.build.internal.spaces.QuerySpacesImpl - Adding QuerySpace : uid = <gen:1> -> org.hibernate.loader.plan.build.internal.spaces.EntityQuerySpaceImpl@b5b2c33]
12:43:42.410 [main] DEBUG org.hibernate.persister.walking.spi.MetamodelGraphWalker - Visiting attribute path : equipment
12:43:42.410 [main] DEBUG org.hibernate.loader.plan.build.internal.spaces.QuerySpacesImpl - Adding QuerySpace : uid = <gen:2> -> org.hibernate.loader.plan.build.internal.spaces.EntityQuerySpaceImpl@1c27cc55]
12:43:42.410 [main] DEBUG org.hibernate.persister.walking.spi.MetamodelGraphWalker - Visiting attribute path : reservationType
12:43:42.410 [main] DEBUG org.hibernate.loader.plan.build.internal.FetchStyleLoadPlanBuildingAssociationVisitationStrategy - Building LoadPlan...
12:43:42.410 [main] DEBUG org.hibernate.loader.plan.exec.internal.LoadQueryJoinAndFetchProcessor - processing queryspace <gen:0>
12:43:42.410 [main] DEBUG org.hibernate.loader.plan.build.spi.LoadPlanTreePrinter - LoadPlan(entity=model.Reservation)
    - Returns
       - EntityReturnImpl(entity=model.Reservation, querySpaceUid=<gen:0>, path=model.Reservation)
          - EntityAttributeFetchImpl(entity=model.Employee, querySpaceUid=<gen:1>, path=model.Reservation.employee)
          - EntityAttributeFetchImpl(entity=model.Equipment, querySpaceUid=<gen:2>, path=model.Reservation.equipment)
    - QuerySpaces
       - EntityQuerySpaceImpl(uid=<gen:0>, entity=model.Reservation)
          - SQL table alias mapping - reservatio0_
          - alias suffix - 0_
          - suffixed key columns - {reservat1_3_0_}

12:43:42.410 [main] DEBUG org.hibernate.loader.entity.plan.EntityLoader - Static select for entity model.Reservation [FORCE]: select reservatio0_.reservationId as reservat1_3_0_, reservatio0_.date_return as date_ret2_3_0_, reservatio0_.date_take as date_tak3_3_0_, reservatio0_.employeeKey as employee5_3_0_, reservatio0_.equipmentId as equipmen6_3_0_, reservatio0_.reservationType as reservat4_3_0_ from Reservation reservatio0_ where reservatio0_.reservationId=? for update
12:43:42.410 [main] DEBUG org.hibernate.loader.plan.build.internal.spaces.QuerySpacesImpl - Adding QuerySpace : uid = <gen:0> -> org.hibernate.loader.plan.build.internal.spaces.EntityQuerySpaceImpl@3aa8debf]
12:43:42.410 [main] DEBUG org.hibernate.persister.walking.spi.MetamodelGraphWalker - Visiting attribute path : dateReturn
12:43:42.410 [main] DEBUG org.hibernate.persister.walking.spi.MetamodelGraphWalker - Visiting attribute path : dateTake
12:43:42.410 [main] DEBUG org.hibernate.persister.walking.spi.MetamodelGraphWalker - Visiting attribute path : employee
12:43:42.410 [main] DEBUG org.hibernate.loader.plan.build.internal.spaces.QuerySpacesImpl - Adding QuerySpace : uid = <gen:1> -> org.hibernate.loader.plan.build.internal.spaces.EntityQuerySpaceImpl@fc8d4f]
12:43:42.410 [main] DEBUG org.hibernate.persister.walking.spi.MetamodelGraphWalker - Visiting attribute path : equipment
12:43:42.410 [main] DEBUG org.hibernate.loader.plan.build.internal.spaces.QuerySpacesImpl - Adding QuerySpace : uid = <gen:2> -> org.hibernate.loader.plan.build.internal.spaces.EntityQuerySpaceImpl@229bac61]
12:43:42.410 [main] DEBUG org.hibernate.persister.walking.spi.MetamodelGraphWalker - Visiting attribute path : reservationType
12:43:42.410 [main] DEBUG org.hibernate.loader.plan.build.internal.FetchStyleLoadPlanBuildingAssociationVisitationStrategy - Building LoadPlan...
12:43:42.410 [main] DEBUG org.hibernate.loader.plan.exec.internal.LoadQueryJoinAndFetchProcessor - processing queryspace <gen:0>
12:43:42.410 [main] DEBUG org.hibernate.loader.plan.build.spi.LoadPlanTreePrinter - LoadPlan(entity=model.Reservation)
    - Returns
       - EntityReturnImpl(entity=model.Reservation, querySpaceUid=<gen:0>, path=model.Reservation)
          - EntityAttributeFetchImpl(entity=model.Employee, querySpaceUid=<gen:1>, path=model.Reservation.employee)
          - EntityAttributeFetchImpl(entity=model.Equipment, querySpaceUid=<gen:2>, path=model.Reservation.equipment)
    - QuerySpaces
       - EntityQuerySpaceImpl(uid=<gen:0>, entity=model.Reservation)
          - SQL table alias mapping - reservatio0_
          - alias suffix - 0_
          - suffixed key columns - {reservat1_3_0_}

12:43:42.410 [main] DEBUG org.hibernate.loader.entity.plan.EntityLoader - Static select for entity model.Reservation [PESSIMISTIC_READ]: select reservatio0_.reservationId as reservat1_3_0_, reservatio0_.date_return as date_ret2_3_0_, reservatio0_.date_take as date_tak3_3_0_, reservatio0_.employeeKey as employee5_3_0_, reservatio0_.equipmentId as equipmen6_3_0_, reservatio0_.reservationType as reservat4_3_0_ from Reservation reservatio0_ where reservatio0_.reservationId=? lock in share mode
12:43:42.410 [main] DEBUG org.hibernate.loader.plan.build.internal.spaces.QuerySpacesImpl - Adding QuerySpace : uid = <gen:0> -> org.hibernate.loader.plan.build.internal.spaces.EntityQuerySpaceImpl@5ebad3ab]
12:43:42.410 [main] DEBUG org.hibernate.persister.walking.spi.MetamodelGraphWalker - Visiting attribute path : dateReturn
12:43:42.410 [main] DEBUG org.hibernate.persister.walking.spi.MetamodelGraphWalker - Visiting attribute path : dateTake
12:43:42.410 [main] DEBUG org.hibernate.persister.walking.spi.MetamodelGraphWalker - Visiting attribute path : employee
12:43:42.410 [main] DEBUG org.hibernate.loader.plan.build.internal.spaces.QuerySpacesImpl - Adding QuerySpace : uid = <gen:1> -> org.hibernate.loader.plan.build.internal.spaces.EntityQuerySpaceImpl@48e2af17]
12:43:42.410 [main] DEBUG org.hibernate.persister.walking.spi.MetamodelGraphWalker - Visiting attribute path : equipment
12:43:42.410 [main] DEBUG org.hibernate.loader.plan.build.internal.spaces.QuerySpacesImpl - Adding QuerySpace : uid = <gen:2> -> org.hibernate.loader.plan.build.internal.spaces.EntityQuerySpaceImpl@37e5face]
12:43:42.410 [main] DEBUG org.hibernate.persister.walking.spi.MetamodelGraphWalker - Visiting attribute path : reservationType
12:43:42.410 [main] DEBUG org.hibernate.loader.plan.build.internal.FetchStyleLoadPlanBuildingAssociationVisitationStrategy - Building LoadPlan...
12:43:42.410 [main] DEBUG org.hibernate.loader.plan.exec.internal.LoadQueryJoinAndFetchProcessor - processing queryspace <gen:0>
12:43:42.410 [main] DEBUG org.hibernate.loader.plan.build.spi.LoadPlanTreePrinter - LoadPlan(entity=model.Reservation)
    - Returns
       - EntityReturnImpl(entity=model.Reservation, querySpaceUid=<gen:0>, path=model.Reservation)
          - EntityAttributeFetchImpl(entity=model.Employee, querySpaceUid=<gen:1>, path=model.Reservation.employee)
          - EntityAttributeFetchImpl(entity=model.Equipment, querySpaceUid=<gen:2>, path=model.Reservation.equipment)
    - QuerySpaces
       - EntityQuerySpaceImpl(uid=<gen:0>, entity=model.Reservation)
          - SQL table alias mapping - reservatio0_
          - alias suffix - 0_
          - suffixed key columns - {reservat1_3_0_}

12:43:42.410 [main] DEBUG org.hibernate.loader.entity.plan.EntityLoader - Static select for entity model.Reservation [PESSIMISTIC_WRITE]: select reservatio0_.reservationId as reservat1_3_0_, reservatio0_.date_return as date_ret2_3_0_, reservatio0_.date_take as date_tak3_3_0_, reservatio0_.employeeKey as employee5_3_0_, reservatio0_.equipmentId as equipmen6_3_0_, reservatio0_.reservationType as reservat4_3_0_ from Reservation reservatio0_ where reservatio0_.reservationId=? for update
12:43:42.410 [main] DEBUG org.hibernate.loader.plan.build.internal.spaces.QuerySpacesImpl - Adding QuerySpace : uid = <gen:0> -> org.hibernate.loader.plan.build.internal.spaces.EntityQuerySpaceImpl@3f4a4012]
12:43:42.410 [main] DEBUG org.hibernate.persister.walking.spi.MetamodelGraphWalker - Visiting attribute path : dateReturn
12:43:42.410 [main] DEBUG org.hibernate.persister.walking.spi.MetamodelGraphWalker - Visiting attribute path : dateTake
12:43:42.410 [main] DEBUG org.hibernate.persister.walking.spi.MetamodelGraphWalker - Visiting attribute path : employee
12:43:42.410 [main] DEBUG org.hibernate.loader.plan.build.internal.spaces.QuerySpacesImpl - Adding QuerySpace : uid = <gen:1> -> org.hibernate.loader.plan.build.internal.spaces.EntityQuerySpaceImpl@48feb042]
12:43:42.410 [main] DEBUG org.hibernate.persister.walking.spi.MetamodelGraphWalker - Visiting attribute path : equipment
12:43:42.410 [main] DEBUG org.hibernate.loader.plan.build.internal.spaces.QuerySpacesImpl - Adding QuerySpace : uid = <gen:2> -> org.hibernate.loader.plan.build.internal.spaces.EntityQuerySpaceImpl@50550019]
12:43:42.410 [main] DEBUG org.hibernate.persister.walking.spi.MetamodelGraphWalker - Visiting attribute path : reservationType
12:43:42.410 [main] DEBUG org.hibernate.loader.plan.build.internal.FetchStyleLoadPlanBuildingAssociationVisitationStrategy - Building LoadPlan...
12:43:42.410 [main] DEBUG org.hibernate.loader.plan.exec.internal.LoadQueryJoinAndFetchProcessor - processing queryspace <gen:0>
12:43:42.410 [main] DEBUG org.hibernate.loader.plan.build.spi.LoadPlanTreePrinter - LoadPlan(entity=model.Reservation)
    - Returns
       - EntityReturnImpl(entity=model.Reservation, querySpaceUid=<gen:0>, path=model.Reservation)
          - EntityAttributeFetchImpl(entity=model.Employee, querySpaceUid=<gen:1>, path=model.Reservation.employee)
          - EntityAttributeFetchImpl(entity=model.Equipment, querySpaceUid=<gen:2>, path=model.Reservation.equipment)
    - QuerySpaces
       - EntityQuerySpaceImpl(uid=<gen:0>, entity=model.Reservation)
          - SQL table alias mapping - reservatio0_
          - alias suffix - 0_
          - suffixed key columns - {reservat1_3_0_}

12:43:42.410 [main] DEBUG org.hibernate.loader.entity.plan.EntityLoader - Static select for entity model.Reservation [PESSIMISTIC_FORCE_INCREMENT]: select reservatio0_.reservationId as reservat1_3_0_, reservatio0_.date_return as date_ret2_3_0_, reservatio0_.date_take as date_tak3_3_0_, reservatio0_.employeeKey as employee5_3_0_, reservatio0_.equipmentId as equipmen6_3_0_, reservatio0_.reservationType as reservat4_3_0_ from Reservation reservatio0_ where reservatio0_.reservationId=? for update
12:43:42.410 [main] DEBUG org.hibernate.loader.plan.build.internal.spaces.QuerySpacesImpl - Adding QuerySpace : uid = <gen:0> -> org.hibernate.loader.plan.build.internal.spaces.EntityQuerySpaceImpl@3d7280d1]
12:43:42.410 [main] DEBUG org.hibernate.persister.walking.spi.MetamodelGraphWalker - Visiting attribute path : dateReturn
12:43:42.410 [main] DEBUG org.hibernate.persister.walking.spi.MetamodelGraphWalker - Visiting attribute path : dateTake
12:43:42.410 [main] DEBUG org.hibernate.persister.walking.spi.MetamodelGraphWalker - Visiting attribute path : employee
12:43:42.410 [main] DEBUG org.hibernate.loader.plan.build.internal.spaces.QuerySpacesImpl - Adding QuerySpace : uid = <gen:1> -> org.hibernate.loader.plan.build.internal.spaces.EntityQuerySpaceImpl@5ca99642]
12:43:42.410 [main] DEBUG org.hibernate.persister.walking.spi.MetamodelGraphWalker - Visiting attribute path : equipment
12:43:42.410 [main] DEBUG org.hibernate.loader.plan.build.internal.spaces.QuerySpacesImpl - Adding QuerySpace : uid = <gen:2> -> org.hibernate.loader.plan.build.internal.spaces.EntityQuerySpaceImpl@24841006]
12:43:42.410 [main] DEBUG org.hibernate.persister.walking.spi.MetamodelGraphWalker - Visiting attribute path : reservationType
12:43:42.410 [main] DEBUG org.hibernate.loader.plan.build.internal.FetchStyleLoadPlanBuildingAssociationVisitationStrategy - Building LoadPlan...
12:43:42.410 [main] DEBUG org.hibernate.loader.plan.exec.internal.LoadQueryJoinAndFetchProcessor - processing queryspace <gen:0>
12:43:42.410 [main] DEBUG org.hibernate.loader.plan.build.spi.LoadPlanTreePrinter - LoadPlan(entity=model.Reservation)
    - Returns
       - EntityReturnImpl(entity=model.Reservation, querySpaceUid=<gen:0>, path=model.Reservation)
          - EntityAttributeFetchImpl(entity=model.Employee, querySpaceUid=<gen:1>, path=model.Reservation.employee)
          - EntityAttributeFetchImpl(entity=model.Equipment, querySpaceUid=<gen:2>, path=model.Reservation.equipment)
    - QuerySpaces
       - EntityQuerySpaceImpl(uid=<gen:0>, entity=model.Reservation)
          - SQL table alias mapping - reservatio0_
          - alias suffix - 0_
          - suffixed key columns - {reservat1_3_0_}

12:43:42.410 [main] DEBUG org.hibernate.loader.entity.plan.EntityLoader - Static select for entity model.Reservation [OPTIMISTIC]: select reservatio0_.reservationId as reservat1_3_0_, reservatio0_.date_return as date_ret2_3_0_, reservatio0_.date_take as date_tak3_3_0_, reservatio0_.employeeKey as employee5_3_0_, reservatio0_.equipmentId as equipmen6_3_0_, reservatio0_.reservationType as reservat4_3_0_ from Reservation reservatio0_ where reservatio0_.reservationId=?
12:43:42.410 [main] DEBUG org.hibernate.loader.plan.build.internal.spaces.QuerySpacesImpl - Adding QuerySpace : uid = <gen:0> -> org.hibernate.loader.plan.build.internal.spaces.EntityQuerySpaceImpl@dd9784f]
12:43:42.410 [main] DEBUG org.hibernate.persister.walking.spi.MetamodelGraphWalker - Visiting attribute path : dateReturn
12:43:42.410 [main] DEBUG org.hibernate.persister.walking.spi.MetamodelGraphWalker - Visiting attribute path : dateTake
12:43:42.410 [main] DEBUG org.hibernate.persister.walking.spi.MetamodelGraphWalker - Visiting attribute path : employee
12:43:42.410 [main] DEBUG org.hibernate.loader.plan.build.internal.spaces.QuerySpacesImpl - Adding QuerySpace : uid = <gen:1> -> org.hibernate.loader.plan.build.internal.spaces.EntityQuerySpaceImpl@3e2d9347]
12:43:42.410 [main] DEBUG org.hibernate.persister.walking.spi.MetamodelGraphWalker - Visiting attribute path : equipment
12:43:42.410 [main] DEBUG org.hibernate.loader.plan.build.internal.spaces.QuerySpacesImpl - Adding QuerySpace : uid = <gen:2> -> org.hibernate.loader.plan.build.internal.spaces.EntityQuerySpaceImpl@3aadb0a4]
12:43:42.410 [main] DEBUG org.hibernate.persister.walking.spi.MetamodelGraphWalker - Visiting attribute path : reservationType
12:43:42.410 [main] DEBUG org.hibernate.loader.plan.build.internal.FetchStyleLoadPlanBuildingAssociationVisitationStrategy - Building LoadPlan...
12:43:42.410 [main] DEBUG org.hibernate.loader.plan.exec.internal.LoadQueryJoinAndFetchProcessor - processing queryspace <gen:0>
12:43:42.410 [main] DEBUG org.hibernate.loader.plan.build.spi.LoadPlanTreePrinter - LoadPlan(entity=model.Reservation)
    - Returns
       - EntityReturnImpl(entity=model.Reservation, querySpaceUid=<gen:0>, path=model.Reservation)
          - EntityAttributeFetchImpl(entity=model.Employee, querySpaceUid=<gen:1>, path=model.Reservation.employee)
          - EntityAttributeFetchImpl(entity=model.Equipment, querySpaceUid=<gen:2>, path=model.Reservation.equipment)
    - QuerySpaces
       - EntityQuerySpaceImpl(uid=<gen:0>, entity=model.Reservation)
          - SQL table alias mapping - reservatio0_
          - alias suffix - 0_
          - suffixed key columns - {reservat1_3_0_}

12:43:42.411 [main] DEBUG org.hibernate.loader.entity.plan.EntityLoader - Static select for entity model.Reservation [OPTIMISTIC_FORCE_INCREMENT]: select reservatio0_.reservationId as reservat1_3_0_, reservatio0_.date_return as date_ret2_3_0_, reservatio0_.date_take as date_tak3_3_0_, reservatio0_.employeeKey as employee5_3_0_, reservatio0_.equipmentId as equipmen6_3_0_, reservatio0_.reservationType as reservat4_3_0_ from Reservation reservatio0_ where reservatio0_.reservationId=?
12:43:42.411 [main] DEBUG org.hibernate.loader.Loader - Static select for action ACTION_MERGE on entity model.Reservation: select reservatio0_.reservationId as reservat1_3_0_, reservatio0_.date_return as date_ret2_3_0_, reservatio0_.date_take as date_tak3_3_0_, reservatio0_.employeeKey as employee5_3_0_, reservatio0_.equipmentId as equipmen6_3_0_, reservatio0_.reservationType as reservat4_3_0_ from Reservation reservatio0_ where reservatio0_.reservationId=?
12:43:42.411 [main] DEBUG org.hibernate.loader.Loader - Static select for action ACTION_REFRESH on entity model.Reservation: select reservatio0_.reservationId as reservat1_3_0_, reservatio0_.date_return as date_ret2_3_0_, reservatio0_.date_take as date_tak3_3_0_, reservatio0_.employeeKey as employee5_3_0_, reservatio0_.equipmentId as equipmen6_3_0_, reservatio0_.reservationType as reservat4_3_0_ from Reservation reservatio0_ where reservatio0_.reservationId=?
12:43:42.411 [main] DEBUG org.hibernate.internal.SessionFactoryImpl - Instantiated session factory
12:43:42.411 [main] DEBUG org.hibernate.engine.transaction.jta.platform.internal.JtaPlatformInitiator - No JtaPlatform was specified, checking resolver
12:43:42.411 [main] DEBUG org.hibernate.engine.transaction.jta.platform.internal.JtaPlatformResolverInitiator - No JtaPlatformResolver was specified, using default [org.hibernate.engine.transaction.jta.platform.internal.StandardJtaPlatformResolver]
12:43:42.411 [main] DEBUG org.hibernate.engine.transaction.jta.platform.internal.StandardJtaPlatformResolver - Could not resolve JtaPlatform, using default [org.hibernate.engine.transaction.jta.platform.internal.NoJtaPlatform]
12:43:42.412 [main] DEBUG org.hibernate.internal.NamedQueryRepository - Checking 0 named HQL queries
12:43:42.412 [main] DEBUG org.hibernate.internal.NamedQueryRepository - Checking 20 named SQL queries
12:43:42.412 [main] DEBUG org.hibernate.internal.NamedQueryRepository - Checking named SQL query: Employee.findByEmployeeId
12:43:42.412 [main] DEBUG org.hibernate.internal.NamedQueryRepository - Checking named SQL query: Equipment.findEnabledByType
12:43:42.412 [main] DEBUG org.hibernate.internal.NamedQueryRepository - Checking named SQL query: Reservation.findBySerial
12:43:42.412 [main] DEBUG org.hibernate.internal.NamedQueryRepository - Checking named SQL query: Equipment.findByType
12:43:42.412 [main] DEBUG org.hibernate.internal.NamedQueryRepository - Checking named SQL query: Reservation.findOpenBySerial
12:43:42.412 [main] DEBUG org.hibernate.internal.NamedQueryRepository - Checking named SQL query: Equipment.findAll
12:43:42.412 [main] DEBUG org.hibernate.internal.NamedQueryRepository - Checking named SQL query: Equipment.findByEquipmentId
12:43:42.412 [main] DEBUG org.hibernate.internal.NamedQueryRepository - Checking named SQL query: Equipment.findAllOrderedByTypeName
12:43:42.412 [main] DEBUG org.hibernate.internal.NamedQueryRepository - Checking named SQL query: Equipmenttype.findByEquipmentTypeId
12:43:42.412 [main] DEBUG org.hibernate.internal.NamedQueryRepository - Checking named SQL query: Reservation.findByEquipmentId
12:43:42.412 [main] DEBUG org.hibernate.internal.NamedQueryRepository - Checking named SQL query: Reservation.findBySerialAndDate
12:43:42.412 [main] DEBUG org.hibernate.internal.NamedQueryRepository - Checking named SQL query: Reservation.findByType
12:43:42.412 [main] DEBUG org.hibernate.internal.NamedQueryRepository - Checking named SQL query: Employee.findAll
12:43:42.412 [main] DEBUG org.hibernate.internal.NamedQueryRepository - Checking named SQL query: Equipment.findBySerial
12:43:42.412 [main] DEBUG org.hibernate.internal.NamedQueryRepository - Checking named SQL query: Equipmenttype.findAll
12:43:42.412 [main] DEBUG org.hibernate.internal.NamedQueryRepository - Checking named SQL query: Equipmenttype.findByTypeCode
12:43:42.412 [main] DEBUG org.hibernate.internal.NamedQueryRepository - Checking named SQL query: Reservation.findOpen
12:43:42.412 [main] DEBUG org.hibernate.internal.NamedQueryRepository - Checking named SQL query: Equipmenttype.findEquipmenttypesWithEquipment
12:43:42.412 [main] DEBUG org.hibernate.internal.NamedQueryRepository - Checking named SQL query: Reservation.findOpenByEmployeeId
12:43:42.412 [main] DEBUG org.hibernate.internal.NamedQueryRepository - Checking named SQL query: Reservation.findAll
12:43:42.412 [main] DEBUG org.hibernate.internal.SessionFactoryRegistry - Registering SessionFactory: 8b39ee61-0731-4081-9fc8-40150a7eb1bc (<unnamed>)
12:43:42.412 [main] DEBUG org.hibernate.internal.SessionFactoryRegistry - Not binding SessionFactory to JNDI, no JNDI name configured
12:43:42.412 [main] DEBUG org.hibernate.jpa.internal.schemagen.JpaSchemaGenerator - No actions specified; doing nothing
12:43:42.412 [main] DEBUG org.hibernate.jpa.internal.EntityManagerFactoryRegistry - Registering EntityManagerFactory: EquipmentManager 
12:43:42.412 [main] WARN org.hibernate.jpa.internal.EntityManagerFactoryRegistry - HHH000436: Entity manager factory name (EquipmentManager) is already registered.  If entity manager will be clustered or passivated, specify a unique value for property 'hibernate.ejb.entitymanager_factory_name'
12:43:42.412 [main] DEBUG org.hibernate.internal.SessionFactoryImpl - HHH000031: Closing
12:43:42.412 [main] DEBUG org.hibernate.service.internal.AbstractServiceRegistryImpl - Implicitly destroying ServiceRegistry on de-registration of all child ServiceRegistries
12:43:42.412 [main] INFO org.hibernate.orm.connections - HHH10001008: Cleaning up connection pool [jdbc:mysql://localhost:3306/emanager_testdb]
12:43:42.413 [main] DEBUG org.hibernate.boot.registry.internal.BootstrapServiceRegistryImpl - Implicitly destroying Boot-strap registry on de-registration of all child ServiceRegistries
12:43:42.413 [main] DEBUG org.hibernate.jpa.internal.EntityManagerFactoryRegistry - Remove: name=EquipmentManager
]]></system-out>
    <system-err><![CDATA[Mon Apr 09 12:43:42 EEST 2018 WARN: Establishing SSL connection without server's identity verification is not recommended. According to MySQL 5.5.45+, 5.6.26+ and 5.7.6+ requirements SSL connection must be established by default if explicit option isn't set. For compliance with existing applications not using SSL the verifyServerCertificate property is set to 'false'. You need either to explicitly disable SSL by setting useSSL=false, or set useSSL=true and provide truststore for server certificate verification.
]]></system-err>
  </testcase>
</testsuite>